                              1 ;--------------------------------------------------------
                              2 ; File Created by SDCC : free open source ANSI-C Compiler
                              3 ; Version 3.1.0 #7066 (Jun 14 2012) (Linux)
                              4 ; This file was generated Tue Nov 27 20:21:18 2012
                              5 ;--------------------------------------------------------
                              6 	.module errors
                              7 	.optsdcc -mz80
                              8 	
                              9 ;--------------------------------------------------------
                             10 ; Public variables in this module
                             11 ;--------------------------------------------------------
                             12 	.globl _last_error
                             13 ;--------------------------------------------------------
                             14 ; special function registers
                             15 ;--------------------------------------------------------
                             16 ;--------------------------------------------------------
                             17 ;  ram data
                             18 ;--------------------------------------------------------
                             19 	.area _DATA
   0000                      20 _last_error::
   0000                      21 	.ds 1
                             22 ;--------------------------------------------------------
                             23 ; overlayable items in  ram 
                             24 ;--------------------------------------------------------
                             25 	.area _OVERLAY
                             26 ;--------------------------------------------------------
                             27 ; external initialized ram data
                             28 ;--------------------------------------------------------
                             29 ;--------------------------------------------------------
                             30 ; global & static initialisations
                             31 ;--------------------------------------------------------
                             32 	.area _HOME
                             33 	.area _GSINIT
                             34 	.area _GSFINAL
                             35 	.area _GSINIT
                             36 ;errors.c:9: result last_error = RESULT_SUCCESS; /* last error, 0 = success */
   0000 FD 21r00s00          37 	ld	iy,#_last_error
   0004 FD 36 00 00          38 	ld	0 (iy),#0x00
                             39 ;--------------------------------------------------------
                             40 ; Home
                             41 ;--------------------------------------------------------
                             42 	.area _HOME
                             43 	.area _HOME
                             44 ;--------------------------------------------------------
                             45 ; code
                             46 ;--------------------------------------------------------
                             47 	.area _CODE
                             48 	.area _CODE
                             49 	.area _CABS
