ASxxxx Assembler V02.00 + NoICE + SDCC mods + Flat24  (Zilog Z80 / Hitachi HD64180), page 1.



                              1 		;; sysfont.s
                              2 		;; system font
                              3 		;;
                              4 		;; tomaz stih, sun may 20 2012
                              5 
                              6 		.module	sysfont
                              7 
                              8 		.globl	sysfont8x8
                              9 
                             10 		.area	_CODE
   0000                      11 sysfont8x8::
   0000 00 00 00 00 00 00    12 		.db	0,   0,   0,   0,   0,   0,   0,   0 	;' '
        00 00
   0008 00 10 10 10 10 00    13 		.db	0,  16,  16,  16,  16,   0,  16,   0 	;'!'
        10 00
   0010 00 28 28 00 00 00    14 		.db	0,  40,  40,   0,   0,   0,   0,   0 	;'"'
        00 00
   0018 00 48 FC 48 48 FC    15 		.db	0,  72, 252,  72,  72, 252,  72,   0 	;'#'
        48 00
   0020 00 10 7C 90 7C 12    16 		.db	0,  16, 124, 144, 124,  18, 124,  16 	;'$'
        7C 10
   0028 00 C4 C8 10 20 4C    17 		.db	0, 196, 200,  16,  32,  76, 140,   0 	;'%'
        8C 00
   0030 00 30 48 72 8C 88    18 		.db	0,  48,  72, 114, 140, 136, 118,   0 	;'&'
        76 00
   0038 00 10 20 00 00 00    19 		.db	0,  16,  32,   0,   0,   0,   0,   0 	;'''
        00 00
   0040 00 18 20 20 20 20    20 		.db	0,  24,  32,  32,  32,  32,  24,   0 	;'('
        18 00
   0048 00 30 08 08 08 08    21 		.db	0,  48,   8,   8,   8,   8,  48,   0 	;')'
        30 00
   0050 00 00 10 54 38 28    22 		.db	0,   0,  16,  84,  56,  40,  68,   0 	;'*'
        44 00
   0058 00 00 10 10 7C 10    23 		.db	0,   0,  16,  16, 124,  16,  16,   0 	;'+'
        10 00
   0060 00 00 00 00 00 00    24 		.db	0,   0,   0,   0,   0,   0,  16,  32 	;','
        10 20
   0068 00 00 00 00 7C 00    25 		.db	0,   0,   0,   0, 124,   0,   0,   0 	;'-'
        00 00
   0070 00 00 00 00 00 00    26 		.db	0,   0,   0,   0,   0,   0,  16,   0 	;'.'
        10 00
   0078 00 04 08 10 20 40    27 		.db	0,   4,   8,  16,  32,  64, 128,   0 	;'/'
        80 00
   0080 00 7C 8A 92 A2 C2    28 		.db	0, 124, 138, 146, 162, 194, 124,   0 	;'0'
        7C 00
   0088 00 10 30 10 10 10    29 		.db	0,  16,  48,  16,  16,  16,  56,   0 	;'1'
        38 00
   0090 00 FC 02 7C 80 80    30 		.db	0, 252,   2, 124, 128, 128, 254,   0 	;'2'
        FE 00
   0098 00 FE 02 7C 02 02    31 		.db	0, 254,   2, 124,   2,   2, 252,   0 	;'3'
        FC 00
   00A0 00 18 28 48 88 FE    32 		.db	0,  24,  40,  72, 136, 254,   8,   0 	;'4'
        08 00
   00A8 00 FE 80 FC 02 02    33 		.db	0, 254, 128, 252,   2,   2, 252,   0 	;'5'
        FC 00
   00B0 00 7C 80 FC 82 82    34 		.db	0, 124, 128, 252, 130, 130, 124,   0 	;'6'
        7C 00
ASxxxx Assembler V02.00 + NoICE + SDCC mods + Flat24  (Zilog Z80 / Hitachi HD64180), page 2.



   00B8 00 FE 02 04 08 10    35 		.db	0, 254,   2,   4,   8,  16,  16,   0 	;'7'
        10 00
   00C0 00 7C 82 7C 82 82    36 		.db	0, 124, 130, 124, 130, 130, 124,   0 	;'8'
        7C 00
   00C8 00 7C 82 82 7E 02    37 		.db	0, 124, 130, 130, 126,   2, 124,   0 	;'9'
        7C 00
   00D0 00 00 00 10 00 00    38 		.db	0,   0,   0,  16,   0,   0,  16,   0 	;':'
        10 00
   00D8 00 00 00 10 00 00    39 		.db	0,   0,   0,  16,   0,   0,  16,  32 	;';'
        10 20
   00E0 00 04 08 10 20 10    40 		.db	0,   4,   8,  16,  32,  16,   8,   4 	;'<'
        08 04
   00E8 00 00 00 7C 00 7C    41 		.db	0,   0,   0, 124,   0, 124,   0,   0 	;'='
        00 00
   00F0 00 20 10 08 04 08    42 		.db	0,  32,  16,   8,   4,   8,  16,  32 	;'>'
        10 20
   00F8 00 7C 82 0C 10 00    43 		.db	0, 124, 130,  12,  16,   0,  16,   0 	;'?'
        10 00
   0100 00 7C 82 9E A2 9E    44 		.db	0, 124, 130, 158, 162, 158, 128, 124 	;'@'
        80 7C
   0108 00 38 44 82 FE 82    45 		.db	0,  56,  68, 130, 254, 130, 130,   0 	;'A'
        82 00
   0110 00 FC 82 FC 82 82    46 		.db	0, 252, 130, 252, 130, 130, 252,   0 	;'B'
        FC 00
   0118 00 7C 82 80 80 82    47 		.db	0, 124, 130, 128, 128, 130, 124,   0 	;'C'
        7C 00
   0120 00 FC 82 82 82 82    48 		.db	0, 252, 130, 130, 130, 130, 252,   0 	;'D'
        FC 00
   0128 00 FE 80 FC 80 80    49 		.db	0, 254, 128, 252, 128, 128, 254,   0 	;'E'
        FE 00
   0130 00 FE 80 FC 80 80    50 		.db	0, 254, 128, 252, 128, 128, 128,   0 	;'F'
        80 00
   0138 00 7C 82 80 8E 82    51 		.db	0, 124, 130, 128, 142, 130, 124,   0 	;'G'
        7C 00
   0140 00 82 82 FE 82 82    52 		.db	0, 130, 130, 254, 130, 130, 130,   0 	;'H'
        82 00
   0148 00 7C 10 10 10 10    53 		.db	0, 124,  16,  16,  16,  16, 124,   0 	;'I'
        7C 00
   0150 00 FC 10 10 10 10    54 		.db	0, 252,  16,  16,  16,  16, 224,   0 	;'J'
        E0 00
   0158 00 82 84 F8 84 82    55 		.db	0, 130, 132, 248, 132, 130, 130,   0 	;'K'
        82 00
   0160 00 80 80 80 80 80    56 		.db	0, 128, 128, 128, 128, 128, 254,   0 	;'L'
        FE 00
   0168 00 82 C6 AA 92 82    57 		.db	0, 130, 198, 170, 146, 130, 130,   0 	;'M'
        82 00
   0170 00 C2 A2 92 92 8A    58 		.db	0, 194, 162, 146, 146, 138, 134,   0 	;'N'
        86 00
   0178 00 7C 82 82 82 82    59 		.db	0, 124, 130, 130, 130, 130, 124,   0 	;'O'
        7C 00
   0180 00 FC 82 82 FC 80    60 		.db	0, 252, 130, 130, 252, 128, 128,   0 	;'P'
        80 00
   0188 00 7C 82 82 8A 84    61 		.db	0, 124, 130, 130, 138, 132, 122,   0 	;'Q'
        7A 00
   0190 00 FC 82 82 FC 82    62 		.db	0, 252, 130, 130, 252, 130, 130,   0 	;'R'
        82 00
ASxxxx Assembler V02.00 + NoICE + SDCC mods + Flat24  (Zilog Z80 / Hitachi HD64180), page 3.



   0198 00 7C 82 70 0C 82    63 		.db	0, 124, 130, 112,  12, 130, 124,   0 	;'S'
        7C 00
   01A0 00 FE 10 10 10 10    64 		.db	0, 254,  16,  16,  16,  16,  16,   0 	;'T'
        10 00
   01A8 00 82 82 82 82 82    65 		.db	0, 130, 130, 130, 130, 130, 124,   0 	;'U'
        7C 00
   01B0 00 82 82 44 44 28    66 		.db	0, 130, 130,  68,  68,  40,  16,   0 	;'V'
        10 00
   01B8 00 82 82 92 AA C6    67 		.db	0, 130, 130, 146, 170, 198, 130,   0 	;'W'
        82 00
   01C0 00 C6 28 10 10 28    68 		.db	0, 198,  40,  16,  16,  40, 198,   0 	;'X'
        C6 00
   01C8 00 82 44 28 10 10    69 		.db	0, 130,  68,  40,  16,  16,  16,   0 	;'Y'
        10 00
   01D0 00 FE 02 1C 60 80    70 		.db	0, 254,   2,  28,  96, 128, 254,   0 	;'Z'
        FE 00
   01D8 00 38 20 20 20 20    71 		.db	0,  56,  32,  32,  32,  32,  56,   0 	;'['
        38 00
   01E0 00 80 40 20 10 08    72 		.db	0, 128,  64,  32,  16,   8,   4,   0 	;'\'
        04 00
   01E8 00 38 08 08 08 08    73 		.db	0,  56,   8,   8,   8,   8,  56,   0 	;']'
        38 00
   01F0 00 10 28 44 00 00    74 		.db	0,  16,  40,  68,   0,   0,   0,   0 	;'^'
        00 00
   01F8 00 00 00 00 00 00    75 		.db	0,   0,   0,   0,   0,   0, 254,   0 	;'_'
        FE 00
   0200 00 20 10 00 00 00    76 		.db	0,  32,  16,   0,   0,   0,   0,   0 	;'`'
        00 00
   0208 00 00 7E 82 82 86    77 		.db	0,   0, 126, 130, 130, 134, 122,   0 	;'a'
        7A 00
   0210 00 80 FC 82 82 82    78 		.db	0, 128, 252, 130, 130, 130, 252,   0 	;'b'
        FC 00
   0218 00 00 7E 80 80 80    79 		.db	0,   0, 126, 128, 128, 128, 126,   0 	;'c'
        7E 00
   0220 00 02 7E 82 82 82    80 		.db	0,   2, 126, 130, 130, 130, 126,   0 	;'d'
        7E 00
   0228 00 00 7C 82 FE 80    81 		.db	0,   0, 124, 130, 254, 128, 124,   0 	;'e'
        7C 00
   0230 00 3C 40 78 40 40    82 		.db	0,  60,  64, 120,  64,  64,  64,   0 	;'f'
        40 00
   0238 00 00 7E 82 82 7E    83 		.db	0,   0, 126, 130, 130, 126,   2, 124 	;'g'
        02 7C
   0240 00 80 FC 82 82 82    84 		.db	0, 128, 252, 130, 130, 130, 130,   0 	;'h'
        82 00
   0248 00 10 00 10 10 10    85 		.db	0,  16,   0,  16,  16,  16,  16,   0 	;'i'
        10 00
   0250 00 10 00 10 10 10    86 		.db	0,  16,   0,  16,  16,  16,  16,  32 	;'j'
        10 20
   0258 00 40 46 58 60 58    87 		.db	0,  64,  70,  88,  96,  88,  70,   0 	;'k'
        46 00
   0260 00 20 20 20 20 20    88 		.db	0,  32,  32,  32,  32,  32,  16,   0 	;'l'
        10 00
   0268 00 00 EC 92 92 92    89 		.db	0,   0, 236, 146, 146, 146, 130,   0 	;'m'
        82 00
   0270 00 00 FC 82 82 82    90 		.db	0,   0, 252, 130, 130, 130, 130,   0 	;'n'
        82 00
ASxxxx Assembler V02.00 + NoICE + SDCC mods + Flat24  (Zilog Z80 / Hitachi HD64180), page 4.



   0278 00 00 7C 82 82 82    91 		.db	0,   0, 124, 130, 130, 130, 124,   0 	;'o'
        7C 00
   0280 00 00 FC 82 82 82    92 		.db	0,   0, 252, 130, 130, 130, 252, 128 	;'p'
        FC 80
   0288 00 00 7E 82 82 82    93 		.db	0,   0, 126, 130, 130, 130, 126,   2 	;'q'
        7E 02
   0290 00 00 BC C2 80 80    94 		.db	0,   0, 188, 194, 128, 128, 128,   0 	;'r'
        80 00
   0298 00 00 7E 80 7C 02    95 		.db	0,   0, 126, 128, 124,   2, 252,   0 	;'s'
        FC 00
   02A0 00 40 78 40 40 40    96 		.db	0,  64, 120,  64,  64,  64,  60,   0 	;'t'
        3C 00
   02A8 00 00 82 82 82 86    97 		.db	0,   0, 130, 130, 130, 134, 122,   0 	;'u'
        7A 00
   02B0 00 00 82 82 44 28    98 		.db	0,   0, 130, 130,  68,  40,  16,   0 	;'v'
        10 00
   02B8 00 00 82 92 92 92    99 		.db	0,   0, 130, 146, 146, 146, 108,   0 	;'w'
        6C 00
   02C0 00 00 84 48 30 48   100 		.db	0,   0, 132,  72,  48,  72, 132,   0 	;'x'
        84 00
   02C8 00 00 82 82 82 7E   101 		.db	0,   0, 130, 130, 130, 126,   2, 124 	;'y'
        02 7C
   02D0 00 00 FE 04 38 40   102 		.db	0,   0, 254,   4,  56,  64, 254,   0 	;'z'
        FE 00
   02D8 00 08 10 10 20 10   103 		.db	0,   8,  16,  16,  32,  16,  16,   8 	;'{'
        10 08
   02E0 00 10 10 10 10 10   104 		.db	0,  16,  16,  16,  16,  16,  16,   0 	;'|'
        10 00
   02E8 00 20 10 10 08 10   105 		.db	0,  32,  16,  16,   8,  16,  16,  32 	;'}'
        10 20
   02F0 00 72 9C 00 00 00   106 		.db	0, 114, 156,   0,   0,   0,   0,   0 	;'~'
        00 00
   02F8 00 38 44 BA A2 BA   107 		.db	0,  56,  68, 186, 162, 186,  68,  56 	;(c)
        44 38
                            108 		;; after 128 - system characters
   0300 55 AA 55 AA 55 AA   109 		.db	0b01010101, 0b10101010, 0b01010101, 0b10101010, 0b01010101, 0b10101010, 0b01010101, 0b10101010 ; gray background
        55 AA
   0308 44 11 44 11 44 11   110 		.db	0b01000100, 0b00010001, 0b01000100, 0b00010001, 0b01000100, 0b00010001, 0b01000100, 0b00010001 ; lt gray background
        44 11
   0310 00 00 00 55 00 00   111 		.db	0b00000000, 0b00000000, 0b00000000, 0b01010101, 0b00000000, 0b00000000, 0b00000000, 0b00000000 ; dotted line (menu separator)
        00 00
   0318 10 00 10 00 10 00   112 		.db	0b00010000, 0b00000000, 0b00010000, 0b00000000, 0b00010000, 0b00000000, 0b00010000, 0b00000000 ; vertical dotted line
        10 00
   0320 10 81 99 A5 A1 A5   113 		.db	0x01111110, 0b10000001, 0b10011001, 0b10100101, 0b10100001, 0b10100101, 0b10011001, 0x01111110 ; caps lock
        99 10
