ASxxxx Assembler V02.00 + NoICE + SDCC mods + Flat24  (Zilog Z80 / Hitachi HD64180), page 1.



                              1 		;;	c60s.s
                              2 		;;	c60s font
                              3 		;;
                              4 		;;	notes: see font.h for font format details
                              5 		.module c60s_font	 
                              6 		
                              7 		.globl	_c60s_font
                              8 		
                              9 		.area	_CODE
   0000                      10 _c60s_font::
   0000 21 04 00             11 		ld	hl,#c60s_font
   0003 C9                   12 		ret		 
                             13 
   0004                      14 c60s_font:
                             15 		;; font header 
   0004 07                   16 		.db	7			;; font generation 1 
   0005 20                   17 		.db	32			;; first ascii
   0006 7F                   18 		.db	127			;; last ascii
   0007 01                   19 		.db	1			;; bytes per glyph line 
   0008 08                   20 		.db	8			;; glyph lines 
   0009 01                   21 		.db	1			;; xmax 
   000A 01                   22 		.db	1			;; descent 
                             23 
                             24 		;; character: ' ' (32) 
   000B F8                   25 		.db	0b11111000
   000C 00                   26 		.db	0b00000000
   000D 00                   27 		.db	0b00000000
   000E 00                   28 		.db	0b00000000
   000F 00                   29 		.db	0b00000000
   0010 00                   30 		.db	0b00000000
   0011 00                   31 		.db	0b00000000
   0012 00                   32 		.db	0b00000000
   0013 00                   33 		.db	0b00000000
   0014 04                   34 		.db	4
                             35 		;; character: '!' (33) 
   0015 E0                   36 		.db	0b11100000
   0016 E0                   37 		.db	0b11100000
   0017 E0                   38 		.db	0b11100000
   0018 E0                   39 		.db	0b11100000
   0019 E0                   40 		.db	0b11100000
   001A 40                   41 		.db	0b01000000
   001B 00                   42 		.db	0b00000000
   001C E0                   43 		.db	0b11100000
   001D 00                   44 		.db	0b00000000
   001E 03                   45 		.db	3
                             46 		;; character: '"' (34) 
   001F FE                   47 		.db	0b11111110
   0020 EE                   48 		.db	0b11101110
   0021 EE                   49 		.db	0b11101110
   0022 44                   50 		.db	0b01000100
   0023 00                   51 		.db	0b00000000
   0024 00                   52 		.db	0b00000000
   0025 00                   53 		.db	0b00000000
   0026 00                   54 		.db	0b00000000
   0027 00                   55 		.db	0b00000000
   0028 07                   56 		.db	7
ASxxxx Assembler V02.00 + NoICE + SDCC mods + Flat24  (Zilog Z80 / Hitachi HD64180), page 2.



                             57 		;; character: '#' (35) 
   0029 FF                   58 		.db	0b11111111
   002A 00                   59 		.db	0b00000000
   002B 36                   60 		.db	0b00110110
   002C 7F                   61 		.db	0b01111111
   002D 36                   62 		.db	0b00110110
   002E 6C                   63 		.db	0b01101100
   002F FE                   64 		.db	0b11111110
   0030 6C                   65 		.db	0b01101100
   0031 00                   66 		.db	0b00000000
   0032 08                   67 		.db	8
                             68 		;; character: '$' (36) 
   0033 FC                   69 		.db	0b11111100
   0034 20                   70 		.db	0b00100000
   0035 FC                   71 		.db	0b11111100
   0036 E0                   72 		.db	0b11100000
   0037 FC                   73 		.db	0b11111100
   0038 1C                   74 		.db	0b00011100
   0039 FC                   75 		.db	0b11111100
   003A 20                   76 		.db	0b00100000
   003B 00                   77 		.db	0b00000000
   003C 06                   78 		.db	6
                             79 		;; character: '%' (37) 
   003D FE                   80 		.db	0b11111110
   003E E4                   81 		.db	0b11100100
   003F C4                   82 		.db	0b11000100
   0040 E8                   83 		.db	0b11101000
   0041 10                   84 		.db	0b00010000
   0042 2E                   85 		.db	0b00101110
   0043 4C                   86 		.db	0b01001100
   0044 4E                   87 		.db	0b01001110
   0045 00                   88 		.db	0b00000000
   0046 07                   89 		.db	7
                             90 		;; character: '&' (38) 
   0047 FE                   91 		.db	0b11111110
   0048 FC                   92 		.db	0b11111100
   0049 E0                   93 		.db	0b11100000
   004A E4                   94 		.db	0b11100100
   004B 7E                   95 		.db	0b01111110
   004C E4                   96 		.db	0b11100100
   004D E4                   97 		.db	0b11100100
   004E FC                   98 		.db	0b11111100
   004F 00                   99 		.db	0b00000000
   0050 07                  100 		.db	7
                            101 		;; character: ''' (39) 
   0051 E0                  102 		.db	0b11100000
   0052 E0                  103 		.db	0b11100000
   0053 E0                  104 		.db	0b11100000
   0054 40                  105 		.db	0b01000000
   0055 00                  106 		.db	0b00000000
   0056 00                  107 		.db	0b00000000
   0057 00                  108 		.db	0b00000000
   0058 00                  109 		.db	0b00000000
   0059 00                  110 		.db	0b00000000
   005A 03                  111 		.db	3
                            112 		;; character: '(' (40) 
ASxxxx Assembler V02.00 + NoICE + SDCC mods + Flat24  (Zilog Z80 / Hitachi HD64180), page 3.



   005B F0                  113 		.db	0b11110000
   005C 30                  114 		.db	0b00110000
   005D 60                  115 		.db	0b01100000
   005E E0                  116 		.db	0b11100000
   005F E0                  117 		.db	0b11100000
   0060 E0                  118 		.db	0b11100000
   0061 60                  119 		.db	0b01100000
   0062 30                  120 		.db	0b00110000
   0063 00                  121 		.db	0b00000000
   0064 04                  122 		.db	4
                            123 		;; character: ')' (41) 
   0065 F0                  124 		.db	0b11110000
   0066 C0                  125 		.db	0b11000000
   0067 60                  126 		.db	0b01100000
   0068 70                  127 		.db	0b01110000
   0069 70                  128 		.db	0b01110000
   006A 70                  129 		.db	0b01110000
   006B 60                  130 		.db	0b01100000
   006C C0                  131 		.db	0b11000000
   006D 00                  132 		.db	0b00000000
   006E 04                  133 		.db	4
                            134 		;; character: '*' (42) 
   006F FC                  135 		.db	0b11111100
   0070 00                  136 		.db	0b00000000
   0071 B0                  137 		.db	0b10110000
   0072 FC                  138 		.db	0b11111100
   0073 4C                  139 		.db	0b01001100
   0074 C8                  140 		.db	0b11001000
   0075 FC                  141 		.db	0b11111100
   0076 34                  142 		.db	0b00110100
   0077 00                  143 		.db	0b00000000
   0078 06                  144 		.db	6
                            145 		;; character: '+' (43) 
   0079 FC                  146 		.db	0b11111100
   007A 00                  147 		.db	0b00000000
   007B 30                  148 		.db	0b00110000
   007C 30                  149 		.db	0b00110000
   007D FC                  150 		.db	0b11111100
   007E 30                  151 		.db	0b00110000
   007F 30                  152 		.db	0b00110000
   0080 00                  153 		.db	0b00000000
   0081 00                  154 		.db	0b00000000
   0082 06                  155 		.db	6
                            156 		;; character: ',' (44) 
   0083 E0                  157 		.db	0b11100000
   0084 00                  158 		.db	0b00000000
   0085 00                  159 		.db	0b00000000
   0086 00                  160 		.db	0b00000000
   0087 00                  161 		.db	0b00000000
   0088 00                  162 		.db	0b00000000
   0089 E0                  163 		.db	0b11100000
   008A E0                  164 		.db	0b11100000
   008B 40                  165 		.db	0b01000000
   008C 03                  166 		.db	3
                            167 		;; character: '-' (45) 
   008D FC                  168 		.db	0b11111100
ASxxxx Assembler V02.00 + NoICE + SDCC mods + Flat24  (Zilog Z80 / Hitachi HD64180), page 4.



   008E 00                  169 		.db	0b00000000
   008F 00                  170 		.db	0b00000000
   0090 00                  171 		.db	0b00000000
   0091 FC                  172 		.db	0b11111100
   0092 00                  173 		.db	0b00000000
   0093 00                  174 		.db	0b00000000
   0094 00                  175 		.db	0b00000000
   0095 00                  176 		.db	0b00000000
   0096 06                  177 		.db	6
                            178 		;; character: '.' (46) 
   0097 E0                  179 		.db	0b11100000
   0098 00                  180 		.db	0b00000000
   0099 00                  181 		.db	0b00000000
   009A 00                  182 		.db	0b00000000
   009B 00                  183 		.db	0b00000000
   009C 00                  184 		.db	0b00000000
   009D E0                  185 		.db	0b11100000
   009E E0                  186 		.db	0b11100000
   009F 00                  187 		.db	0b00000000
   00A0 03                  188 		.db	3
                            189 		;; character: '/' (47) 
   00A1 FC                  190 		.db	0b11111100
   00A2 04                  191 		.db	0b00000100
   00A3 0C                  192 		.db	0b00001100
   00A4 18                  193 		.db	0b00011000
   00A5 30                  194 		.db	0b00110000
   00A6 60                  195 		.db	0b01100000
   00A7 C0                  196 		.db	0b11000000
   00A8 80                  197 		.db	0b10000000
   00A9 00                  198 		.db	0b00000000
   00AA 06                  199 		.db	6
                            200 		;; character: '0' (48) 
   00AB FC                  201 		.db	0b11111100
   00AC FC                  202 		.db	0b11111100
   00AD E4                  203 		.db	0b11100100
   00AE E4                  204 		.db	0b11100100
   00AF E4                  205 		.db	0b11100100
   00B0 E4                  206 		.db	0b11100100
   00B1 E4                  207 		.db	0b11100100
   00B2 FC                  208 		.db	0b11111100
   00B3 00                  209 		.db	0b00000000
   00B4 06                  210 		.db	6
                            211 		;; character: '1' (49) 
   00B5 F0                  212 		.db	0b11110000
   00B6 F0                  213 		.db	0b11110000
   00B7 70                  214 		.db	0b01110000
   00B8 70                  215 		.db	0b01110000
   00B9 70                  216 		.db	0b01110000
   00BA 70                  217 		.db	0b01110000
   00BB 70                  218 		.db	0b01110000
   00BC 70                  219 		.db	0b01110000
   00BD 00                  220 		.db	0b00000000
   00BE 04                  221 		.db	4
                            222 		;; character: '2' (50) 
   00BF FC                  223 		.db	0b11111100
   00C0 FC                  224 		.db	0b11111100
ASxxxx Assembler V02.00 + NoICE + SDCC mods + Flat24  (Zilog Z80 / Hitachi HD64180), page 5.



   00C1 9C                  225 		.db	0b10011100
   00C2 1C                  226 		.db	0b00011100
   00C3 FC                  227 		.db	0b11111100
   00C4 80                  228 		.db	0b10000000
   00C5 9C                  229 		.db	0b10011100
   00C6 FC                  230 		.db	0b11111100
   00C7 00                  231 		.db	0b00000000
   00C8 06                  232 		.db	6
                            233 		;; character: '3' (51) 
   00C9 FC                  234 		.db	0b11111100
   00CA FC                  235 		.db	0b11111100
   00CB 9C                  236 		.db	0b10011100
   00CC 1C                  237 		.db	0b00011100
   00CD 78                  238 		.db	0b01111000
   00CE 1C                  239 		.db	0b00011100
   00CF 9C                  240 		.db	0b10011100
   00D0 FC                  241 		.db	0b11111100
   00D1 00                  242 		.db	0b00000000
   00D2 06                  243 		.db	6
                            244 		;; character: '4' (52) 
   00D3 FE                  245 		.db	0b11111110
   00D4 FC                  246 		.db	0b11111100
   00D5 9C                  247 		.db	0b10011100
   00D6 9C                  248 		.db	0b10011100
   00D7 9C                  249 		.db	0b10011100
   00D8 9C                  250 		.db	0b10011100
   00D9 FE                  251 		.db	0b11111110
   00DA 1C                  252 		.db	0b00011100
   00DB 00                  253 		.db	0b00000000
   00DC 07                  254 		.db	7
                            255 		;; character: '5' (53) 
   00DD FC                  256 		.db	0b11111100
   00DE FC                  257 		.db	0b11111100
   00DF 9C                  258 		.db	0b10011100
   00E0 80                  259 		.db	0b10000000
   00E1 FC                  260 		.db	0b11111100
   00E2 1C                  261 		.db	0b00011100
   00E3 9C                  262 		.db	0b10011100
   00E4 FC                  263 		.db	0b11111100
   00E5 00                  264 		.db	0b00000000
   00E6 06                  265 		.db	6
                            266 		;; character: '6' (54) 
   00E7 FC                  267 		.db	0b11111100
   00E8 FC                  268 		.db	0b11111100
   00E9 9C                  269 		.db	0b10011100
   00EA 80                  270 		.db	0b10000000
   00EB FC                  271 		.db	0b11111100
   00EC 9C                  272 		.db	0b10011100
   00ED 9C                  273 		.db	0b10011100
   00EE FC                  274 		.db	0b11111100
   00EF 00                  275 		.db	0b00000000
   00F0 06                  276 		.db	6
                            277 		;; character: '7' (55) 
   00F1 FC                  278 		.db	0b11111100
   00F2 FC                  279 		.db	0b11111100
   00F3 9C                  280 		.db	0b10011100
ASxxxx Assembler V02.00 + NoICE + SDCC mods + Flat24  (Zilog Z80 / Hitachi HD64180), page 6.



   00F4 1C                  281 		.db	0b00011100
   00F5 38                  282 		.db	0b00111000
   00F6 38                  283 		.db	0b00111000
   00F7 70                  284 		.db	0b01110000
   00F8 70                  285 		.db	0b01110000
   00F9 00                  286 		.db	0b00000000
   00FA 06                  287 		.db	6
                            288 		;; character: '8' (56) 
   00FB FC                  289 		.db	0b11111100
   00FC FC                  290 		.db	0b11111100
   00FD E4                  291 		.db	0b11100100
   00FE E4                  292 		.db	0b11100100
   00FF 78                  293 		.db	0b01111000
   0100 9C                  294 		.db	0b10011100
   0101 9C                  295 		.db	0b10011100
   0102 FC                  296 		.db	0b11111100
   0103 00                  297 		.db	0b00000000
   0104 06                  298 		.db	6
                            299 		;; character: '9' (57) 
   0105 FC                  300 		.db	0b11111100
   0106 FC                  301 		.db	0b11111100
   0107 E4                  302 		.db	0b11100100
   0108 E4                  303 		.db	0b11100100
   0109 FC                  304 		.db	0b11111100
   010A 04                  305 		.db	0b00000100
   010B E4                  306 		.db	0b11100100
   010C FC                  307 		.db	0b11111100
   010D 00                  308 		.db	0b00000000
   010E 06                  309 		.db	6
                            310 		;; character: ':' (58) 
   010F E0                  311 		.db	0b11100000
   0110 00                  312 		.db	0b00000000
   0111 00                  313 		.db	0b00000000
   0112 E0                  314 		.db	0b11100000
   0113 E0                  315 		.db	0b11100000
   0114 00                  316 		.db	0b00000000
   0115 E0                  317 		.db	0b11100000
   0116 E0                  318 		.db	0b11100000
   0117 00                  319 		.db	0b00000000
   0118 03                  320 		.db	3
                            321 		;; character: ';' (59) 
   0119 E0                  322 		.db	0b11100000
   011A 00                  323 		.db	0b00000000
   011B 00                  324 		.db	0b00000000
   011C E0                  325 		.db	0b11100000
   011D E0                  326 		.db	0b11100000
   011E 00                  327 		.db	0b00000000
   011F E0                  328 		.db	0b11100000
   0120 E0                  329 		.db	0b11100000
   0121 40                  330 		.db	0b01000000
   0122 03                  331 		.db	3
                            332 		;; character: '<' (60) 
   0123 F8                  333 		.db	0b11111000
   0124 00                  334 		.db	0b00000000
   0125 38                  335 		.db	0b00111000
   0126 70                  336 		.db	0b01110000
ASxxxx Assembler V02.00 + NoICE + SDCC mods + Flat24  (Zilog Z80 / Hitachi HD64180), page 7.



   0127 E0                  337 		.db	0b11100000
   0128 E0                  338 		.db	0b11100000
   0129 70                  339 		.db	0b01110000
   012A 38                  340 		.db	0b00111000
   012B 00                  341 		.db	0b00000000
   012C 05                  342 		.db	5
                            343 		;; character: '=' (61) 
   012D FC                  344 		.db	0b11111100
   012E 00                  345 		.db	0b00000000
   012F 00                  346 		.db	0b00000000
   0130 FC                  347 		.db	0b11111100
   0131 00                  348 		.db	0b00000000
   0132 FC                  349 		.db	0b11111100
   0133 00                  350 		.db	0b00000000
   0134 00                  351 		.db	0b00000000
   0135 00                  352 		.db	0b00000000
   0136 06                  353 		.db	6
                            354 		;; character: '>' (62) 
   0137 F8                  355 		.db	0b11111000
   0138 00                  356 		.db	0b00000000
   0139 E0                  357 		.db	0b11100000
   013A 70                  358 		.db	0b01110000
   013B 38                  359 		.db	0b00111000
   013C 38                  360 		.db	0b00111000
   013D 70                  361 		.db	0b01110000
   013E E0                  362 		.db	0b11100000
   013F 00                  363 		.db	0b00000000
   0140 05                  364 		.db	5
                            365 		;; character: '?' (63) 
   0141 FC                  366 		.db	0b11111100
   0142 FC                  367 		.db	0b11111100
   0143 E4                  368 		.db	0b11100100
   0144 04                  369 		.db	0b00000100
   0145 3C                  370 		.db	0b00111100
   0146 00                  371 		.db	0b00000000
   0147 70                  372 		.db	0b01110000
   0148 70                  373 		.db	0b01110000
   0149 00                  374 		.db	0b00000000
   014A 06                  375 		.db	6
                            376 		;; character: '@' (64) 
   014B FF                  377 		.db	0b11111111
   014C FF                  378 		.db	0b11111111
   014D C1                  379 		.db	0b11000001
   014E DD                  380 		.db	0b11011101
   014F DB                  381 		.db	0b11011011
   0150 DF                  382 		.db	0b11011111
   0151 C0                  383 		.db	0b11000000
   0152 FF                  384 		.db	0b11111111
   0153 00                  385 		.db	0b00000000
   0154 08                  386 		.db	8
                            387 		;; character: 'A' (65) 
   0155 FC                  388 		.db	0b11111100
   0156 FC                  389 		.db	0b11111100
   0157 9C                  390 		.db	0b10011100
   0158 9C                  391 		.db	0b10011100
   0159 FC                  392 		.db	0b11111100
ASxxxx Assembler V02.00 + NoICE + SDCC mods + Flat24  (Zilog Z80 / Hitachi HD64180), page 8.



   015A 9C                  393 		.db	0b10011100
   015B 9C                  394 		.db	0b10011100
   015C 9C                  395 		.db	0b10011100
   015D 00                  396 		.db	0b00000000
   015E 06                  397 		.db	6
                            398 		;; character: 'B' (66) 
   015F FC                  399 		.db	0b11111100
   0160 FC                  400 		.db	0b11111100
   0161 E4                  401 		.db	0b11100100
   0162 E4                  402 		.db	0b11100100
   0163 F8                  403 		.db	0b11111000
   0164 E4                  404 		.db	0b11100100
   0165 E4                  405 		.db	0b11100100
   0166 FC                  406 		.db	0b11111100
   0167 00                  407 		.db	0b00000000
   0168 06                  408 		.db	6
                            409 		;; character: 'C' (67) 
   0169 FC                  410 		.db	0b11111100
   016A FC                  411 		.db	0b11111100
   016B 9C                  412 		.db	0b10011100
   016C 9C                  413 		.db	0b10011100
   016D 80                  414 		.db	0b10000000
   016E 9C                  415 		.db	0b10011100
   016F 9C                  416 		.db	0b10011100
   0170 FC                  417 		.db	0b11111100
   0171 00                  418 		.db	0b00000000
   0172 06                  419 		.db	6
                            420 		;; character: 'D' (68) 
   0173 FC                  421 		.db	0b11111100
   0174 FC                  422 		.db	0b11111100
   0175 9C                  423 		.db	0b10011100
   0176 9C                  424 		.db	0b10011100
   0177 9C                  425 		.db	0b10011100
   0178 9C                  426 		.db	0b10011100
   0179 9C                  427 		.db	0b10011100
   017A FC                  428 		.db	0b11111100
   017B 00                  429 		.db	0b00000000
   017C 06                  430 		.db	6
                            431 		;; character: 'E' (69) 
   017D FC                  432 		.db	0b11111100
   017E FC                  433 		.db	0b11111100
   017F E0                  434 		.db	0b11100000
   0180 E0                  435 		.db	0b11100000
   0181 FC                  436 		.db	0b11111100
   0182 E0                  437 		.db	0b11100000
   0183 E0                  438 		.db	0b11100000
   0184 FC                  439 		.db	0b11111100
   0185 00                  440 		.db	0b00000000
   0186 06                  441 		.db	6
                            442 		;; character: 'F' (70) 
   0187 FC                  443 		.db	0b11111100
   0188 FC                  444 		.db	0b11111100
   0189 E0                  445 		.db	0b11100000
   018A E0                  446 		.db	0b11100000
   018B FC                  447 		.db	0b11111100
   018C E0                  448 		.db	0b11100000
ASxxxx Assembler V02.00 + NoICE + SDCC mods + Flat24  (Zilog Z80 / Hitachi HD64180), page 9.



   018D E0                  449 		.db	0b11100000
   018E E0                  450 		.db	0b11100000
   018F 00                  451 		.db	0b00000000
   0190 06                  452 		.db	6
                            453 		;; character: 'G' (71) 
   0191 FC                  454 		.db	0b11111100
   0192 FC                  455 		.db	0b11111100
   0193 9C                  456 		.db	0b10011100
   0194 80                  457 		.db	0b10000000
   0195 BC                  458 		.db	0b10111100
   0196 9C                  459 		.db	0b10011100
   0197 9C                  460 		.db	0b10011100
   0198 FC                  461 		.db	0b11111100
   0199 00                  462 		.db	0b00000000
   019A 06                  463 		.db	6
                            464 		;; character: 'H' (72) 
   019B FC                  465 		.db	0b11111100
   019C E4                  466 		.db	0b11100100
   019D E4                  467 		.db	0b11100100
   019E E4                  468 		.db	0b11100100
   019F FC                  469 		.db	0b11111100
   01A0 E4                  470 		.db	0b11100100
   01A1 E4                  471 		.db	0b11100100
   01A2 E4                  472 		.db	0b11100100
   01A3 00                  473 		.db	0b00000000
   01A4 06                  474 		.db	6
                            475 		;; character: 'I' (73) 
   01A5 E0                  476 		.db	0b11100000
   01A6 E0                  477 		.db	0b11100000
   01A7 E0                  478 		.db	0b11100000
   01A8 E0                  479 		.db	0b11100000
   01A9 E0                  480 		.db	0b11100000
   01AA E0                  481 		.db	0b11100000
   01AB E0                  482 		.db	0b11100000
   01AC E0                  483 		.db	0b11100000
   01AD 00                  484 		.db	0b00000000
   01AE 03                  485 		.db	3
                            486 		;; character: 'J' (74) 
   01AF F8                  487 		.db	0b11111000
   01B0 38                  488 		.db	0b00111000
   01B1 38                  489 		.db	0b00111000
   01B2 38                  490 		.db	0b00111000
   01B3 38                  491 		.db	0b00111000
   01B4 38                  492 		.db	0b00111000
   01B5 38                  493 		.db	0b00111000
   01B6 F8                  494 		.db	0b11111000
   01B7 00                  495 		.db	0b00000000
   01B8 05                  496 		.db	5
                            497 		;; character: 'K' (75) 
   01B9 FC                  498 		.db	0b11111100
   01BA E4                  499 		.db	0b11100100
   01BB E4                  500 		.db	0b11100100
   01BC E4                  501 		.db	0b11100100
   01BD F8                  502 		.db	0b11111000
   01BE 9C                  503 		.db	0b10011100
   01BF 9C                  504 		.db	0b10011100
ASxxxx Assembler V02.00 + NoICE + SDCC mods + Flat24  (Zilog Z80 / Hitachi HD64180), page 10.



   01C0 9C                  505 		.db	0b10011100
   01C1 00                  506 		.db	0b00000000
   01C2 06                  507 		.db	6
                            508 		;; character: 'L' (76) 
   01C3 F8                  509 		.db	0b11111000
   01C4 E0                  510 		.db	0b11100000
   01C5 E0                  511 		.db	0b11100000
   01C6 E0                  512 		.db	0b11100000
   01C7 E0                  513 		.db	0b11100000
   01C8 E0                  514 		.db	0b11100000
   01C9 E0                  515 		.db	0b11100000
   01CA F8                  516 		.db	0b11111000
   01CB 00                  517 		.db	0b00000000
   01CC 05                  518 		.db	5
                            519 		;; character: 'M' (77) 
   01CD FE                  520 		.db	0b11111110
   01CE FE                  521 		.db	0b11111110
   01CF B6                  522 		.db	0b10110110
   01D0 B6                  523 		.db	0b10110110
   01D1 B6                  524 		.db	0b10110110
   01D2 B6                  525 		.db	0b10110110
   01D3 B6                  526 		.db	0b10110110
   01D4 B6                  527 		.db	0b10110110
   01D5 00                  528 		.db	0b00000000
   01D6 07                  529 		.db	7
                            530 		;; character: 'N' (78) 
   01D7 FC                  531 		.db	0b11111100
   01D8 FC                  532 		.db	0b11111100
   01D9 9C                  533 		.db	0b10011100
   01DA 9C                  534 		.db	0b10011100
   01DB 9C                  535 		.db	0b10011100
   01DC 9C                  536 		.db	0b10011100
   01DD 9C                  537 		.db	0b10011100
   01DE 9C                  538 		.db	0b10011100
   01DF 00                  539 		.db	0b00000000
   01E0 06                  540 		.db	6
                            541 		;; character: 'O' (79) 
   01E1 FC                  542 		.db	0b11111100
   01E2 FC                  543 		.db	0b11111100
   01E3 E4                  544 		.db	0b11100100
   01E4 E4                  545 		.db	0b11100100
   01E5 E4                  546 		.db	0b11100100
   01E6 E4                  547 		.db	0b11100100
   01E7 E4                  548 		.db	0b11100100
   01E8 FC                  549 		.db	0b11111100
   01E9 00                  550 		.db	0b00000000
   01EA 06                  551 		.db	6
                            552 		;; character: 'P' (80) 
   01EB FC                  553 		.db	0b11111100
   01EC FC                  554 		.db	0b11111100
   01ED E4                  555 		.db	0b11100100
   01EE E4                  556 		.db	0b11100100
   01EF E4                  557 		.db	0b11100100
   01F0 FC                  558 		.db	0b11111100
   01F1 E0                  559 		.db	0b11100000
   01F2 E0                  560 		.db	0b11100000
ASxxxx Assembler V02.00 + NoICE + SDCC mods + Flat24  (Zilog Z80 / Hitachi HD64180), page 11.



   01F3 00                  561 		.db	0b00000000
   01F4 06                  562 		.db	6
                            563 		;; character: 'Q' (81) 
   01F5 FC                  564 		.db	0b11111100
   01F6 FC                  565 		.db	0b11111100
   01F7 E4                  566 		.db	0b11100100
   01F8 E4                  567 		.db	0b11100100
   01F9 E4                  568 		.db	0b11100100
   01FA E4                  569 		.db	0b11100100
   01FB E8                  570 		.db	0b11101000
   01FC FC                  571 		.db	0b11111100
   01FD 00                  572 		.db	0b00000000
   01FE 06                  573 		.db	6
                            574 		;; character: 'R' (82) 
   01FF FC                  575 		.db	0b11111100
   0200 FC                  576 		.db	0b11111100
   0201 E4                  577 		.db	0b11100100
   0202 E4                  578 		.db	0b11100100
   0203 F8                  579 		.db	0b11111000
   0204 9C                  580 		.db	0b10011100
   0205 9C                  581 		.db	0b10011100
   0206 9C                  582 		.db	0b10011100
   0207 00                  583 		.db	0b00000000
   0208 06                  584 		.db	6
                            585 		;; character: 'S' (83) 
   0209 FC                  586 		.db	0b11111100
   020A FC                  587 		.db	0b11111100
   020B E4                  588 		.db	0b11100100
   020C E0                  589 		.db	0b11100000
   020D FC                  590 		.db	0b11111100
   020E 1C                  591 		.db	0b00011100
   020F 9C                  592 		.db	0b10011100
   0210 FC                  593 		.db	0b11111100
   0211 00                  594 		.db	0b00000000
   0212 06                  595 		.db	6
                            596 		;; character: 'T' (84) 
   0213 FE                  597 		.db	0b11111110
   0214 FE                  598 		.db	0b11111110
   0215 38                  599 		.db	0b00111000
   0216 38                  600 		.db	0b00111000
   0217 38                  601 		.db	0b00111000
   0218 38                  602 		.db	0b00111000
   0219 38                  603 		.db	0b00111000
   021A 38                  604 		.db	0b00111000
   021B 00                  605 		.db	0b00000000
   021C 07                  606 		.db	7
                            607 		;; character: 'U' (85) 
   021D FC                  608 		.db	0b11111100
   021E E4                  609 		.db	0b11100100
   021F E4                  610 		.db	0b11100100
   0220 E4                  611 		.db	0b11100100
   0221 E4                  612 		.db	0b11100100
   0222 E4                  613 		.db	0b11100100
   0223 E4                  614 		.db	0b11100100
   0224 FC                  615 		.db	0b11111100
   0225 00                  616 		.db	0b00000000
ASxxxx Assembler V02.00 + NoICE + SDCC mods + Flat24  (Zilog Z80 / Hitachi HD64180), page 12.



   0226 06                  617 		.db	6
                            618 		;; character: 'V' (86) 
   0227 FC                  619 		.db	0b11111100
   0228 E4                  620 		.db	0b11100100
   0229 E4                  621 		.db	0b11100100
   022A E4                  622 		.db	0b11100100
   022B E4                  623 		.db	0b11100100
   022C E4                  624 		.db	0b11100100
   022D 78                  625 		.db	0b01111000
   022E 30                  626 		.db	0b00110000
   022F 00                  627 		.db	0b00000000
   0230 06                  628 		.db	6
                            629 		;; character: 'W' (87) 
   0231 FE                  630 		.db	0b11111110
   0232 DA                  631 		.db	0b11011010
   0233 DA                  632 		.db	0b11011010
   0234 DA                  633 		.db	0b11011010
   0235 DA                  634 		.db	0b11011010
   0236 DA                  635 		.db	0b11011010
   0237 DA                  636 		.db	0b11011010
   0238 FE                  637 		.db	0b11111110
   0239 00                  638 		.db	0b00000000
   023A 07                  639 		.db	7
                            640 		;; character: 'X' (88) 
   023B FC                  641 		.db	0b11111100
   023C E4                  642 		.db	0b11100100
   023D E4                  643 		.db	0b11100100
   023E E4                  644 		.db	0b11100100
   023F 78                  645 		.db	0b01111000
   0240 9C                  646 		.db	0b10011100
   0241 9C                  647 		.db	0b10011100
   0242 9C                  648 		.db	0b10011100
   0243 00                  649 		.db	0b00000000
   0244 06                  650 		.db	6
                            651 		;; character: 'Y' (89) 
   0245 FC                  652 		.db	0b11111100
   0246 E4                  653 		.db	0b11100100
   0247 E4                  654 		.db	0b11100100
   0248 E4                  655 		.db	0b11100100
   0249 E4                  656 		.db	0b11100100
   024A FC                  657 		.db	0b11111100
   024B 30                  658 		.db	0b00110000
   024C 30                  659 		.db	0b00110000
   024D 00                  660 		.db	0b00000000
   024E 06                  661 		.db	6
                            662 		;; character: 'Z' (90) 
   024F FC                  663 		.db	0b11111100
   0250 FC                  664 		.db	0b11111100
   0251 E4                  665 		.db	0b11100100
   0252 0C                  666 		.db	0b00001100
   0253 30                  667 		.db	0b00110000
   0254 C0                  668 		.db	0b11000000
   0255 9C                  669 		.db	0b10011100
   0256 FC                  670 		.db	0b11111100
   0257 00                  671 		.db	0b00000000
   0258 06                  672 		.db	6
ASxxxx Assembler V02.00 + NoICE + SDCC mods + Flat24  (Zilog Z80 / Hitachi HD64180), page 13.



                            673 		;; character: '[' (91) 
   0259 F8                  674 		.db	0b11111000
   025A F8                  675 		.db	0b11111000
   025B E0                  676 		.db	0b11100000
   025C E0                  677 		.db	0b11100000
   025D E0                  678 		.db	0b11100000
   025E E0                  679 		.db	0b11100000
   025F E0                  680 		.db	0b11100000
   0260 F8                  681 		.db	0b11111000
   0261 00                  682 		.db	0b00000000
   0262 05                  683 		.db	5
                            684 		;; character: '\' (92) 
   0263 FC                  685 		.db	0b11111100
   0264 80                  686 		.db	0b10000000
   0265 C0                  687 		.db	0b11000000
   0266 60                  688 		.db	0b01100000
   0267 30                  689 		.db	0b00110000
   0268 18                  690 		.db	0b00011000
   0269 0C                  691 		.db	0b00001100
   026A 04                  692 		.db	0b00000100
   026B 00                  693 		.db	0b00000000
   026C 06                  694 		.db	6
                            695 		;; character: ']' (93) 
   026D F8                  696 		.db	0b11111000
   026E F8                  697 		.db	0b11111000
   026F 38                  698 		.db	0b00111000
   0270 38                  699 		.db	0b00111000
   0271 38                  700 		.db	0b00111000
   0272 38                  701 		.db	0b00111000
   0273 38                  702 		.db	0b00111000
   0274 F8                  703 		.db	0b11111000
   0275 00                  704 		.db	0b00000000
   0276 05                  705 		.db	5
                            706 		;; character: '^' (94) 
   0277 FC                  707 		.db	0b11111100
   0278 30                  708 		.db	0b00110000
   0279 78                  709 		.db	0b01111000
   027A FC                  710 		.db	0b11111100
   027B 30                  711 		.db	0b00110000
   027C 30                  712 		.db	0b00110000
   027D 30                  713 		.db	0b00110000
   027E 30                  714 		.db	0b00110000
   027F 00                  715 		.db	0b00000000
   0280 06                  716 		.db	6
                            717 		;; character: '_' (95) 
   0281 FF                  718 		.db	0b11111111
   0282 00                  719 		.db	0b00000000
   0283 00                  720 		.db	0b00000000
   0284 00                  721 		.db	0b00000000
   0285 00                  722 		.db	0b00000000
   0286 00                  723 		.db	0b00000000
   0287 00                  724 		.db	0b00000000
   0288 00                  725 		.db	0b00000000
   0289 FF                  726 		.db	0b11111111
   028A 08                  727 		.db	8
                            728 		;; character: '`' (96) 
ASxxxx Assembler V02.00 + NoICE + SDCC mods + Flat24  (Zilog Z80 / Hitachi HD64180), page 14.



   028B FC                  729 		.db	0b11111100
   028C 7C                  730 		.db	0b01111100
   028D 6C                  731 		.db	0b01101100
   028E 60                  732 		.db	0b01100000
   028F F0                  733 		.db	0b11110000
   0290 60                  734 		.db	0b01100000
   0291 60                  735 		.db	0b01100000
   0292 FC                  736 		.db	0b11111100
   0293 00                  737 		.db	0b00000000
   0294 06                  738 		.db	6
                            739 		;; character: 'a' (97) 
   0295 FC                  740 		.db	0b11111100
   0296 00                  741 		.db	0b00000000
   0297 00                  742 		.db	0b00000000
   0298 FC                  743 		.db	0b11111100
   0299 04                  744 		.db	0b00000100
   029A FC                  745 		.db	0b11111100
   029B 9C                  746 		.db	0b10011100
   029C FC                  747 		.db	0b11111100
   029D 00                  748 		.db	0b00000000
   029E 06                  749 		.db	6
                            750 		;; character: 'b' (98) 
   029F FC                  751 		.db	0b11111100
   02A0 E0                  752 		.db	0b11100000
   02A1 E0                  753 		.db	0b11100000
   02A2 FC                  754 		.db	0b11111100
   02A3 9C                  755 		.db	0b10011100
   02A4 9C                  756 		.db	0b10011100
   02A5 9C                  757 		.db	0b10011100
   02A6 FC                  758 		.db	0b11111100
   02A7 00                  759 		.db	0b00000000
   02A8 06                  760 		.db	6
                            761 		;; character: 'c' (99) 
   02A9 FC                  762 		.db	0b11111100
   02AA 00                  763 		.db	0b00000000
   02AB 00                  764 		.db	0b00000000
   02AC FC                  765 		.db	0b11111100
   02AD 9C                  766 		.db	0b10011100
   02AE 80                  767 		.db	0b10000000
   02AF 9C                  768 		.db	0b10011100
   02B0 FC                  769 		.db	0b11111100
   02B1 00                  770 		.db	0b00000000
   02B2 06                  771 		.db	6
                            772 		;; character: 'd' (100) 
   02B3 FC                  773 		.db	0b11111100
   02B4 1C                  774 		.db	0b00011100
   02B5 1C                  775 		.db	0b00011100
   02B6 FC                  776 		.db	0b11111100
   02B7 9C                  777 		.db	0b10011100
   02B8 9C                  778 		.db	0b10011100
   02B9 9C                  779 		.db	0b10011100
   02BA FC                  780 		.db	0b11111100
   02BB 00                  781 		.db	0b00000000
   02BC 06                  782 		.db	6
                            783 		;; character: 'e' (101) 
   02BD FC                  784 		.db	0b11111100
ASxxxx Assembler V02.00 + NoICE + SDCC mods + Flat24  (Zilog Z80 / Hitachi HD64180), page 15.



   02BE 00                  785 		.db	0b00000000
   02BF 00                  786 		.db	0b00000000
   02C0 FC                  787 		.db	0b11111100
   02C1 9C                  788 		.db	0b10011100
   02C2 FC                  789 		.db	0b11111100
   02C3 80                  790 		.db	0b10000000
   02C4 FC                  791 		.db	0b11111100
   02C5 00                  792 		.db	0b00000000
   02C6 06                  793 		.db	6
                            794 		;; character: 'f' (102) 
   02C7 F8                  795 		.db	0b11111000
   02C8 70                  796 		.db	0b01110000
   02C9 40                  797 		.db	0b01000000
   02CA 40                  798 		.db	0b01000000
   02CB F8                  799 		.db	0b11111000
   02CC 70                  800 		.db	0b01110000
   02CD 70                  801 		.db	0b01110000
   02CE 70                  802 		.db	0b01110000
   02CF 00                  803 		.db	0b00000000
   02D0 05                  804 		.db	5
                            805 		;; character: 'g' (103) 
   02D1 FC                  806 		.db	0b11111100
   02D2 00                  807 		.db	0b00000000
   02D3 00                  808 		.db	0b00000000
   02D4 FC                  809 		.db	0b11111100
   02D5 9C                  810 		.db	0b10011100
   02D6 9C                  811 		.db	0b10011100
   02D7 FC                  812 		.db	0b11111100
   02D8 1C                  813 		.db	0b00011100
   02D9 FC                  814 		.db	0b11111100
   02DA 06                  815 		.db	6
                            816 		;; character: 'h' (104) 
   02DB FC                  817 		.db	0b11111100
   02DC E0                  818 		.db	0b11100000
   02DD E0                  819 		.db	0b11100000
   02DE FC                  820 		.db	0b11111100
   02DF 9C                  821 		.db	0b10011100
   02E0 9C                  822 		.db	0b10011100
   02E1 9C                  823 		.db	0b10011100
   02E2 9C                  824 		.db	0b10011100
   02E3 00                  825 		.db	0b00000000
   02E4 06                  826 		.db	6
                            827 		;; character: 'i' (105) 
   02E5 E0                  828 		.db	0b11100000
   02E6 E0                  829 		.db	0b11100000
   02E7 E0                  830 		.db	0b11100000
   02E8 00                  831 		.db	0b00000000
   02E9 E0                  832 		.db	0b11100000
   02EA E0                  833 		.db	0b11100000
   02EB E0                  834 		.db	0b11100000
   02EC E0                  835 		.db	0b11100000
   02ED 00                  836 		.db	0b00000000
   02EE 03                  837 		.db	3
                            838 		;; character: 'j' (106) 
   02EF F0                  839 		.db	0b11110000
   02F0 70                  840 		.db	0b01110000
ASxxxx Assembler V02.00 + NoICE + SDCC mods + Flat24  (Zilog Z80 / Hitachi HD64180), page 16.



   02F1 70                  841 		.db	0b01110000
   02F2 00                  842 		.db	0b00000000
   02F3 70                  843 		.db	0b01110000
   02F4 70                  844 		.db	0b01110000
   02F5 70                  845 		.db	0b01110000
   02F6 10                  846 		.db	0b00010000
   02F7 F0                  847 		.db	0b11110000
   02F8 04                  848 		.db	4
                            849 		;; character: 'k' (107) 
   02F9 FC                  850 		.db	0b11111100
   02FA E0                  851 		.db	0b11100000
   02FB E4                  852 		.db	0b11100100
   02FC E4                  853 		.db	0b11100100
   02FD FC                  854 		.db	0b11111100
   02FE 9C                  855 		.db	0b10011100
   02FF 9C                  856 		.db	0b10011100
   0300 9C                  857 		.db	0b10011100
   0301 00                  858 		.db	0b00000000
   0302 06                  859 		.db	6
                            860 		;; character: 'l' (108) 
   0303 E0                  861 		.db	0b11100000
   0304 E0                  862 		.db	0b11100000
   0305 E0                  863 		.db	0b11100000
   0306 E0                  864 		.db	0b11100000
   0307 E0                  865 		.db	0b11100000
   0308 E0                  866 		.db	0b11100000
   0309 E0                  867 		.db	0b11100000
   030A E0                  868 		.db	0b11100000
   030B 00                  869 		.db	0b00000000
   030C 03                  870 		.db	3
                            871 		;; character: 'm' (109) 
   030D FE                  872 		.db	0b11111110
   030E 00                  873 		.db	0b00000000
   030F 00                  874 		.db	0b00000000
   0310 FE                  875 		.db	0b11111110
   0311 B6                  876 		.db	0b10110110
   0312 B6                  877 		.db	0b10110110
   0313 B6                  878 		.db	0b10110110
   0314 B6                  879 		.db	0b10110110
   0315 00                  880 		.db	0b00000000
   0316 07                  881 		.db	7
                            882 		;; character: 'n' (110) 
   0317 FC                  883 		.db	0b11111100
   0318 00                  884 		.db	0b00000000
   0319 00                  885 		.db	0b00000000
   031A FC                  886 		.db	0b11111100
   031B 9C                  887 		.db	0b10011100
   031C 9C                  888 		.db	0b10011100
   031D 9C                  889 		.db	0b10011100
   031E 9C                  890 		.db	0b10011100
   031F 00                  891 		.db	0b00000000
   0320 06                  892 		.db	6
                            893 		;; character: 'o' (111) 
   0321 FC                  894 		.db	0b11111100
   0322 00                  895 		.db	0b00000000
   0323 00                  896 		.db	0b00000000
ASxxxx Assembler V02.00 + NoICE + SDCC mods + Flat24  (Zilog Z80 / Hitachi HD64180), page 17.



   0324 FC                  897 		.db	0b11111100
   0325 E4                  898 		.db	0b11100100
   0326 E4                  899 		.db	0b11100100
   0327 E4                  900 		.db	0b11100100
   0328 FC                  901 		.db	0b11111100
   0329 00                  902 		.db	0b00000000
   032A 06                  903 		.db	6
                            904 		;; character: 'p' (112) 
   032B FC                  905 		.db	0b11111100
   032C 00                  906 		.db	0b00000000
   032D 00                  907 		.db	0b00000000
   032E FC                  908 		.db	0b11111100
   032F E4                  909 		.db	0b11100100
   0330 E4                  910 		.db	0b11100100
   0331 FC                  911 		.db	0b11111100
   0332 E0                  912 		.db	0b11100000
   0333 E0                  913 		.db	0b11100000
   0334 06                  914 		.db	6
                            915 		;; character: 'q' (113) 
   0335 FC                  916 		.db	0b11111100
   0336 00                  917 		.db	0b00000000
   0337 00                  918 		.db	0b00000000
   0338 FC                  919 		.db	0b11111100
   0339 E4                  920 		.db	0b11100100
   033A E4                  921 		.db	0b11100100
   033B FC                  922 		.db	0b11111100
   033C 1C                  923 		.db	0b00011100
   033D 1C                  924 		.db	0b00011100
   033E 06                  925 		.db	6
                            926 		;; character: 'r' (114) 
   033F FC                  927 		.db	0b11111100
   0340 00                  928 		.db	0b00000000
   0341 00                  929 		.db	0b00000000
   0342 FC                  930 		.db	0b11111100
   0343 E0                  931 		.db	0b11100000
   0344 E0                  932 		.db	0b11100000
   0345 E0                  933 		.db	0b11100000
   0346 E0                  934 		.db	0b11100000
   0347 00                  935 		.db	0b00000000
   0348 06                  936 		.db	6
                            937 		;; character: 's' (115) 
   0349 FC                  938 		.db	0b11111100
   034A 00                  939 		.db	0b00000000
   034B 00                  940 		.db	0b00000000
   034C FC                  941 		.db	0b11111100
   034D E0                  942 		.db	0b11100000
   034E FC                  943 		.db	0b11111100
   034F 1C                  944 		.db	0b00011100
   0350 FC                  945 		.db	0b11111100
   0351 00                  946 		.db	0b00000000
   0352 06                  947 		.db	6
                            948 		;; character: 't' (116) 
   0353 F8                  949 		.db	0b11111000
   0354 10                  950 		.db	0b00010000
   0355 70                  951 		.db	0b01110000
   0356 F8                  952 		.db	0b11111000
ASxxxx Assembler V02.00 + NoICE + SDCC mods + Flat24  (Zilog Z80 / Hitachi HD64180), page 18.



   0357 70                  953 		.db	0b01110000
   0358 70                  954 		.db	0b01110000
   0359 70                  955 		.db	0b01110000
   035A 70                  956 		.db	0b01110000
   035B 00                  957 		.db	0b00000000
   035C 05                  958 		.db	5
                            959 		;; character: 'u' (117) 
   035D FC                  960 		.db	0b11111100
   035E 00                  961 		.db	0b00000000
   035F 00                  962 		.db	0b00000000
   0360 E4                  963 		.db	0b11100100
   0361 E4                  964 		.db	0b11100100
   0362 E4                  965 		.db	0b11100100
   0363 E4                  966 		.db	0b11100100
   0364 FC                  967 		.db	0b11111100
   0365 00                  968 		.db	0b00000000
   0366 06                  969 		.db	6
                            970 		;; character: 'v' (118) 
   0367 FC                  971 		.db	0b11111100
   0368 00                  972 		.db	0b00000000
   0369 00                  973 		.db	0b00000000
   036A E4                  974 		.db	0b11100100
   036B E4                  975 		.db	0b11100100
   036C E4                  976 		.db	0b11100100
   036D 78                  977 		.db	0b01111000
   036E 30                  978 		.db	0b00110000
   036F 00                  979 		.db	0b00000000
   0370 06                  980 		.db	6
                            981 		;; character: 'w' (119) 
   0371 FE                  982 		.db	0b11111110
   0372 00                  983 		.db	0b00000000
   0373 00                  984 		.db	0b00000000
   0374 DA                  985 		.db	0b11011010
   0375 DA                  986 		.db	0b11011010
   0376 DA                  987 		.db	0b11011010
   0377 DA                  988 		.db	0b11011010
   0378 FE                  989 		.db	0b11111110
   0379 00                  990 		.db	0b00000000
   037A 07                  991 		.db	7
                            992 		;; character: 'x' (120) 
   037B FC                  993 		.db	0b11111100
   037C 00                  994 		.db	0b00000000
   037D 00                  995 		.db	0b00000000
   037E E4                  996 		.db	0b11100100
   037F E4                  997 		.db	0b11100100
   0380 78                  998 		.db	0b01111000
   0381 9C                  999 		.db	0b10011100
   0382 9C                 1000 		.db	0b10011100
   0383 00                 1001 		.db	0b00000000
   0384 06                 1002 		.db	6
                           1003 		;; character: 'y' (121) 
   0385 FC                 1004 		.db	0b11111100
   0386 00                 1005 		.db	0b00000000
   0387 00                 1006 		.db	0b00000000
   0388 E4                 1007 		.db	0b11100100
   0389 E4                 1008 		.db	0b11100100
ASxxxx Assembler V02.00 + NoICE + SDCC mods + Flat24  (Zilog Z80 / Hitachi HD64180), page 19.



   038A E4                 1009 		.db	0b11100100
   038B FC                 1010 		.db	0b11111100
   038C 1C                 1011 		.db	0b00011100
   038D 1C                 1012 		.db	0b00011100
   038E 06                 1013 		.db	6
                           1014 		;; character: 'z' (122) 
   038F FC                 1015 		.db	0b11111100
   0390 00                 1016 		.db	0b00000000
   0391 00                 1017 		.db	0b00000000
   0392 FC                 1018 		.db	0b11111100
   0393 1C                 1019 		.db	0b00011100
   0394 78                 1020 		.db	0b01111000
   0395 E0                 1021 		.db	0b11100000
   0396 FC                 1022 		.db	0b11111100
   0397 00                 1023 		.db	0b00000000
   0398 06                 1024 		.db	6
                           1025 		;; character: '{' (123) 
   0399 F8                 1026 		.db	0b11111000
   039A 38                 1027 		.db	0b00111000
   039B 70                 1028 		.db	0b01110000
   039C 70                 1029 		.db	0b01110000
   039D E0                 1030 		.db	0b11100000
   039E 70                 1031 		.db	0b01110000
   039F 70                 1032 		.db	0b01110000
   03A0 38                 1033 		.db	0b00111000
   03A1 00                 1034 		.db	0b00000000
   03A2 05                 1035 		.db	5
                           1036 		;; character: '|' (124) 
   03A3 E0                 1037 		.db	0b11100000
   03A4 E0                 1038 		.db	0b11100000
   03A5 E0                 1039 		.db	0b11100000
   03A6 E0                 1040 		.db	0b11100000
   03A7 E0                 1041 		.db	0b11100000
   03A8 E0                 1042 		.db	0b11100000
   03A9 E0                 1043 		.db	0b11100000
   03AA E0                 1044 		.db	0b11100000
   03AB 00                 1045 		.db	0b00000000
   03AC 03                 1046 		.db	3
                           1047 		;; character: '}' (125) 
   03AD F8                 1048 		.db	0b11111000
   03AE E0                 1049 		.db	0b11100000
   03AF 70                 1050 		.db	0b01110000
   03B0 70                 1051 		.db	0b01110000
   03B1 38                 1052 		.db	0b00111000
   03B2 70                 1053 		.db	0b01110000
   03B3 70                 1054 		.db	0b01110000
   03B4 E0                 1055 		.db	0b11100000
   03B5 00                 1056 		.db	0b00000000
   03B6 05                 1057 		.db	5
                           1058 		;; character: '~' (126) 
   03B7 FC                 1059 		.db	0b11111100
   03B8 00                 1060 		.db	0b00000000
   03B9 6C                 1061 		.db	0b01101100
   03BA FC                 1062 		.db	0b11111100
   03BB D8                 1063 		.db	0b11011000
   03BC 00                 1064 		.db	0b00000000
ASxxxx Assembler V02.00 + NoICE + SDCC mods + Flat24  (Zilog Z80 / Hitachi HD64180), page 20.



   03BD 00                 1065 		.db	0b00000000
   03BE 00                 1066 		.db	0b00000000
   03BF 00                 1067 		.db	0b00000000
   03C0 06                 1068 		.db	6
                           1069 		;; character: '(c)' (127) 
   03C1 FF                 1070 		.db	0b11111111
   03C2 FF                 1071 		.db	0b11111111
   03C3 C1                 1072 		.db	0b11000001
   03C4 DD                 1073 		.db	0b11011101
   03C5 D9                 1074 		.db	0b11011001
   03C6 DD                 1075 		.db	0b11011101
   03C7 C1                 1076 		.db	0b11000001
   03C8 FF                 1077 		.db	0b11111111
   03C9 00                 1078 		.db	0b00000000
   03CA 08                 1079 		.db	8
                           1080 		;; character: 'yeah' (128) 
   03CB FF                 1081 		.db	0b11111111
   03CC 00                 1082 		.db	0b00000000
   03CD 00                 1083 		.db	0b00000000
   03CE 00                 1084 		.db	0b00000000
   03CF 00                 1085 		.db	0b00000000
   03D0 00                 1086 		.db	0b00000000
   03D1 00                 1087 		.db	0b00000000
   03D2 00                 1088 		.db	0b00000000
   03D3 00                 1089 		.db	0b00000000
   03D4 08                 1090 		.db	8
                           1091 
                           1092 		;; T-T-T-That's all folks! 
