ASxxxx Assembler V02.00 + NoICE + SDCC mods + Flat24  (Zilog Z80 / Hitachi HD64180), page 1.



                              1 		;;	c64.s
                              2 		;;	commodore 64 font
                              3 		;;
                              4 		;;	notes: see font.h for font format details
                              5 		.module c64_font	 
                              6 		
                              7 		.globl	_c64_font
                              8 		
                              9 		.area	_CODE
   0000                      10 _c64_font::
   0000 21 04 00             11 		ld	hl,#c64_font
   0003 C9                   12 		ret	
   0004                      13 c64_font::
                             14 		;; font header 
   0004 07                   15 		.db	7			;; font generation 1 
   0005 20                   16 		.db	32			;; first ascii
   0006 7F                   17 		.db	127			;; last ascii
   0007 01                   18 		.db	1			;; bytes per glyph line 
   0008 08                   19 		.db	8			;; glyph lines 
   0009 01                   20 		.db	1			;; xmax 
   000A 01                   21 		.db	1			;; descent 
                             22 
                             23 		;; character: ' ' (32) 
   000B F8                   24 		.db	0b11111000
   000C 00                   25 		.db	0b00000000
   000D 00                   26 		.db	0b00000000
   000E 00                   27 		.db	0b00000000
   000F 00                   28 		.db	0b00000000
   0010 00                   29 		.db	0b00000000
   0011 00                   30 		.db	0b00000000
   0012 00                   31 		.db	0b00000000
   0013 00                   32 		.db	0b00000000
   0014 04                   33 		.db	4
                             34 		;; character: '!' (33) 
   0015 C0                   35 		.db	0b11000000
   0016 C0                   36 		.db	0b11000000
   0017 C0                   37 		.db	0b11000000
   0018 C0                   38 		.db	0b11000000
   0019 C0                   39 		.db	0b11000000
   001A C0                   40 		.db	0b11000000
   001B 00                   41 		.db	0b00000000
   001C C0                   42 		.db	0b11000000
   001D 00                   43 		.db	0b00000000
   001E 02                   44 		.db	2
                             45 		;; character: '"' (34) 
   001F FC                   46 		.db	0b11111100
   0020 CC                   47 		.db	0b11001100
   0021 CC                   48 		.db	0b11001100
   0022 00                   49 		.db	0b00000000
   0023 00                   50 		.db	0b00000000
   0024 00                   51 		.db	0b00000000
   0025 00                   52 		.db	0b00000000
   0026 00                   53 		.db	0b00000000
   0027 00                   54 		.db	0b00000000
   0028 06                   55 		.db	6
                             56 		;; character: '#' (35) 
ASxxxx Assembler V02.00 + NoICE + SDCC mods + Flat24  (Zilog Z80 / Hitachi HD64180), page 2.



   0029 FC                   57 		.db	0b11111100
   002A CC                   58 		.db	0b11001100
   002B FC                   59 		.db	0b11111100
   002C CC                   60 		.db	0b11001100
   002D CC                   61 		.db	0b11001100
   002E CC                   62 		.db	0b11001100
   002F FC                   63 		.db	0b11111100
   0030 CC                   64 		.db	0b11001100
   0031 00                   65 		.db	0b00000000
   0032 06                   66 		.db	6
                             67 		;; character: '$' (36) 
   0033 FC                   68 		.db	0b11111100
   0034 30                   69 		.db	0b00110000
   0035 FC                   70 		.db	0b11111100
   0036 C0                   71 		.db	0b11000000
   0037 FC                   72 		.db	0b11111100
   0038 0C                   73 		.db	0b00001100
   0039 FC                   74 		.db	0b11111100
   003A 30                   75 		.db	0b00110000
   003B 00                   76 		.db	0b00000000
   003C 06                   77 		.db	6
                             78 		;; character: '%' (37) 
   003D FC                   79 		.db	0b11111100
   003E CC                   80 		.db	0b11001100
   003F 0C                   81 		.db	0b00001100
   0040 30                   82 		.db	0b00110000
   0041 30                   83 		.db	0b00110000
   0042 30                   84 		.db	0b00110000
   0043 C0                   85 		.db	0b11000000
   0044 CC                   86 		.db	0b11001100
   0045 00                   87 		.db	0b00000000
   0046 06                   88 		.db	6
                             89 		;; character: '&' (38) 
   0047 FC                   90 		.db	0b11111100
   0048 30                   91 		.db	0b00110000
   0049 CC                   92 		.db	0b11001100
   004A CC                   93 		.db	0b11001100
   004B 30                   94 		.db	0b00110000
   004C CC                   95 		.db	0b11001100
   004D C0                   96 		.db	0b11000000
   004E 3C                   97 		.db	0b00111100
   004F 00                   98 		.db	0b00000000
   0050 06                   99 		.db	6
                            100 		;; character: ''' (39) 
   0051 F0                  101 		.db	0b11110000
   0052 30                  102 		.db	0b00110000
   0053 30                  103 		.db	0b00110000
   0054 C0                  104 		.db	0b11000000
   0055 00                  105 		.db	0b00000000
   0056 00                  106 		.db	0b00000000
   0057 00                  107 		.db	0b00000000
   0058 00                  108 		.db	0b00000000
   0059 00                  109 		.db	0b00000000
   005A 04                  110 		.db	4
                            111 		;; character: '(' (40) 
   005B F0                  112 		.db	0b11110000
ASxxxx Assembler V02.00 + NoICE + SDCC mods + Flat24  (Zilog Z80 / Hitachi HD64180), page 3.



   005C 30                  113 		.db	0b00110000
   005D C0                  114 		.db	0b11000000
   005E C0                  115 		.db	0b11000000
   005F C0                  116 		.db	0b11000000
   0060 C0                  117 		.db	0b11000000
   0061 C0                  118 		.db	0b11000000
   0062 30                  119 		.db	0b00110000
   0063 00                  120 		.db	0b00000000
   0064 04                  121 		.db	4
                            122 		;; character: ')' (41) 
   0065 F0                  123 		.db	0b11110000
   0066 C0                  124 		.db	0b11000000
   0067 30                  125 		.db	0b00110000
   0068 30                  126 		.db	0b00110000
   0069 30                  127 		.db	0b00110000
   006A 30                  128 		.db	0b00110000
   006B 30                  129 		.db	0b00110000
   006C C0                  130 		.db	0b11000000
   006D 00                  131 		.db	0b00000000
   006E 04                  132 		.db	4
                            133 		;; character: '*' (42) 
   006F FC                  134 		.db	0b11111100
   0070 00                  135 		.db	0b00000000
   0071 CC                  136 		.db	0b11001100
   0072 30                  137 		.db	0b00110000
   0073 FC                  138 		.db	0b11111100
   0074 30                  139 		.db	0b00110000
   0075 CC                  140 		.db	0b11001100
   0076 00                  141 		.db	0b00000000
   0077 00                  142 		.db	0b00000000
   0078 06                  143 		.db	6
                            144 		;; character: '+' (43) 
   0079 FC                  145 		.db	0b11111100
   007A 00                  146 		.db	0b00000000
   007B 30                  147 		.db	0b00110000
   007C 30                  148 		.db	0b00110000
   007D FC                  149 		.db	0b11111100
   007E 30                  150 		.db	0b00110000
   007F 30                  151 		.db	0b00110000
   0080 00                  152 		.db	0b00000000
   0081 00                  153 		.db	0b00000000
   0082 06                  154 		.db	6
                            155 		;; character: ',' (44) 
   0083 F0                  156 		.db	0b11110000
   0084 00                  157 		.db	0b00000000
   0085 00                  158 		.db	0b00000000
   0086 00                  159 		.db	0b00000000
   0087 00                  160 		.db	0b00000000
   0088 00                  161 		.db	0b00000000
   0089 30                  162 		.db	0b00110000
   008A 30                  163 		.db	0b00110000
   008B C0                  164 		.db	0b11000000
   008C 04                  165 		.db	4
                            166 		;; character: '-' (45) 
   008D FC                  167 		.db	0b11111100
   008E 00                  168 		.db	0b00000000
ASxxxx Assembler V02.00 + NoICE + SDCC mods + Flat24  (Zilog Z80 / Hitachi HD64180), page 4.



   008F 00                  169 		.db	0b00000000
   0090 00                  170 		.db	0b00000000
   0091 FC                  171 		.db	0b11111100
   0092 00                  172 		.db	0b00000000
   0093 00                  173 		.db	0b00000000
   0094 00                  174 		.db	0b00000000
   0095 00                  175 		.db	0b00000000
   0096 06                  176 		.db	6
                            177 		;; character: '.' (46) 
   0097 C0                  178 		.db	0b11000000
   0098 00                  179 		.db	0b00000000
   0099 00                  180 		.db	0b00000000
   009A 00                  181 		.db	0b00000000
   009B 00                  182 		.db	0b00000000
   009C 00                  183 		.db	0b00000000
   009D C0                  184 		.db	0b11000000
   009E C0                  185 		.db	0b11000000
   009F 00                  186 		.db	0b00000000
   00A0 02                  187 		.db	2
                            188 		;; character: '/' (47) 
   00A1 FC                  189 		.db	0b11111100
   00A2 00                  190 		.db	0b00000000
   00A3 0C                  191 		.db	0b00001100
   00A4 0C                  192 		.db	0b00001100
   00A5 30                  193 		.db	0b00110000
   00A6 30                  194 		.db	0b00110000
   00A7 C0                  195 		.db	0b11000000
   00A8 C0                  196 		.db	0b11000000
   00A9 00                  197 		.db	0b00000000
   00AA 06                  198 		.db	6
                            199 		;; character: '0' (48) 
   00AB FC                  200 		.db	0b11111100
   00AC 30                  201 		.db	0b00110000
   00AD CC                  202 		.db	0b11001100
   00AE CC                  203 		.db	0b11001100
   00AF FC                  204 		.db	0b11111100
   00B0 CC                  205 		.db	0b11001100
   00B1 CC                  206 		.db	0b11001100
   00B2 30                  207 		.db	0b00110000
   00B3 00                  208 		.db	0b00000000
   00B4 06                  209 		.db	6
                            210 		;; character: '1' (49) 
   00B5 FC                  211 		.db	0b11111100
   00B6 30                  212 		.db	0b00110000
   00B7 F0                  213 		.db	0b11110000
   00B8 30                  214 		.db	0b00110000
   00B9 30                  215 		.db	0b00110000
   00BA 30                  216 		.db	0b00110000
   00BB 30                  217 		.db	0b00110000
   00BC FC                  218 		.db	0b11111100
   00BD 00                  219 		.db	0b00000000
   00BE 06                  220 		.db	6
                            221 		;; character: '2' (50) 
   00BF FC                  222 		.db	0b11111100
   00C0 30                  223 		.db	0b00110000
   00C1 CC                  224 		.db	0b11001100
ASxxxx Assembler V02.00 + NoICE + SDCC mods + Flat24  (Zilog Z80 / Hitachi HD64180), page 5.



   00C2 0C                  225 		.db	0b00001100
   00C3 30                  226 		.db	0b00110000
   00C4 C0                  227 		.db	0b11000000
   00C5 C0                  228 		.db	0b11000000
   00C6 FC                  229 		.db	0b11111100
   00C7 00                  230 		.db	0b00000000
   00C8 06                  231 		.db	6
                            232 		;; character: '3' (51) 
   00C9 FC                  233 		.db	0b11111100
   00CA 30                  234 		.db	0b00110000
   00CB CC                  235 		.db	0b11001100
   00CC 0C                  236 		.db	0b00001100
   00CD 30                  237 		.db	0b00110000
   00CE 0C                  238 		.db	0b00001100
   00CF CC                  239 		.db	0b11001100
   00D0 30                  240 		.db	0b00110000
   00D1 00                  241 		.db	0b00000000
   00D2 06                  242 		.db	6
                            243 		;; character: '4' (52) 
   00D3 FC                  244 		.db	0b11111100
   00D4 0C                  245 		.db	0b00001100
   00D5 3C                  246 		.db	0b00111100
   00D6 CC                  247 		.db	0b11001100
   00D7 CC                  248 		.db	0b11001100
   00D8 FC                  249 		.db	0b11111100
   00D9 0C                  250 		.db	0b00001100
   00DA 0C                  251 		.db	0b00001100
   00DB 00                  252 		.db	0b00000000
   00DC 06                  253 		.db	6
                            254 		;; character: '5' (53) 
   00DD FC                  255 		.db	0b11111100
   00DE FC                  256 		.db	0b11111100
   00DF C0                  257 		.db	0b11000000
   00E0 F0                  258 		.db	0b11110000
   00E1 0C                  259 		.db	0b00001100
   00E2 CC                  260 		.db	0b11001100
   00E3 CC                  261 		.db	0b11001100
   00E4 30                  262 		.db	0b00110000
   00E5 00                  263 		.db	0b00000000
   00E6 06                  264 		.db	6
                            265 		;; character: '6' (54) 
   00E7 FC                  266 		.db	0b11111100
   00E8 30                  267 		.db	0b00110000
   00E9 CC                  268 		.db	0b11001100
   00EA C0                  269 		.db	0b11000000
   00EB F0                  270 		.db	0b11110000
   00EC CC                  271 		.db	0b11001100
   00ED CC                  272 		.db	0b11001100
   00EE 30                  273 		.db	0b00110000
   00EF 00                  274 		.db	0b00000000
   00F0 06                  275 		.db	6
                            276 		;; character: '7' (55) 
   00F1 FC                  277 		.db	0b11111100
   00F2 FC                  278 		.db	0b11111100
   00F3 0C                  279 		.db	0b00001100
   00F4 0C                  280 		.db	0b00001100
ASxxxx Assembler V02.00 + NoICE + SDCC mods + Flat24  (Zilog Z80 / Hitachi HD64180), page 6.



   00F5 0C                  281 		.db	0b00001100
   00F6 30                  282 		.db	0b00110000
   00F7 30                  283 		.db	0b00110000
   00F8 30                  284 		.db	0b00110000
   00F9 00                  285 		.db	0b00000000
   00FA 06                  286 		.db	6
                            287 		;; character: '8' (56) 
   00FB FC                  288 		.db	0b11111100
   00FC 30                  289 		.db	0b00110000
   00FD CC                  290 		.db	0b11001100
   00FE CC                  291 		.db	0b11001100
   00FF 30                  292 		.db	0b00110000
   0100 CC                  293 		.db	0b11001100
   0101 CC                  294 		.db	0b11001100
   0102 30                  295 		.db	0b00110000
   0103 00                  296 		.db	0b00000000
   0104 06                  297 		.db	6
                            298 		;; character: '9' (57) 
   0105 FC                  299 		.db	0b11111100
   0106 30                  300 		.db	0b00110000
   0107 CC                  301 		.db	0b11001100
   0108 CC                  302 		.db	0b11001100
   0109 3C                  303 		.db	0b00111100
   010A 0C                  304 		.db	0b00001100
   010B CC                  305 		.db	0b11001100
   010C 30                  306 		.db	0b00110000
   010D 00                  307 		.db	0b00000000
   010E 06                  308 		.db	6
                            309 		;; character: ':' (58) 
   010F C0                  310 		.db	0b11000000
   0110 00                  311 		.db	0b00000000
   0111 00                  312 		.db	0b00000000
   0112 C0                  313 		.db	0b11000000
   0113 C0                  314 		.db	0b11000000
   0114 00                  315 		.db	0b00000000
   0115 C0                  316 		.db	0b11000000
   0116 C0                  317 		.db	0b11000000
   0117 00                  318 		.db	0b00000000
   0118 02                  319 		.db	2
                            320 		;; character: ';' (59) 
   0119 F0                  321 		.db	0b11110000
   011A 00                  322 		.db	0b00000000
   011B 00                  323 		.db	0b00000000
   011C 30                  324 		.db	0b00110000
   011D 30                  325 		.db	0b00110000
   011E 00                  326 		.db	0b00000000
   011F 30                  327 		.db	0b00110000
   0120 30                  328 		.db	0b00110000
   0121 C0                  329 		.db	0b11000000
   0122 04                  330 		.db	4
                            331 		;; character: '<' (60) 
   0123 FC                  332 		.db	0b11111100
   0124 00                  333 		.db	0b00000000
   0125 0C                  334 		.db	0b00001100
   0126 30                  335 		.db	0b00110000
   0127 C0                  336 		.db	0b11000000
ASxxxx Assembler V02.00 + NoICE + SDCC mods + Flat24  (Zilog Z80 / Hitachi HD64180), page 7.



   0128 30                  337 		.db	0b00110000
   0129 0C                  338 		.db	0b00001100
   012A 00                  339 		.db	0b00000000
   012B 00                  340 		.db	0b00000000
   012C 06                  341 		.db	6
                            342 		;; character: '=' (61) 
   012D FC                  343 		.db	0b11111100
   012E 00                  344 		.db	0b00000000
   012F 00                  345 		.db	0b00000000
   0130 FC                  346 		.db	0b11111100
   0131 00                  347 		.db	0b00000000
   0132 FC                  348 		.db	0b11111100
   0133 00                  349 		.db	0b00000000
   0134 00                  350 		.db	0b00000000
   0135 00                  351 		.db	0b00000000
   0136 06                  352 		.db	6
                            353 		;; character: '>' (62) 
   0137 FC                  354 		.db	0b11111100
   0138 00                  355 		.db	0b00000000
   0139 C0                  356 		.db	0b11000000
   013A 30                  357 		.db	0b00110000
   013B 0C                  358 		.db	0b00001100
   013C 30                  359 		.db	0b00110000
   013D C0                  360 		.db	0b11000000
   013E 00                  361 		.db	0b00000000
   013F 00                  362 		.db	0b00000000
   0140 06                  363 		.db	6
                            364 		;; character: '?' (63) 
   0141 FC                  365 		.db	0b11111100
   0142 30                  366 		.db	0b00110000
   0143 CC                  367 		.db	0b11001100
   0144 0C                  368 		.db	0b00001100
   0145 30                  369 		.db	0b00110000
   0146 30                  370 		.db	0b00110000
   0147 00                  371 		.db	0b00000000
   0148 30                  372 		.db	0b00110000
   0149 00                  373 		.db	0b00000000
   014A 06                  374 		.db	6
                            375 		;; character: '@' (64) 
   014B FC                  376 		.db	0b11111100
   014C 38                  377 		.db	0b00111000
   014D CC                  378 		.db	0b11001100
   014E FC                  379 		.db	0b11111100
   014F CC                  380 		.db	0b11001100
   0150 FC                  381 		.db	0b11111100
   0151 C0                  382 		.db	0b11000000
   0152 3C                  383 		.db	0b00111100
   0153 00                  384 		.db	0b00000000
   0154 06                  385 		.db	6
                            386 		;; character: 'A' (65) 
   0155 FC                  387 		.db	0b11111100
   0156 30                  388 		.db	0b00110000
   0157 CC                  389 		.db	0b11001100
   0158 CC                  390 		.db	0b11001100
   0159 CC                  391 		.db	0b11001100
   015A FC                  392 		.db	0b11111100
ASxxxx Assembler V02.00 + NoICE + SDCC mods + Flat24  (Zilog Z80 / Hitachi HD64180), page 8.



   015B CC                  393 		.db	0b11001100
   015C CC                  394 		.db	0b11001100
   015D 00                  395 		.db	0b00000000
   015E 06                  396 		.db	6
                            397 		;; character: 'B' (66) 
   015F FC                  398 		.db	0b11111100
   0160 F0                  399 		.db	0b11110000
   0161 CC                  400 		.db	0b11001100
   0162 CC                  401 		.db	0b11001100
   0163 F0                  402 		.db	0b11110000
   0164 CC                  403 		.db	0b11001100
   0165 CC                  404 		.db	0b11001100
   0166 F0                  405 		.db	0b11110000
   0167 00                  406 		.db	0b00000000
   0168 06                  407 		.db	6
                            408 		;; character: 'C' (67) 
   0169 FC                  409 		.db	0b11111100
   016A 30                  410 		.db	0b00110000
   016B CC                  411 		.db	0b11001100
   016C C0                  412 		.db	0b11000000
   016D C0                  413 		.db	0b11000000
   016E C0                  414 		.db	0b11000000
   016F CC                  415 		.db	0b11001100
   0170 30                  416 		.db	0b00110000
   0171 00                  417 		.db	0b00000000
   0172 06                  418 		.db	6
                            419 		;; character: 'D' (68) 
   0173 FC                  420 		.db	0b11111100
   0174 F0                  421 		.db	0b11110000
   0175 CC                  422 		.db	0b11001100
   0176 CC                  423 		.db	0b11001100
   0177 CC                  424 		.db	0b11001100
   0178 CC                  425 		.db	0b11001100
   0179 CC                  426 		.db	0b11001100
   017A F0                  427 		.db	0b11110000
   017B 00                  428 		.db	0b00000000
   017C 06                  429 		.db	6
                            430 		;; character: 'E' (69) 
   017D FC                  431 		.db	0b11111100
   017E FC                  432 		.db	0b11111100
   017F C0                  433 		.db	0b11000000
   0180 C0                  434 		.db	0b11000000
   0181 F0                  435 		.db	0b11110000
   0182 C0                  436 		.db	0b11000000
   0183 C0                  437 		.db	0b11000000
   0184 FC                  438 		.db	0b11111100
   0185 00                  439 		.db	0b00000000
   0186 06                  440 		.db	6
                            441 		;; character: 'F' (70) 
   0187 FC                  442 		.db	0b11111100
   0188 FC                  443 		.db	0b11111100
   0189 C0                  444 		.db	0b11000000
   018A C0                  445 		.db	0b11000000
   018B F0                  446 		.db	0b11110000
   018C C0                  447 		.db	0b11000000
   018D C0                  448 		.db	0b11000000
ASxxxx Assembler V02.00 + NoICE + SDCC mods + Flat24  (Zilog Z80 / Hitachi HD64180), page 9.



   018E C0                  449 		.db	0b11000000
   018F 00                  450 		.db	0b00000000
   0190 06                  451 		.db	6
                            452 		;; character: 'G' (71) 
   0191 FC                  453 		.db	0b11111100
   0192 3C                  454 		.db	0b00111100
   0193 C0                  455 		.db	0b11000000
   0194 C0                  456 		.db	0b11000000
   0195 CC                  457 		.db	0b11001100
   0196 CC                  458 		.db	0b11001100
   0197 CC                  459 		.db	0b11001100
   0198 30                  460 		.db	0b00110000
   0199 00                  461 		.db	0b00000000
   019A 06                  462 		.db	6
                            463 		;; character: 'H' (72) 
   019B FC                  464 		.db	0b11111100
   019C CC                  465 		.db	0b11001100
   019D CC                  466 		.db	0b11001100
   019E CC                  467 		.db	0b11001100
   019F FC                  468 		.db	0b11111100
   01A0 CC                  469 		.db	0b11001100
   01A1 CC                  470 		.db	0b11001100
   01A2 CC                  471 		.db	0b11001100
   01A3 00                  472 		.db	0b00000000
   01A4 06                  473 		.db	6
                            474 		;; character: 'I' (73) 
   01A5 FC                  475 		.db	0b11111100
   01A6 FC                  476 		.db	0b11111100
   01A7 30                  477 		.db	0b00110000
   01A8 30                  478 		.db	0b00110000
   01A9 30                  479 		.db	0b00110000
   01AA 30                  480 		.db	0b00110000
   01AB 30                  481 		.db	0b00110000
   01AC FC                  482 		.db	0b11111100
   01AD 00                  483 		.db	0b00000000
   01AE 06                  484 		.db	6
                            485 		;; character: 'J' (74) 
   01AF FC                  486 		.db	0b11111100
   01B0 0C                  487 		.db	0b00001100
   01B1 0C                  488 		.db	0b00001100
   01B2 0C                  489 		.db	0b00001100
   01B3 0C                  490 		.db	0b00001100
   01B4 CC                  491 		.db	0b11001100
   01B5 CC                  492 		.db	0b11001100
   01B6 30                  493 		.db	0b00110000
   01B7 00                  494 		.db	0b00000000
   01B8 06                  495 		.db	6
                            496 		;; character: 'K' (75) 
   01B9 FC                  497 		.db	0b11111100
   01BA CC                  498 		.db	0b11001100
   01BB CC                  499 		.db	0b11001100
   01BC F0                  500 		.db	0b11110000
   01BD F0                  501 		.db	0b11110000
   01BE F0                  502 		.db	0b11110000
   01BF CC                  503 		.db	0b11001100
   01C0 CC                  504 		.db	0b11001100
ASxxxx Assembler V02.00 + NoICE + SDCC mods + Flat24  (Zilog Z80 / Hitachi HD64180), page 10.



   01C1 00                  505 		.db	0b00000000
   01C2 06                  506 		.db	6
                            507 		;; character: 'L' (76) 
   01C3 FC                  508 		.db	0b11111100
   01C4 C0                  509 		.db	0b11000000
   01C5 C0                  510 		.db	0b11000000
   01C6 C0                  511 		.db	0b11000000
   01C7 C0                  512 		.db	0b11000000
   01C8 C0                  513 		.db	0b11000000
   01C9 C0                  514 		.db	0b11000000
   01CA FC                  515 		.db	0b11111100
   01CB 00                  516 		.db	0b00000000
   01CC 06                  517 		.db	6
                            518 		;; character: 'M' (77) 
   01CD FC                  519 		.db	0b11111100
   01CE CC                  520 		.db	0b11001100
   01CF FC                  521 		.db	0b11111100
   01D0 FC                  522 		.db	0b11111100
   01D1 CC                  523 		.db	0b11001100
   01D2 CC                  524 		.db	0b11001100
   01D3 CC                  525 		.db	0b11001100
   01D4 CC                  526 		.db	0b11001100
   01D5 00                  527 		.db	0b00000000
   01D6 06                  528 		.db	6
                            529 		;; character: 'N' (78) 
   01D7 FC                  530 		.db	0b11111100
   01D8 CC                  531 		.db	0b11001100
   01D9 CC                  532 		.db	0b11001100
   01DA FC                  533 		.db	0b11111100
   01DB FC                  534 		.db	0b11111100
   01DC CC                  535 		.db	0b11001100
   01DD CC                  536 		.db	0b11001100
   01DE CC                  537 		.db	0b11001100
   01DF 00                  538 		.db	0b00000000
   01E0 06                  539 		.db	6
                            540 		;; character: 'O' (79) 
   01E1 FC                  541 		.db	0b11111100
   01E2 30                  542 		.db	0b00110000
   01E3 CC                  543 		.db	0b11001100
   01E4 CC                  544 		.db	0b11001100
   01E5 CC                  545 		.db	0b11001100
   01E6 CC                  546 		.db	0b11001100
   01E7 CC                  547 		.db	0b11001100
   01E8 30                  548 		.db	0b00110000
   01E9 00                  549 		.db	0b00000000
   01EA 06                  550 		.db	6
                            551 		;; character: 'P' (80) 
   01EB FC                  552 		.db	0b11111100
   01EC F0                  553 		.db	0b11110000
   01ED CC                  554 		.db	0b11001100
   01EE CC                  555 		.db	0b11001100
   01EF CC                  556 		.db	0b11001100
   01F0 F0                  557 		.db	0b11110000
   01F1 C0                  558 		.db	0b11000000
   01F2 C0                  559 		.db	0b11000000
   01F3 00                  560 		.db	0b00000000
ASxxxx Assembler V02.00 + NoICE + SDCC mods + Flat24  (Zilog Z80 / Hitachi HD64180), page 11.



   01F4 06                  561 		.db	6
                            562 		;; character: 'Q' (81) 
   01F5 FC                  563 		.db	0b11111100
   01F6 30                  564 		.db	0b00110000
   01F7 CC                  565 		.db	0b11001100
   01F8 CC                  566 		.db	0b11001100
   01F9 CC                  567 		.db	0b11001100
   01FA CC                  568 		.db	0b11001100
   01FB F0                  569 		.db	0b11110000
   01FC 3C                  570 		.db	0b00111100
   01FD 00                  571 		.db	0b00000000
   01FE 06                  572 		.db	6
                            573 		;; character: 'R' (82) 
   01FF FC                  574 		.db	0b11111100
   0200 F0                  575 		.db	0b11110000
   0201 CC                  576 		.db	0b11001100
   0202 CC                  577 		.db	0b11001100
   0203 F0                  578 		.db	0b11110000
   0204 CC                  579 		.db	0b11001100
   0205 CC                  580 		.db	0b11001100
   0206 CC                  581 		.db	0b11001100
   0207 00                  582 		.db	0b00000000
   0208 06                  583 		.db	6
                            584 		;; character: 'S' (83) 
   0209 FC                  585 		.db	0b11111100
   020A 30                  586 		.db	0b00110000
   020B CC                  587 		.db	0b11001100
   020C C0                  588 		.db	0b11000000
   020D 30                  589 		.db	0b00110000
   020E 0C                  590 		.db	0b00001100
   020F CC                  591 		.db	0b11001100
   0210 30                  592 		.db	0b00110000
   0211 00                  593 		.db	0b00000000
   0212 06                  594 		.db	6
                            595 		;; character: 'T' (84) 
   0213 FC                  596 		.db	0b11111100
   0214 FC                  597 		.db	0b11111100
   0215 30                  598 		.db	0b00110000
   0216 30                  599 		.db	0b00110000
   0217 30                  600 		.db	0b00110000
   0218 30                  601 		.db	0b00110000
   0219 30                  602 		.db	0b00110000
   021A 30                  603 		.db	0b00110000
   021B 00                  604 		.db	0b00000000
   021C 06                  605 		.db	6
                            606 		;; character: 'U' (85) 
   021D FC                  607 		.db	0b11111100
   021E CC                  608 		.db	0b11001100
   021F CC                  609 		.db	0b11001100
   0220 CC                  610 		.db	0b11001100
   0221 CC                  611 		.db	0b11001100
   0222 CC                  612 		.db	0b11001100
   0223 CC                  613 		.db	0b11001100
   0224 30                  614 		.db	0b00110000
   0225 00                  615 		.db	0b00000000
   0226 06                  616 		.db	6
ASxxxx Assembler V02.00 + NoICE + SDCC mods + Flat24  (Zilog Z80 / Hitachi HD64180), page 12.



                            617 		;; character: 'V' (86) 
   0227 FC                  618 		.db	0b11111100
   0228 CC                  619 		.db	0b11001100
   0229 CC                  620 		.db	0b11001100
   022A CC                  621 		.db	0b11001100
   022B CC                  622 		.db	0b11001100
   022C CC                  623 		.db	0b11001100
   022D 30                  624 		.db	0b00110000
   022E 30                  625 		.db	0b00110000
   022F 00                  626 		.db	0b00000000
   0230 06                  627 		.db	6
                            628 		;; character: 'W' (87) 
   0231 FC                  629 		.db	0b11111100
   0232 CC                  630 		.db	0b11001100
   0233 CC                  631 		.db	0b11001100
   0234 CC                  632 		.db	0b11001100
   0235 CC                  633 		.db	0b11001100
   0236 CC                  634 		.db	0b11001100
   0237 FC                  635 		.db	0b11111100
   0238 CC                  636 		.db	0b11001100
   0239 00                  637 		.db	0b00000000
   023A 06                  638 		.db	6
                            639 		;; character: 'X' (88) 
   023B FC                  640 		.db	0b11111100
   023C CC                  641 		.db	0b11001100
   023D CC                  642 		.db	0b11001100
   023E CC                  643 		.db	0b11001100
   023F 30                  644 		.db	0b00110000
   0240 CC                  645 		.db	0b11001100
   0241 CC                  646 		.db	0b11001100
   0242 CC                  647 		.db	0b11001100
   0243 00                  648 		.db	0b00000000
   0244 06                  649 		.db	6
                            650 		;; character: 'Y' (89) 
   0245 FC                  651 		.db	0b11111100
   0246 CC                  652 		.db	0b11001100
   0247 CC                  653 		.db	0b11001100
   0248 CC                  654 		.db	0b11001100
   0249 30                  655 		.db	0b00110000
   024A 30                  656 		.db	0b00110000
   024B 30                  657 		.db	0b00110000
   024C 30                  658 		.db	0b00110000
   024D 00                  659 		.db	0b00000000
   024E 06                  660 		.db	6
                            661 		;; character: 'Z' (90) 
   024F FC                  662 		.db	0b11111100
   0250 FC                  663 		.db	0b11111100
   0251 CC                  664 		.db	0b11001100
   0252 0C                  665 		.db	0b00001100
   0253 30                  666 		.db	0b00110000
   0254 C0                  667 		.db	0b11000000
   0255 CC                  668 		.db	0b11001100
   0256 FC                  669 		.db	0b11111100
   0257 00                  670 		.db	0b00000000
   0258 06                  671 		.db	6
                            672 		;; character: '[' (91) 
ASxxxx Assembler V02.00 + NoICE + SDCC mods + Flat24  (Zilog Z80 / Hitachi HD64180), page 13.



   0259 F0                  673 		.db	0b11110000
   025A F0                  674 		.db	0b11110000
   025B C0                  675 		.db	0b11000000
   025C C0                  676 		.db	0b11000000
   025D C0                  677 		.db	0b11000000
   025E C0                  678 		.db	0b11000000
   025F C0                  679 		.db	0b11000000
   0260 F0                  680 		.db	0b11110000
   0261 00                  681 		.db	0b00000000
   0262 04                  682 		.db	4
                            683 		;; character: '\' (92) 
   0263 FC                  684 		.db	0b11111100
   0264 00                  685 		.db	0b00000000
   0265 C0                  686 		.db	0b11000000
   0266 C0                  687 		.db	0b11000000
   0267 30                  688 		.db	0b00110000
   0268 30                  689 		.db	0b00110000
   0269 0C                  690 		.db	0b00001100
   026A 0C                  691 		.db	0b00001100
   026B 00                  692 		.db	0b00000000
   026C 06                  693 		.db	6
                            694 		;; character: ']' (93) 
   026D F0                  695 		.db	0b11110000
   026E F0                  696 		.db	0b11110000
   026F 30                  697 		.db	0b00110000
   0270 30                  698 		.db	0b00110000
   0271 30                  699 		.db	0b00110000
   0272 30                  700 		.db	0b00110000
   0273 30                  701 		.db	0b00110000
   0274 F0                  702 		.db	0b11110000
   0275 00                  703 		.db	0b00000000
   0276 04                  704 		.db	4
                            705 		;; character: '^' (94) 
   0277 FC                  706 		.db	0b11111100
   0278 30                  707 		.db	0b00110000
   0279 30                  708 		.db	0b00110000
   027A FC                  709 		.db	0b11111100
   027B FC                  710 		.db	0b11111100
   027C 30                  711 		.db	0b00110000
   027D 30                  712 		.db	0b00110000
   027E 30                  713 		.db	0b00110000
   027F 00                  714 		.db	0b00000000
   0280 06                  715 		.db	6
                            716 		;; character: '_' (95) 
   0281 FF                  717 		.db	0b11111111
   0282 00                  718 		.db	0b00000000
   0283 00                  719 		.db	0b00000000
   0284 00                  720 		.db	0b00000000
   0285 00                  721 		.db	0b00000000
   0286 00                  722 		.db	0b00000000
   0287 00                  723 		.db	0b00000000
   0288 00                  724 		.db	0b00000000
   0289 FF                  725 		.db	0b11111111
   028A 08                  726 		.db	8
                            727 		;; character: '`' (96) 
   028B FC                  728 		.db	0b11111100
ASxxxx Assembler V02.00 + NoICE + SDCC mods + Flat24  (Zilog Z80 / Hitachi HD64180), page 14.



   028C 30                  729 		.db	0b00110000
   028D CC                  730 		.db	0b11001100
   028E C0                  731 		.db	0b11000000
   028F F0                  732 		.db	0b11110000
   0290 C0                  733 		.db	0b11000000
   0291 C0                  734 		.db	0b11000000
   0292 FC                  735 		.db	0b11111100
   0293 00                  736 		.db	0b00000000
   0294 06                  737 		.db	6
                            738 		;; character: 'a' (97) 
   0295 FC                  739 		.db	0b11111100
   0296 00                  740 		.db	0b00000000
   0297 00                  741 		.db	0b00000000
   0298 30                  742 		.db	0b00110000
   0299 0C                  743 		.db	0b00001100
   029A 3C                  744 		.db	0b00111100
   029B CC                  745 		.db	0b11001100
   029C 3C                  746 		.db	0b00111100
   029D 00                  747 		.db	0b00000000
   029E 06                  748 		.db	6
                            749 		;; character: 'b' (98) 
   029F FC                  750 		.db	0b11111100
   02A0 00                  751 		.db	0b00000000
   02A1 C0                  752 		.db	0b11000000
   02A2 C0                  753 		.db	0b11000000
   02A3 F0                  754 		.db	0b11110000
   02A4 CC                  755 		.db	0b11001100
   02A5 CC                  756 		.db	0b11001100
   02A6 F0                  757 		.db	0b11110000
   02A7 00                  758 		.db	0b00000000
   02A8 06                  759 		.db	6
                            760 		;; character: 'c' (99) 
   02A9 FC                  761 		.db	0b11111100
   02AA 00                  762 		.db	0b00000000
   02AB 00                  763 		.db	0b00000000
   02AC 30                  764 		.db	0b00110000
   02AD CC                  765 		.db	0b11001100
   02AE C0                  766 		.db	0b11000000
   02AF CC                  767 		.db	0b11001100
   02B0 30                  768 		.db	0b00110000
   02B1 00                  769 		.db	0b00000000
   02B2 06                  770 		.db	6
                            771 		;; character: 'd' (100) 
   02B3 FC                  772 		.db	0b11111100
   02B4 00                  773 		.db	0b00000000
   02B5 0C                  774 		.db	0b00001100
   02B6 0C                  775 		.db	0b00001100
   02B7 3C                  776 		.db	0b00111100
   02B8 CC                  777 		.db	0b11001100
   02B9 CC                  778 		.db	0b11001100
   02BA 3C                  779 		.db	0b00111100
   02BB 00                  780 		.db	0b00000000
   02BC 06                  781 		.db	6
                            782 		;; character: 'e' (101) 
   02BD FC                  783 		.db	0b11111100
   02BE 00                  784 		.db	0b00000000
ASxxxx Assembler V02.00 + NoICE + SDCC mods + Flat24  (Zilog Z80 / Hitachi HD64180), page 15.



   02BF 00                  785 		.db	0b00000000
   02C0 30                  786 		.db	0b00110000
   02C1 CC                  787 		.db	0b11001100
   02C2 FC                  788 		.db	0b11111100
   02C3 C0                  789 		.db	0b11000000
   02C4 3C                  790 		.db	0b00111100
   02C5 00                  791 		.db	0b00000000
   02C6 06                  792 		.db	6
                            793 		;; character: 'f' (102) 
   02C7 FC                  794 		.db	0b11111100
   02C8 00                  795 		.db	0b00000000
   02C9 0C                  796 		.db	0b00001100
   02CA 30                  797 		.db	0b00110000
   02CB FC                  798 		.db	0b11111100
   02CC 30                  799 		.db	0b00110000
   02CD 30                  800 		.db	0b00110000
   02CE 30                  801 		.db	0b00110000
   02CF 00                  802 		.db	0b00000000
   02D0 06                  803 		.db	6
                            804 		;; character: 'g' (103) 
   02D1 FC                  805 		.db	0b11111100
   02D2 00                  806 		.db	0b00000000
   02D3 00                  807 		.db	0b00000000
   02D4 3C                  808 		.db	0b00111100
   02D5 CC                  809 		.db	0b11001100
   02D6 CC                  810 		.db	0b11001100
   02D7 3C                  811 		.db	0b00111100
   02D8 0C                  812 		.db	0b00001100
   02D9 30                  813 		.db	0b00110000
   02DA 06                  814 		.db	6
                            815 		;; character: 'h' (104) 
   02DB FC                  816 		.db	0b11111100
   02DC 00                  817 		.db	0b00000000
   02DD C0                  818 		.db	0b11000000
   02DE C0                  819 		.db	0b11000000
   02DF F0                  820 		.db	0b11110000
   02E0 CC                  821 		.db	0b11001100
   02E1 CC                  822 		.db	0b11001100
   02E2 CC                  823 		.db	0b11001100
   02E3 00                  824 		.db	0b00000000
   02E4 06                  825 		.db	6
                            826 		;; character: 'i' (105) 
   02E5 C0                  827 		.db	0b11000000
   02E6 00                  828 		.db	0b00000000
   02E7 C0                  829 		.db	0b11000000
   02E8 00                  830 		.db	0b00000000
   02E9 C0                  831 		.db	0b11000000
   02EA C0                  832 		.db	0b11000000
   02EB C0                  833 		.db	0b11000000
   02EC C0                  834 		.db	0b11000000
   02ED 00                  835 		.db	0b00000000
   02EE 02                  836 		.db	2
                            837 		;; character: 'j' (106) 
   02EF FC                  838 		.db	0b11111100
   02F0 00                  839 		.db	0b00000000
   02F1 0C                  840 		.db	0b00001100
ASxxxx Assembler V02.00 + NoICE + SDCC mods + Flat24  (Zilog Z80 / Hitachi HD64180), page 16.



   02F2 00                  841 		.db	0b00000000
   02F3 0C                  842 		.db	0b00001100
   02F4 0C                  843 		.db	0b00001100
   02F5 0C                  844 		.db	0b00001100
   02F6 CC                  845 		.db	0b11001100
   02F7 30                  846 		.db	0b00110000
   02F8 06                  847 		.db	6
                            848 		;; character: 'k' (107) 
   02F9 FC                  849 		.db	0b11111100
   02FA 00                  850 		.db	0b00000000
   02FB C0                  851 		.db	0b11000000
   02FC CC                  852 		.db	0b11001100
   02FD CC                  853 		.db	0b11001100
   02FE F0                  854 		.db	0b11110000
   02FF CC                  855 		.db	0b11001100
   0300 CC                  856 		.db	0b11001100
   0301 00                  857 		.db	0b00000000
   0302 06                  858 		.db	6
                            859 		;; character: 'l' (108) 
   0303 F0                  860 		.db	0b11110000
   0304 00                  861 		.db	0b00000000
   0305 C0                  862 		.db	0b11000000
   0306 C0                  863 		.db	0b11000000
   0307 C0                  864 		.db	0b11000000
   0308 C0                  865 		.db	0b11000000
   0309 C0                  866 		.db	0b11000000
   030A 30                  867 		.db	0b00110000
   030B 00                  868 		.db	0b00000000
   030C 04                  869 		.db	4
                            870 		;; character: 'm' (109) 
   030D FC                  871 		.db	0b11111100
   030E 00                  872 		.db	0b00000000
   030F 00                  873 		.db	0b00000000
   0310 CC                  874 		.db	0b11001100
   0311 FC                  875 		.db	0b11111100
   0312 FC                  876 		.db	0b11111100
   0313 CC                  877 		.db	0b11001100
   0314 CC                  878 		.db	0b11001100
   0315 00                  879 		.db	0b00000000
   0316 06                  880 		.db	6
                            881 		;; character: 'n' (110) 
   0317 FC                  882 		.db	0b11111100
   0318 00                  883 		.db	0b00000000
   0319 00                  884 		.db	0b00000000
   031A F0                  885 		.db	0b11110000
   031B CC                  886 		.db	0b11001100
   031C CC                  887 		.db	0b11001100
   031D CC                  888 		.db	0b11001100
   031E CC                  889 		.db	0b11001100
   031F 00                  890 		.db	0b00000000
   0320 06                  891 		.db	6
                            892 		;; character: 'o' (111) 
   0321 FC                  893 		.db	0b11111100
   0322 00                  894 		.db	0b00000000
   0323 00                  895 		.db	0b00000000
   0324 30                  896 		.db	0b00110000
ASxxxx Assembler V02.00 + NoICE + SDCC mods + Flat24  (Zilog Z80 / Hitachi HD64180), page 17.



   0325 CC                  897 		.db	0b11001100
   0326 CC                  898 		.db	0b11001100
   0327 CC                  899 		.db	0b11001100
   0328 30                  900 		.db	0b00110000
   0329 00                  901 		.db	0b00000000
   032A 06                  902 		.db	6
                            903 		;; character: 'p' (112) 
   032B FC                  904 		.db	0b11111100
   032C 00                  905 		.db	0b00000000
   032D 00                  906 		.db	0b00000000
   032E F0                  907 		.db	0b11110000
   032F CC                  908 		.db	0b11001100
   0330 CC                  909 		.db	0b11001100
   0331 F0                  910 		.db	0b11110000
   0332 C0                  911 		.db	0b11000000
   0333 C0                  912 		.db	0b11000000
   0334 06                  913 		.db	6
                            914 		;; character: 'q' (113) 
   0335 FC                  915 		.db	0b11111100
   0336 00                  916 		.db	0b00000000
   0337 00                  917 		.db	0b00000000
   0338 3C                  918 		.db	0b00111100
   0339 CC                  919 		.db	0b11001100
   033A CC                  920 		.db	0b11001100
   033B 3C                  921 		.db	0b00111100
   033C 0C                  922 		.db	0b00001100
   033D 0C                  923 		.db	0b00001100
   033E 06                  924 		.db	6
                            925 		;; character: 'r' (114) 
   033F FC                  926 		.db	0b11111100
   0340 00                  927 		.db	0b00000000
   0341 00                  928 		.db	0b00000000
   0342 CC                  929 		.db	0b11001100
   0343 F0                  930 		.db	0b11110000
   0344 C0                  931 		.db	0b11000000
   0345 C0                  932 		.db	0b11000000
   0346 C0                  933 		.db	0b11000000
   0347 00                  934 		.db	0b00000000
   0348 06                  935 		.db	6
                            936 		;; character: 's' (115) 
   0349 FC                  937 		.db	0b11111100
   034A 00                  938 		.db	0b00000000
   034B 00                  939 		.db	0b00000000
   034C 3C                  940 		.db	0b00111100
   034D C0                  941 		.db	0b11000000
   034E 30                  942 		.db	0b00110000
   034F 0C                  943 		.db	0b00001100
   0350 F0                  944 		.db	0b11110000
   0351 00                  945 		.db	0b00000000
   0352 06                  946 		.db	6
                            947 		;; character: 't' (116) 
   0353 FC                  948 		.db	0b11111100
   0354 00                  949 		.db	0b00000000
   0355 30                  950 		.db	0b00110000
   0356 FC                  951 		.db	0b11111100
   0357 30                  952 		.db	0b00110000
ASxxxx Assembler V02.00 + NoICE + SDCC mods + Flat24  (Zilog Z80 / Hitachi HD64180), page 18.



   0358 30                  953 		.db	0b00110000
   0359 30                  954 		.db	0b00110000
   035A 0C                  955 		.db	0b00001100
   035B 00                  956 		.db	0b00000000
   035C 06                  957 		.db	6
                            958 		;; character: 'u' (117) 
   035D FC                  959 		.db	0b11111100
   035E 00                  960 		.db	0b00000000
   035F 00                  961 		.db	0b00000000
   0360 CC                  962 		.db	0b11001100
   0361 CC                  963 		.db	0b11001100
   0362 CC                  964 		.db	0b11001100
   0363 CC                  965 		.db	0b11001100
   0364 30                  966 		.db	0b00110000
   0365 00                  967 		.db	0b00000000
   0366 06                  968 		.db	6
                            969 		;; character: 'v' (118) 
   0367 FC                  970 		.db	0b11111100
   0368 00                  971 		.db	0b00000000
   0369 00                  972 		.db	0b00000000
   036A CC                  973 		.db	0b11001100
   036B CC                  974 		.db	0b11001100
   036C CC                  975 		.db	0b11001100
   036D 30                  976 		.db	0b00110000
   036E 30                  977 		.db	0b00110000
   036F 00                  978 		.db	0b00000000
   0370 06                  979 		.db	6
                            980 		;; character: 'w' (119) 
   0371 FC                  981 		.db	0b11111100
   0372 00                  982 		.db	0b00000000
   0373 00                  983 		.db	0b00000000
   0374 CC                  984 		.db	0b11001100
   0375 CC                  985 		.db	0b11001100
   0376 FC                  986 		.db	0b11111100
   0377 FC                  987 		.db	0b11111100
   0378 CC                  988 		.db	0b11001100
   0379 00                  989 		.db	0b00000000
   037A 06                  990 		.db	6
                            991 		;; character: 'x' (120) 
   037B FC                  992 		.db	0b11111100
   037C 00                  993 		.db	0b00000000
   037D 00                  994 		.db	0b00000000
   037E CC                  995 		.db	0b11001100
   037F CC                  996 		.db	0b11001100
   0380 30                  997 		.db	0b00110000
   0381 CC                  998 		.db	0b11001100
   0382 CC                  999 		.db	0b11001100
   0383 00                 1000 		.db	0b00000000
   0384 06                 1001 		.db	6
                           1002 		;; character: 'y' (121) 
   0385 FC                 1003 		.db	0b11111100
   0386 00                 1004 		.db	0b00000000
   0387 00                 1005 		.db	0b00000000
   0388 CC                 1006 		.db	0b11001100
   0389 CC                 1007 		.db	0b11001100
   038A CC                 1008 		.db	0b11001100
ASxxxx Assembler V02.00 + NoICE + SDCC mods + Flat24  (Zilog Z80 / Hitachi HD64180), page 19.



   038B 3C                 1009 		.db	0b00111100
   038C 0C                 1010 		.db	0b00001100
   038D F0                 1011 		.db	0b11110000
   038E 06                 1012 		.db	6
                           1013 		;; character: 'z' (122) 
   038F FC                 1014 		.db	0b11111100
   0390 00                 1015 		.db	0b00000000
   0391 00                 1016 		.db	0b00000000
   0392 FC                 1017 		.db	0b11111100
   0393 0C                 1018 		.db	0b00001100
   0394 30                 1019 		.db	0b00110000
   0395 C0                 1020 		.db	0b11000000
   0396 FC                 1021 		.db	0b11111100
   0397 00                 1022 		.db	0b00000000
   0398 06                 1023 		.db	6
                           1024 		;; character: '{' (123) 
   0399 FC                 1025 		.db	0b11111100
   039A 0C                 1026 		.db	0b00001100
   039B 30                 1027 		.db	0b00110000
   039C 30                 1028 		.db	0b00110000
   039D C0                 1029 		.db	0b11000000
   039E 30                 1030 		.db	0b00110000
   039F 30                 1031 		.db	0b00110000
   03A0 0C                 1032 		.db	0b00001100
   03A1 00                 1033 		.db	0b00000000
   03A2 06                 1034 		.db	6
                           1035 		;; character: '|' (124) 
   03A3 C0                 1036 		.db	0b11000000
   03A4 C0                 1037 		.db	0b11000000
   03A5 C0                 1038 		.db	0b11000000
   03A6 C0                 1039 		.db	0b11000000
   03A7 C0                 1040 		.db	0b11000000
   03A8 C0                 1041 		.db	0b11000000
   03A9 C0                 1042 		.db	0b11000000
   03AA C0                 1043 		.db	0b11000000
   03AB 00                 1044 		.db	0b00000000
   03AC 02                 1045 		.db	2
                           1046 		;; character: '}' (125) 
   03AD FC                 1047 		.db	0b11111100
   03AE C0                 1048 		.db	0b11000000
   03AF 30                 1049 		.db	0b00110000
   03B0 30                 1050 		.db	0b00110000
   03B1 0C                 1051 		.db	0b00001100
   03B2 30                 1052 		.db	0b00110000
   03B3 30                 1053 		.db	0b00110000
   03B4 C0                 1054 		.db	0b11000000
   03B5 00                 1055 		.db	0b00000000
   03B6 06                 1056 		.db	6
                           1057 		;; character: '~' (126) 
   03B7 FC                 1058 		.db	0b11111100
   03B8 30                 1059 		.db	0b00110000
   03B9 CC                 1060 		.db	0b11001100
   03BA 30                 1061 		.db	0b00110000
   03BB 00                 1062 		.db	0b00000000
   03BC 00                 1063 		.db	0b00000000
   03BD 00                 1064 		.db	0b00000000
ASxxxx Assembler V02.00 + NoICE + SDCC mods + Flat24  (Zilog Z80 / Hitachi HD64180), page 20.



   03BE 00                 1065 		.db	0b00000000
   03BF 00                 1066 		.db	0b00000000
   03C0 06                 1067 		.db	6
                           1068 		;; character: '(c)' (127) 
   03C1 FC                 1069 		.db	0b11111100
   03C2 30                 1070 		.db	0b00110000
   03C3 CC                 1071 		.db	0b11001100
   03C4 FC                 1072 		.db	0b11111100
   03C5 CC                 1073 		.db	0b11001100
   03C6 CC                 1074 		.db	0b11001100
   03C7 FC                 1075 		.db	0b11111100
   03C8 CC                 1076 		.db	0b11001100
   03C9 30                 1077 		.db	0b00110000
   03CA 06                 1078 		.db	6
                           1079 		;; character: 'yeah' (128) 
   03CB FF                 1080 		.db	0b11111111
   03CC 00                 1081 		.db	0b00000000
   03CD 00                 1082 		.db	0b00000000
   03CE 00                 1083 		.db	0b00000000
   03CF 00                 1084 		.db	0b00000000
   03D0 00                 1085 		.db	0b00000000
   03D1 00                 1086 		.db	0b00000000
   03D2 00                 1087 		.db	0b00000000
   03D3 00                 1088 		.db	0b00000000
   03D4 08                 1089 		.db	8
                           1090 
                           1091 		;; T-T-T-That's all folks! 
