ASxxxx Assembler V02.00 + NoICE + SDCC mods + Flat24  (Zilog Z80 / Hitachi HD64180), page 1.



                              1 		;;	cour-new.s
                              2 		;;	courier new font
                              3 		;;
                              4 		;;	notes: see font.h for font format details
                              5 		.module cour_new_font		 
                              6 		
                              7 		.globl	_cour_new_font
                              8 		
                              9 		.area	_CODE
   0000                      10 _cour_new_font::
   0000 21 04 00             11 		ld	hl,#cour_new_font
   0003 C9                   12 		ret
                             13 
   0004                      14 cour_new_font:
                             15 		;; font header 
   0004 07                   16 		.db	7			;; font generation 1 
   0005 20                   17 		.db	32			;; first ascii
   0006 7F                   18 		.db	127			;; last ascii
   0007 01                   19 		.db	1			;; bytes per glyph line 
   0008 08                   20 		.db	8			;; glyph lines 
   0009 01                   21 		.db	1			;; xmax 
   000A 01                   22 		.db	1			;; descent 
                             23 
                             24 		;; character: ' ' (32) 
   000B F8                   25 		.db	0b11111000
   000C 00                   26 		.db	0b00000000
   000D 00                   27 		.db	0b00000000
   000E 00                   28 		.db	0b00000000
   000F 00                   29 		.db	0b00000000
   0010 00                   30 		.db	0b00000000
   0011 00                   31 		.db	0b00000000
   0012 00                   32 		.db	0b00000000
   0013 00                   33 		.db	0b00000000
   0014 04                   34 		.db	4
                             35 		;; character: '!' (33) 
   0015 80                   36 		.db	0b10000000
   0016 80                   37 		.db	0b10000000
   0017 80                   38 		.db	0b10000000
   0018 80                   39 		.db	0b10000000
   0019 80                   40 		.db	0b10000000
   001A 80                   41 		.db	0b10000000
   001B 00                   42 		.db	0b00000000
   001C 80                   43 		.db	0b10000000
   001D 00                   44 		.db	0b00000000
   001E 01                   45 		.db	1
                             46 		;; character: '"' (34) 
   001F E0                   47 		.db	0b11100000
   0020 A0                   48 		.db	0b10100000
   0021 A0                   49 		.db	0b10100000
   0022 A0                   50 		.db	0b10100000
   0023 00                   51 		.db	0b00000000
   0024 00                   52 		.db	0b00000000
   0025 00                   53 		.db	0b00000000
   0026 00                   54 		.db	0b00000000
   0027 00                   55 		.db	0b00000000
   0028 03                   56 		.db	3
ASxxxx Assembler V02.00 + NoICE + SDCC mods + Flat24  (Zilog Z80 / Hitachi HD64180), page 2.



                             57 		;; character: '#' (35) 
   0029 F8                   58 		.db	0b11111000
   002A 28                   59 		.db	0b00101000
   002B 50                   60 		.db	0b01010000
   002C F8                   61 		.db	0b11111000
   002D 50                   62 		.db	0b01010000
   002E 50                   63 		.db	0b01010000
   002F F8                   64 		.db	0b11111000
   0030 50                   65 		.db	0b01010000
   0031 A0                   66 		.db	0b10100000
   0032 05                   67 		.db	5
                             68 		;; character: '$' (36) 
   0033 F0                   69 		.db	0b11110000
   0034 20                   70 		.db	0b00100000
   0035 70                   71 		.db	0b01110000
   0036 80                   72 		.db	0b10000000
   0037 60                   73 		.db	0b01100000
   0038 10                   74 		.db	0b00010000
   0039 E0                   75 		.db	0b11100000
   003A 40                   76 		.db	0b01000000
   003B 40                   77 		.db	0b01000000
   003C 04                   78 		.db	4
                             79 		;; character: '%' (37) 
   003D F8                   80 		.db	0b11111000
   003E 40                   81 		.db	0b01000000
   003F A0                   82 		.db	0b10100000
   0040 40                   83 		.db	0b01000000
   0041 F8                   84 		.db	0b11111000
   0042 10                   85 		.db	0b00010000
   0043 28                   86 		.db	0b00101000
   0044 10                   87 		.db	0b00010000
   0045 00                   88 		.db	0b00000000
   0046 05                   89 		.db	5
                             90 		;; character: '&' (38) 
   0047 F8                   91 		.db	0b11111000
   0048 00                   92 		.db	0b00000000
   0049 30                   93 		.db	0b00110000
   004A 40                   94 		.db	0b01000000
   004B 40                   95 		.db	0b01000000
   004C B0                   96 		.db	0b10110000
   004D 90                   97 		.db	0b10010000
   004E 68                   98 		.db	0b01101000
   004F 00                   99 		.db	0b00000000
   0050 05                  100 		.db	5
                            101 		;; character: ''' (39) 
   0051 80                  102 		.db	0b10000000
   0052 80                  103 		.db	0b10000000
   0053 80                  104 		.db	0b10000000
   0054 80                  105 		.db	0b10000000
   0055 00                  106 		.db	0b00000000
   0056 00                  107 		.db	0b00000000
   0057 00                  108 		.db	0b00000000
   0058 00                  109 		.db	0b00000000
   0059 00                  110 		.db	0b00000000
   005A 01                  111 		.db	1
                            112 		;; character: '(' (40) 
ASxxxx Assembler V02.00 + NoICE + SDCC mods + Flat24  (Zilog Z80 / Hitachi HD64180), page 3.



   005B C0                  113 		.db	0b11000000
   005C 40                  114 		.db	0b01000000
   005D 40                  115 		.db	0b01000000
   005E 80                  116 		.db	0b10000000
   005F 80                  117 		.db	0b10000000
   0060 80                  118 		.db	0b10000000
   0061 80                  119 		.db	0b10000000
   0062 40                  120 		.db	0b01000000
   0063 40                  121 		.db	0b01000000
   0064 02                  122 		.db	2
                            123 		;; character: ')' (41) 
   0065 C0                  124 		.db	0b11000000
   0066 80                  125 		.db	0b10000000
   0067 80                  126 		.db	0b10000000
   0068 40                  127 		.db	0b01000000
   0069 40                  128 		.db	0b01000000
   006A 40                  129 		.db	0b01000000
   006B 40                  130 		.db	0b01000000
   006C 80                  131 		.db	0b10000000
   006D 80                  132 		.db	0b10000000
   006E 02                  133 		.db	2
                            134 		;; character: '*' (42) 
   006F F8                  135 		.db	0b11111000
   0070 00                  136 		.db	0b00000000
   0071 00                  137 		.db	0b00000000
   0072 20                  138 		.db	0b00100000
   0073 F8                  139 		.db	0b11111000
   0074 20                  140 		.db	0b00100000
   0075 50                  141 		.db	0b01010000
   0076 00                  142 		.db	0b00000000
   0077 00                  143 		.db	0b00000000
   0078 05                  144 		.db	5
                            145 		;; character: '+' (43) 
   0079 F8                  146 		.db	0b11111000
   007A 20                  147 		.db	0b00100000
   007B 20                  148 		.db	0b00100000
   007C 20                  149 		.db	0b00100000
   007D F8                  150 		.db	0b11111000
   007E 20                  151 		.db	0b00100000
   007F 20                  152 		.db	0b00100000
   0080 20                  153 		.db	0b00100000
   0081 00                  154 		.db	0b00000000
   0082 05                  155 		.db	5
                            156 		;; character: ',' (44) 
   0083 E0                  157 		.db	0b11100000
   0084 00                  158 		.db	0b00000000
   0085 00                  159 		.db	0b00000000
   0086 00                  160 		.db	0b00000000
   0087 00                  161 		.db	0b00000000
   0088 00                  162 		.db	0b00000000
   0089 60                  163 		.db	0b01100000
   008A C0                  164 		.db	0b11000000
   008B 80                  165 		.db	0b10000000
   008C 03                  166 		.db	3
                            167 		;; character: '-' (45) 
   008D F8                  168 		.db	0b11111000
ASxxxx Assembler V02.00 + NoICE + SDCC mods + Flat24  (Zilog Z80 / Hitachi HD64180), page 4.



   008E 00                  169 		.db	0b00000000
   008F 00                  170 		.db	0b00000000
   0090 00                  171 		.db	0b00000000
   0091 F8                  172 		.db	0b11111000
   0092 00                  173 		.db	0b00000000
   0093 00                  174 		.db	0b00000000
   0094 00                  175 		.db	0b00000000
   0095 00                  176 		.db	0b00000000
   0096 05                  177 		.db	5
                            178 		;; character: '.' (46) 
   0097 C0                  179 		.db	0b11000000
   0098 00                  180 		.db	0b00000000
   0099 00                  181 		.db	0b00000000
   009A 00                  182 		.db	0b00000000
   009B 00                  183 		.db	0b00000000
   009C 00                  184 		.db	0b00000000
   009D 00                  185 		.db	0b00000000
   009E C0                  186 		.db	0b11000000
   009F 00                  187 		.db	0b00000000
   00A0 02                  188 		.db	2
                            189 		;; character: '/' (47) 
   00A1 F8                  190 		.db	0b11111000
   00A2 08                  191 		.db	0b00001000
   00A3 10                  192 		.db	0b00010000
   00A4 10                  193 		.db	0b00010000
   00A5 20                  194 		.db	0b00100000
   00A6 20                  195 		.db	0b00100000
   00A7 40                  196 		.db	0b01000000
   00A8 40                  197 		.db	0b01000000
   00A9 80                  198 		.db	0b10000000
   00AA 05                  199 		.db	5
                            200 		;; character: '0' (48) 
   00AB F8                  201 		.db	0b11111000
   00AC 70                  202 		.db	0b01110000
   00AD 88                  203 		.db	0b10001000
   00AE 88                  204 		.db	0b10001000
   00AF 88                  205 		.db	0b10001000
   00B0 88                  206 		.db	0b10001000
   00B1 88                  207 		.db	0b10001000
   00B2 70                  208 		.db	0b01110000
   00B3 00                  209 		.db	0b00000000
   00B4 05                  210 		.db	5
                            211 		;; character: '1' (49) 
   00B5 F8                  212 		.db	0b11111000
   00B6 60                  213 		.db	0b01100000
   00B7 20                  214 		.db	0b00100000
   00B8 20                  215 		.db	0b00100000
   00B9 20                  216 		.db	0b00100000
   00BA 20                  217 		.db	0b00100000
   00BB 20                  218 		.db	0b00100000
   00BC F8                  219 		.db	0b11111000
   00BD 00                  220 		.db	0b00000000
   00BE 05                  221 		.db	5
                            222 		;; character: '2' (50) 
   00BF F8                  223 		.db	0b11111000
   00C0 70                  224 		.db	0b01110000
ASxxxx Assembler V02.00 + NoICE + SDCC mods + Flat24  (Zilog Z80 / Hitachi HD64180), page 5.



   00C1 88                  225 		.db	0b10001000
   00C2 10                  226 		.db	0b00010000
   00C3 20                  227 		.db	0b00100000
   00C4 40                  228 		.db	0b01000000
   00C5 80                  229 		.db	0b10000000
   00C6 F8                  230 		.db	0b11111000
   00C7 00                  231 		.db	0b00000000
   00C8 05                  232 		.db	5
                            233 		;; character: '3' (51) 
   00C9 F8                  234 		.db	0b11111000
   00CA 70                  235 		.db	0b01110000
   00CB 88                  236 		.db	0b10001000
   00CC 08                  237 		.db	0b00001000
   00CD 30                  238 		.db	0b00110000
   00CE 08                  239 		.db	0b00001000
   00CF 88                  240 		.db	0b10001000
   00D0 70                  241 		.db	0b01110000
   00D1 00                  242 		.db	0b00000000
   00D2 05                  243 		.db	5
                            244 		;; character: '4' (52) 
   00D3 F8                  245 		.db	0b11111000
   00D4 10                  246 		.db	0b00010000
   00D5 30                  247 		.db	0b00110000
   00D6 50                  248 		.db	0b01010000
   00D7 90                  249 		.db	0b10010000
   00D8 F8                  250 		.db	0b11111000
   00D9 10                  251 		.db	0b00010000
   00DA 38                  252 		.db	0b00111000
   00DB 00                  253 		.db	0b00000000
   00DC 05                  254 		.db	5
                            255 		;; character: '5' (53) 
   00DD F8                  256 		.db	0b11111000
   00DE 78                  257 		.db	0b01111000
   00DF 40                  258 		.db	0b01000000
   00E0 40                  259 		.db	0b01000000
   00E1 70                  260 		.db	0b01110000
   00E2 08                  261 		.db	0b00001000
   00E3 88                  262 		.db	0b10001000
   00E4 70                  263 		.db	0b01110000
   00E5 00                  264 		.db	0b00000000
   00E6 05                  265 		.db	5
                            266 		;; character: '6' (54) 
   00E7 F8                  267 		.db	0b11111000
   00E8 38                  268 		.db	0b00111000
   00E9 40                  269 		.db	0b01000000
   00EA 80                  270 		.db	0b10000000
   00EB F0                  271 		.db	0b11110000
   00EC 88                  272 		.db	0b10001000
   00ED 88                  273 		.db	0b10001000
   00EE 70                  274 		.db	0b01110000
   00EF 00                  275 		.db	0b00000000
   00F0 05                  276 		.db	5
                            277 		;; character: '7' (55) 
   00F1 F8                  278 		.db	0b11111000
   00F2 F8                  279 		.db	0b11111000
   00F3 88                  280 		.db	0b10001000
ASxxxx Assembler V02.00 + NoICE + SDCC mods + Flat24  (Zilog Z80 / Hitachi HD64180), page 6.



   00F4 08                  281 		.db	0b00001000
   00F5 10                  282 		.db	0b00010000
   00F6 10                  283 		.db	0b00010000
   00F7 20                  284 		.db	0b00100000
   00F8 20                  285 		.db	0b00100000
   00F9 00                  286 		.db	0b00000000
   00FA 05                  287 		.db	5
                            288 		;; character: '8' (56) 
   00FB F8                  289 		.db	0b11111000
   00FC 70                  290 		.db	0b01110000
   00FD 88                  291 		.db	0b10001000
   00FE 88                  292 		.db	0b10001000
   00FF 70                  293 		.db	0b01110000
   0100 88                  294 		.db	0b10001000
   0101 88                  295 		.db	0b10001000
   0102 70                  296 		.db	0b01110000
   0103 00                  297 		.db	0b00000000
   0104 05                  298 		.db	5
                            299 		;; character: '9' (57) 
   0105 F8                  300 		.db	0b11111000
   0106 70                  301 		.db	0b01110000
   0107 88                  302 		.db	0b10001000
   0108 88                  303 		.db	0b10001000
   0109 78                  304 		.db	0b01111000
   010A 08                  305 		.db	0b00001000
   010B 10                  306 		.db	0b00010000
   010C 60                  307 		.db	0b01100000
   010D 00                  308 		.db	0b00000000
   010E 05                  309 		.db	5
                            310 		;; character: ':' (58) 
   010F C0                  311 		.db	0b11000000
   0110 00                  312 		.db	0b00000000
   0111 00                  313 		.db	0b00000000
   0112 C0                  314 		.db	0b11000000
   0113 00                  315 		.db	0b00000000
   0114 00                  316 		.db	0b00000000
   0115 00                  317 		.db	0b00000000
   0116 C0                  318 		.db	0b11000000
   0117 00                  319 		.db	0b00000000
   0118 02                  320 		.db	2
                            321 		;; character: ';' (59) 
   0119 E0                  322 		.db	0b11100000
   011A 00                  323 		.db	0b00000000
   011B 00                  324 		.db	0b00000000
   011C 60                  325 		.db	0b01100000
   011D 00                  326 		.db	0b00000000
   011E 00                  327 		.db	0b00000000
   011F 60                  328 		.db	0b01100000
   0120 C0                  329 		.db	0b11000000
   0121 80                  330 		.db	0b10000000
   0122 03                  331 		.db	3
                            332 		;; character: '<' (60) 
   0123 F8                  333 		.db	0b11111000
   0124 00                  334 		.db	0b00000000
   0125 08                  335 		.db	0b00001000
   0126 30                  336 		.db	0b00110000
ASxxxx Assembler V02.00 + NoICE + SDCC mods + Flat24  (Zilog Z80 / Hitachi HD64180), page 7.



   0127 C0                  337 		.db	0b11000000
   0128 30                  338 		.db	0b00110000
   0129 08                  339 		.db	0b00001000
   012A 00                  340 		.db	0b00000000
   012B 00                  341 		.db	0b00000000
   012C 05                  342 		.db	5
                            343 		;; character: '=' (61) 
   012D F8                  344 		.db	0b11111000
   012E 00                  345 		.db	0b00000000
   012F 00                  346 		.db	0b00000000
   0130 F8                  347 		.db	0b11111000
   0131 00                  348 		.db	0b00000000
   0132 F8                  349 		.db	0b11111000
   0133 00                  350 		.db	0b00000000
   0134 00                  351 		.db	0b00000000
   0135 00                  352 		.db	0b00000000
   0136 05                  353 		.db	5
                            354 		;; character: '>' (62) 
   0137 F8                  355 		.db	0b11111000
   0138 00                  356 		.db	0b00000000
   0139 80                  357 		.db	0b10000000
   013A 60                  358 		.db	0b01100000
   013B 18                  359 		.db	0b00011000
   013C 60                  360 		.db	0b01100000
   013D 80                  361 		.db	0b10000000
   013E 00                  362 		.db	0b00000000
   013F 00                  363 		.db	0b00000000
   0140 05                  364 		.db	5
                            365 		;; character: '?' (63) 
   0141 F8                  366 		.db	0b11111000
   0142 70                  367 		.db	0b01110000
   0143 88                  368 		.db	0b10001000
   0144 08                  369 		.db	0b00001000
   0145 10                  370 		.db	0b00010000
   0146 10                  371 		.db	0b00010000
   0147 00                  372 		.db	0b00000000
   0148 30                  373 		.db	0b00110000
   0149 00                  374 		.db	0b00000000
   014A 05                  375 		.db	5
                            376 		;; character: '@' (64) 
   014B F8                  377 		.db	0b11111000
   014C 70                  378 		.db	0b01110000
   014D 88                  379 		.db	0b10001000
   014E 98                  380 		.db	0b10011000
   014F A8                  381 		.db	0b10101000
   0150 A8                  382 		.db	0b10101000
   0151 98                  383 		.db	0b10011000
   0152 80                  384 		.db	0b10000000
   0153 78                  385 		.db	0b01111000
   0154 05                  386 		.db	5
                            387 		;; character: 'A' (65) 
   0155 FE                  388 		.db	0b11111110
   0156 30                  389 		.db	0b00110000
   0157 10                  390 		.db	0b00010000
   0158 28                  391 		.db	0b00101000
   0159 28                  392 		.db	0b00101000
ASxxxx Assembler V02.00 + NoICE + SDCC mods + Flat24  (Zilog Z80 / Hitachi HD64180), page 8.



   015A 38                  393 		.db	0b00111000
   015B 44                  394 		.db	0b01000100
   015C EE                  395 		.db	0b11101110
   015D 00                  396 		.db	0b00000000
   015E 07                  397 		.db	7
                            398 		;; character: 'B' (66) 
   015F FC                  399 		.db	0b11111100
   0160 F8                  400 		.db	0b11111000
   0161 44                  401 		.db	0b01000100
   0162 44                  402 		.db	0b01000100
   0163 78                  403 		.db	0b01111000
   0164 44                  404 		.db	0b01000100
   0165 44                  405 		.db	0b01000100
   0166 F8                  406 		.db	0b11111000
   0167 00                  407 		.db	0b00000000
   0168 06                  408 		.db	6
                            409 		;; character: 'C' (67) 
   0169 F8                  410 		.db	0b11111000
   016A 78                  411 		.db	0b01111000
   016B 88                  412 		.db	0b10001000
   016C 80                  413 		.db	0b10000000
   016D 80                  414 		.db	0b10000000
   016E 80                  415 		.db	0b10000000
   016F 88                  416 		.db	0b10001000
   0170 70                  417 		.db	0b01110000
   0171 00                  418 		.db	0b00000000
   0172 05                  419 		.db	5
                            420 		;; character: 'D' (68) 
   0173 FC                  421 		.db	0b11111100
   0174 F0                  422 		.db	0b11110000
   0175 48                  423 		.db	0b01001000
   0176 44                  424 		.db	0b01000100
   0177 44                  425 		.db	0b01000100
   0178 44                  426 		.db	0b01000100
   0179 48                  427 		.db	0b01001000
   017A F0                  428 		.db	0b11110000
   017B 00                  429 		.db	0b00000000
   017C 06                  430 		.db	6
                            431 		;; character: 'E' (69) 
   017D FC                  432 		.db	0b11111100
   017E FC                  433 		.db	0b11111100
   017F 44                  434 		.db	0b01000100
   0180 50                  435 		.db	0b01010000
   0181 70                  436 		.db	0b01110000
   0182 50                  437 		.db	0b01010000
   0183 44                  438 		.db	0b01000100
   0184 FC                  439 		.db	0b11111100
   0185 00                  440 		.db	0b00000000
   0186 06                  441 		.db	6
                            442 		;; character: 'F' (70) 
   0187 FC                  443 		.db	0b11111100
   0188 FC                  444 		.db	0b11111100
   0189 44                  445 		.db	0b01000100
   018A 50                  446 		.db	0b01010000
   018B 70                  447 		.db	0b01110000
   018C 50                  448 		.db	0b01010000
ASxxxx Assembler V02.00 + NoICE + SDCC mods + Flat24  (Zilog Z80 / Hitachi HD64180), page 9.



   018D 40                  449 		.db	0b01000000
   018E E0                  450 		.db	0b11100000
   018F 00                  451 		.db	0b00000000
   0190 06                  452 		.db	6
                            453 		;; character: 'G' (71) 
   0191 FC                  454 		.db	0b11111100
   0192 78                  455 		.db	0b01111000
   0193 88                  456 		.db	0b10001000
   0194 80                  457 		.db	0b10000000
   0195 80                  458 		.db	0b10000000
   0196 9C                  459 		.db	0b10011100
   0197 88                  460 		.db	0b10001000
   0198 70                  461 		.db	0b01110000
   0199 00                  462 		.db	0b00000000
   019A 06                  463 		.db	6
                            464 		;; character: 'H' (72) 
   019B FE                  465 		.db	0b11111110
   019C EE                  466 		.db	0b11101110
   019D 44                  467 		.db	0b01000100
   019E 44                  468 		.db	0b01000100
   019F 7C                  469 		.db	0b01111100
   01A0 44                  470 		.db	0b01000100
   01A1 44                  471 		.db	0b01000100
   01A2 EE                  472 		.db	0b11101110
   01A3 00                  473 		.db	0b00000000
   01A4 07                  474 		.db	7
                            475 		;; character: 'I' (73) 
   01A5 F8                  476 		.db	0b11111000
   01A6 F8                  477 		.db	0b11111000
   01A7 20                  478 		.db	0b00100000
   01A8 20                  479 		.db	0b00100000
   01A9 20                  480 		.db	0b00100000
   01AA 20                  481 		.db	0b00100000
   01AB 20                  482 		.db	0b00100000
   01AC F8                  483 		.db	0b11111000
   01AD 00                  484 		.db	0b00000000
   01AE 05                  485 		.db	5
                            486 		;; character: 'J' (74) 
   01AF F8                  487 		.db	0b11111000
   01B0 38                  488 		.db	0b00111000
   01B1 10                  489 		.db	0b00010000
   01B2 10                  490 		.db	0b00010000
   01B3 10                  491 		.db	0b00010000
   01B4 90                  492 		.db	0b10010000
   01B5 90                  493 		.db	0b10010000
   01B6 60                  494 		.db	0b01100000
   01B7 00                  495 		.db	0b00000000
   01B8 05                  496 		.db	5
                            497 		;; character: 'K' (75) 
   01B9 FE                  498 		.db	0b11111110
   01BA EE                  499 		.db	0b11101110
   01BB 44                  500 		.db	0b01000100
   01BC 48                  501 		.db	0b01001000
   01BD 70                  502 		.db	0b01110000
   01BE 48                  503 		.db	0b01001000
   01BF 44                  504 		.db	0b01000100
ASxxxx Assembler V02.00 + NoICE + SDCC mods + Flat24  (Zilog Z80 / Hitachi HD64180), page 10.



   01C0 EE                  505 		.db	0b11101110
   01C1 00                  506 		.db	0b00000000
   01C2 07                  507 		.db	7
                            508 		;; character: 'L' (76) 
   01C3 F8                  509 		.db	0b11111000
   01C4 E0                  510 		.db	0b11100000
   01C5 40                  511 		.db	0b01000000
   01C6 40                  512 		.db	0b01000000
   01C7 40                  513 		.db	0b01000000
   01C8 40                  514 		.db	0b01000000
   01C9 48                  515 		.db	0b01001000
   01CA F8                  516 		.db	0b11111000
   01CB 00                  517 		.db	0b00000000
   01CC 05                  518 		.db	5
                            519 		;; character: 'M' (77) 
   01CD FE                  520 		.db	0b11111110
   01CE EE                  521 		.db	0b11101110
   01CF 6C                  522 		.db	0b01101100
   01D0 6C                  523 		.db	0b01101100
   01D1 54                  524 		.db	0b01010100
   01D2 54                  525 		.db	0b01010100
   01D3 44                  526 		.db	0b01000100
   01D4 EE                  527 		.db	0b11101110
   01D5 00                  528 		.db	0b00000000
   01D6 07                  529 		.db	7
                            530 		;; character: 'N' (78) 
   01D7 FE                  531 		.db	0b11111110
   01D8 EE                  532 		.db	0b11101110
   01D9 64                  533 		.db	0b01100100
   01DA 64                  534 		.db	0b01100100
   01DB 54                  535 		.db	0b01010100
   01DC 54                  536 		.db	0b01010100
   01DD 4C                  537 		.db	0b01001100
   01DE EC                  538 		.db	0b11101100
   01DF 00                  539 		.db	0b00000000
   01E0 07                  540 		.db	7
                            541 		;; character: 'O' (79) 
   01E1 F8                  542 		.db	0b11111000
   01E2 70                  543 		.db	0b01110000
   01E3 88                  544 		.db	0b10001000
   01E4 88                  545 		.db	0b10001000
   01E5 88                  546 		.db	0b10001000
   01E6 88                  547 		.db	0b10001000
   01E7 88                  548 		.db	0b10001000
   01E8 70                  549 		.db	0b01110000
   01E9 00                  550 		.db	0b00000000
   01EA 05                  551 		.db	5
                            552 		;; character: 'P' (80) 
   01EB F8                  553 		.db	0b11111000
   01EC F0                  554 		.db	0b11110000
   01ED 48                  555 		.db	0b01001000
   01EE 48                  556 		.db	0b01001000
   01EF 48                  557 		.db	0b01001000
   01F0 70                  558 		.db	0b01110000
   01F1 40                  559 		.db	0b01000000
   01F2 E0                  560 		.db	0b11100000
ASxxxx Assembler V02.00 + NoICE + SDCC mods + Flat24  (Zilog Z80 / Hitachi HD64180), page 11.



   01F3 00                  561 		.db	0b00000000
   01F4 05                  562 		.db	5
                            563 		;; character: 'Q' (81) 
   01F5 F8                  564 		.db	0b11111000
   01F6 70                  565 		.db	0b01110000
   01F7 88                  566 		.db	0b10001000
   01F8 88                  567 		.db	0b10001000
   01F9 88                  568 		.db	0b10001000
   01FA 88                  569 		.db	0b10001000
   01FB 88                  570 		.db	0b10001000
   01FC 70                  571 		.db	0b01110000
   01FD 38                  572 		.db	0b00111000
   01FE 05                  573 		.db	5
                            574 		;; character: 'R' (82) 
   01FF FC                  575 		.db	0b11111100
   0200 F0                  576 		.db	0b11110000
   0201 48                  577 		.db	0b01001000
   0202 48                  578 		.db	0b01001000
   0203 48                  579 		.db	0b01001000
   0204 70                  580 		.db	0b01110000
   0205 48                  581 		.db	0b01001000
   0206 E4                  582 		.db	0b11100100
   0207 00                  583 		.db	0b00000000
   0208 06                  584 		.db	6
                            585 		;; character: 'S' (83) 
   0209 F8                  586 		.db	0b11111000
   020A 68                  587 		.db	0b01101000
   020B 98                  588 		.db	0b10011000
   020C 80                  589 		.db	0b10000000
   020D 70                  590 		.db	0b01110000
   020E 08                  591 		.db	0b00001000
   020F 88                  592 		.db	0b10001000
   0210 F0                  593 		.db	0b11110000
   0211 00                  594 		.db	0b00000000
   0212 05                  595 		.db	5
                            596 		;; character: 'T' (84) 
   0213 F8                  597 		.db	0b11111000
   0214 F8                  598 		.db	0b11111000
   0215 A8                  599 		.db	0b10101000
   0216 20                  600 		.db	0b00100000
   0217 20                  601 		.db	0b00100000
   0218 20                  602 		.db	0b00100000
   0219 20                  603 		.db	0b00100000
   021A 70                  604 		.db	0b01110000
   021B 00                  605 		.db	0b00000000
   021C 05                  606 		.db	5
                            607 		;; character: 'U' (85) 
   021D FE                  608 		.db	0b11111110
   021E EE                  609 		.db	0b11101110
   021F 44                  610 		.db	0b01000100
   0220 44                  611 		.db	0b01000100
   0221 44                  612 		.db	0b01000100
   0222 44                  613 		.db	0b01000100
   0223 44                  614 		.db	0b01000100
   0224 38                  615 		.db	0b00111000
   0225 00                  616 		.db	0b00000000
ASxxxx Assembler V02.00 + NoICE + SDCC mods + Flat24  (Zilog Z80 / Hitachi HD64180), page 12.



   0226 07                  617 		.db	7
                            618 		;; character: 'V' (86) 
   0227 FE                  619 		.db	0b11111110
   0228 EE                  620 		.db	0b11101110
   0229 44                  621 		.db	0b01000100
   022A 44                  622 		.db	0b01000100
   022B 48                  623 		.db	0b01001000
   022C 28                  624 		.db	0b00101000
   022D 28                  625 		.db	0b00101000
   022E 30                  626 		.db	0b00110000
   022F 00                  627 		.db	0b00000000
   0230 07                  628 		.db	7
                            629 		;; character: 'W' (87) 
   0231 FE                  630 		.db	0b11111110
   0232 EE                  631 		.db	0b11101110
   0233 44                  632 		.db	0b01000100
   0234 54                  633 		.db	0b01010100
   0235 54                  634 		.db	0b01010100
   0236 54                  635 		.db	0b01010100
   0237 54                  636 		.db	0b01010100
   0238 28                  637 		.db	0b00101000
   0239 00                  638 		.db	0b00000000
   023A 07                  639 		.db	7
                            640 		;; character: 'X' (88) 
   023B FE                  641 		.db	0b11111110
   023C C6                  642 		.db	0b11000110
   023D 44                  643 		.db	0b01000100
   023E 28                  644 		.db	0b00101000
   023F 10                  645 		.db	0b00010000
   0240 28                  646 		.db	0b00101000
   0241 44                  647 		.db	0b01000100
   0242 C6                  648 		.db	0b11000110
   0243 00                  649 		.db	0b00000000
   0244 07                  650 		.db	7
                            651 		;; character: 'Y' (89) 
   0245 FE                  652 		.db	0b11111110
   0246 EE                  653 		.db	0b11101110
   0247 44                  654 		.db	0b01000100
   0248 28                  655 		.db	0b00101000
   0249 10                  656 		.db	0b00010000
   024A 10                  657 		.db	0b00010000
   024B 10                  658 		.db	0b00010000
   024C 38                  659 		.db	0b00111000
   024D 00                  660 		.db	0b00000000
   024E 07                  661 		.db	7
                            662 		;; character: 'Z' (90) 
   024F F8                  663 		.db	0b11111000
   0250 F8                  664 		.db	0b11111000
   0251 88                  665 		.db	0b10001000
   0252 10                  666 		.db	0b00010000
   0253 20                  667 		.db	0b00100000
   0254 40                  668 		.db	0b01000000
   0255 88                  669 		.db	0b10001000
   0256 F8                  670 		.db	0b11111000
   0257 00                  671 		.db	0b00000000
   0258 05                  672 		.db	5
ASxxxx Assembler V02.00 + NoICE + SDCC mods + Flat24  (Zilog Z80 / Hitachi HD64180), page 13.



                            673 		;; character: '[' (91) 
   0259 C0                  674 		.db	0b11000000
   025A C0                  675 		.db	0b11000000
   025B 80                  676 		.db	0b10000000
   025C 80                  677 		.db	0b10000000
   025D 80                  678 		.db	0b10000000
   025E 80                  679 		.db	0b10000000
   025F 80                  680 		.db	0b10000000
   0260 80                  681 		.db	0b10000000
   0261 C0                  682 		.db	0b11000000
   0262 02                  683 		.db	2
                            684 		;; character: '\' (92) 
   0263 F0                  685 		.db	0b11110000
   0264 80                  686 		.db	0b10000000
   0265 40                  687 		.db	0b01000000
   0266 40                  688 		.db	0b01000000
   0267 20                  689 		.db	0b00100000
   0268 20                  690 		.db	0b00100000
   0269 20                  691 		.db	0b00100000
   026A 10                  692 		.db	0b00010000
   026B 10                  693 		.db	0b00010000
   026C 04                  694 		.db	4
                            695 		;; character: ']' (93) 
   026D C0                  696 		.db	0b11000000
   026E C0                  697 		.db	0b11000000
   026F 40                  698 		.db	0b01000000
   0270 40                  699 		.db	0b01000000
   0271 40                  700 		.db	0b01000000
   0272 40                  701 		.db	0b01000000
   0273 40                  702 		.db	0b01000000
   0274 40                  703 		.db	0b01000000
   0275 C0                  704 		.db	0b11000000
   0276 02                  705 		.db	2
                            706 		;; character: '^' (94) 
   0277 F8                  707 		.db	0b11111000
   0278 00                  708 		.db	0b00000000
   0279 20                  709 		.db	0b00100000
   027A 50                  710 		.db	0b01010000
   027B 88                  711 		.db	0b10001000
   027C 00                  712 		.db	0b00000000
   027D 00                  713 		.db	0b00000000
   027E 00                  714 		.db	0b00000000
   027F 00                  715 		.db	0b00000000
   0280 05                  716 		.db	5
                            717 		;; character: '_' (95) 
   0281 FF                  718 		.db	0b11111111
   0282 00                  719 		.db	0b00000000
   0283 00                  720 		.db	0b00000000
   0284 00                  721 		.db	0b00000000
   0285 00                  722 		.db	0b00000000
   0286 00                  723 		.db	0b00000000
   0287 00                  724 		.db	0b00000000
   0288 00                  725 		.db	0b00000000
   0289 FF                  726 		.db	0b11111111
   028A 08                  727 		.db	8
                            728 		;; character: '`' (96) 
ASxxxx Assembler V02.00 + NoICE + SDCC mods + Flat24  (Zilog Z80 / Hitachi HD64180), page 14.



   028B F8                  729 		.db	0b11111000
   028C 70                  730 		.db	0b01110000
   028D 40                  731 		.db	0b01000000
   028E 40                  732 		.db	0b01000000
   028F F0                  733 		.db	0b11110000
   0290 20                  734 		.db	0b00100000
   0291 48                  735 		.db	0b01001000
   0292 F8                  736 		.db	0b11111000
   0293 00                  737 		.db	0b00000000
   0294 05                  738 		.db	5
                            739 		;; character: 'a' (97) 
   0295 FC                  740 		.db	0b11111100
   0296 00                  741 		.db	0b00000000
   0297 00                  742 		.db	0b00000000
   0298 70                  743 		.db	0b01110000
   0299 88                  744 		.db	0b10001000
   029A 78                  745 		.db	0b01111000
   029B 88                  746 		.db	0b10001000
   029C 7C                  747 		.db	0b01111100
   029D 00                  748 		.db	0b00000000
   029E 06                  749 		.db	6
                            750 		;; character: 'b' (98) 
   029F FC                  751 		.db	0b11111100
   02A0 C0                  752 		.db	0b11000000
   02A1 40                  753 		.db	0b01000000
   02A2 58                  754 		.db	0b01011000
   02A3 64                  755 		.db	0b01100100
   02A4 44                  756 		.db	0b01000100
   02A5 44                  757 		.db	0b01000100
   02A6 F8                  758 		.db	0b11111000
   02A7 00                  759 		.db	0b00000000
   02A8 06                  760 		.db	6
                            761 		;; character: 'c' (99) 
   02A9 F8                  762 		.db	0b11111000
   02AA 00                  763 		.db	0b00000000
   02AB 00                  764 		.db	0b00000000
   02AC 78                  765 		.db	0b01111000
   02AD 88                  766 		.db	0b10001000
   02AE 80                  767 		.db	0b10000000
   02AF 80                  768 		.db	0b10000000
   02B0 78                  769 		.db	0b01111000
   02B1 00                  770 		.db	0b00000000
   02B2 05                  771 		.db	5
                            772 		;; character: 'd' (100) 
   02B3 FC                  773 		.db	0b11111100
   02B4 0C                  774 		.db	0b00001100
   02B5 08                  775 		.db	0b00001000
   02B6 68                  776 		.db	0b01101000
   02B7 98                  777 		.db	0b10011000
   02B8 88                  778 		.db	0b10001000
   02B9 88                  779 		.db	0b10001000
   02BA 7C                  780 		.db	0b01111100
   02BB 00                  781 		.db	0b00000000
   02BC 06                  782 		.db	6
                            783 		;; character: 'e' (101) 
   02BD F8                  784 		.db	0b11111000
ASxxxx Assembler V02.00 + NoICE + SDCC mods + Flat24  (Zilog Z80 / Hitachi HD64180), page 15.



   02BE 00                  785 		.db	0b00000000
   02BF 00                  786 		.db	0b00000000
   02C0 70                  787 		.db	0b01110000
   02C1 88                  788 		.db	0b10001000
   02C2 F8                  789 		.db	0b11111000
   02C3 80                  790 		.db	0b10000000
   02C4 78                  791 		.db	0b01111000
   02C5 00                  792 		.db	0b00000000
   02C6 05                  793 		.db	5
                            794 		;; character: 'f' (102) 
   02C7 F0                  795 		.db	0b11110000
   02C8 30                  796 		.db	0b00110000
   02C9 40                  797 		.db	0b01000000
   02CA F0                  798 		.db	0b11110000
   02CB 40                  799 		.db	0b01000000
   02CC 40                  800 		.db	0b01000000
   02CD 40                  801 		.db	0b01000000
   02CE F0                  802 		.db	0b11110000
   02CF 00                  803 		.db	0b00000000
   02D0 04                  804 		.db	4
                            805 		;; character: 'g' (103) 
   02D1 FC                  806 		.db	0b11111100
   02D2 00                  807 		.db	0b00000000
   02D3 6C                  808 		.db	0b01101100
   02D4 98                  809 		.db	0b10011000
   02D5 88                  810 		.db	0b10001000
   02D6 88                  811 		.db	0b10001000
   02D7 78                  812 		.db	0b01111000
   02D8 08                  813 		.db	0b00001000
   02D9 70                  814 		.db	0b01110000
   02DA 06                  815 		.db	6
                            816 		;; character: 'h' (104) 
   02DB FE                  817 		.db	0b11111110
   02DC C0                  818 		.db	0b11000000
   02DD 40                  819 		.db	0b01000000
   02DE 58                  820 		.db	0b01011000
   02DF 64                  821 		.db	0b01100100
   02E0 44                  822 		.db	0b01000100
   02E1 44                  823 		.db	0b01000100
   02E2 EE                  824 		.db	0b11101110
   02E3 00                  825 		.db	0b00000000
   02E4 07                  826 		.db	7
                            827 		;; character: 'i' (105) 
   02E5 F8                  828 		.db	0b11111000
   02E6 20                  829 		.db	0b00100000
   02E7 00                  830 		.db	0b00000000
   02E8 E0                  831 		.db	0b11100000
   02E9 20                  832 		.db	0b00100000
   02EA 20                  833 		.db	0b00100000
   02EB 20                  834 		.db	0b00100000
   02EC F8                  835 		.db	0b11111000
   02ED 00                  836 		.db	0b00000000
   02EE 05                  837 		.db	5
                            838 		;; character: 'j' (106) 
   02EF F0                  839 		.db	0b11110000
   02F0 10                  840 		.db	0b00010000
ASxxxx Assembler V02.00 + NoICE + SDCC mods + Flat24  (Zilog Z80 / Hitachi HD64180), page 16.



   02F1 00                  841 		.db	0b00000000
   02F2 F0                  842 		.db	0b11110000
   02F3 10                  843 		.db	0b00010000
   02F4 10                  844 		.db	0b00010000
   02F5 10                  845 		.db	0b00010000
   02F6 10                  846 		.db	0b00010000
   02F7 E0                  847 		.db	0b11100000
   02F8 04                  848 		.db	4
                            849 		;; character: 'k' (107) 
   02F9 FE                  850 		.db	0b11111110
   02FA E0                  851 		.db	0b11100000
   02FB 40                  852 		.db	0b01000000
   02FC 4E                  853 		.db	0b01001110
   02FD 44                  854 		.db	0b01000100
   02FE 78                  855 		.db	0b01111000
   02FF 44                  856 		.db	0b01000100
   0300 EE                  857 		.db	0b11101110
   0301 00                  858 		.db	0b00000000
   0302 07                  859 		.db	7
                            860 		;; character: 'l' (108) 
   0303 F8                  861 		.db	0b11111000
   0304 60                  862 		.db	0b01100000
   0305 20                  863 		.db	0b00100000
   0306 20                  864 		.db	0b00100000
   0307 20                  865 		.db	0b00100000
   0308 20                  866 		.db	0b00100000
   0309 20                  867 		.db	0b00100000
   030A F8                  868 		.db	0b11111000
   030B 00                  869 		.db	0b00000000
   030C 05                  870 		.db	5
                            871 		;; character: 'm' (109) 
   030D FE                  872 		.db	0b11111110
   030E 00                  873 		.db	0b00000000
   030F 00                  874 		.db	0b00000000
   0310 E8                  875 		.db	0b11101000
   0311 54                  876 		.db	0b01010100
   0312 54                  877 		.db	0b01010100
   0313 54                  878 		.db	0b01010100
   0314 FE                  879 		.db	0b11111110
   0315 00                  880 		.db	0b00000000
   0316 07                  881 		.db	7
                            882 		;; character: 'n' (110) 
   0317 FE                  883 		.db	0b11111110
   0318 00                  884 		.db	0b00000000
   0319 00                  885 		.db	0b00000000
   031A D8                  886 		.db	0b11011000
   031B 64                  887 		.db	0b01100100
   031C 44                  888 		.db	0b01000100
   031D 44                  889 		.db	0b01000100
   031E EE                  890 		.db	0b11101110
   031F 00                  891 		.db	0b00000000
   0320 07                  892 		.db	7
                            893 		;; character: 'o' (111) 
   0321 F8                  894 		.db	0b11111000
   0322 00                  895 		.db	0b00000000
   0323 00                  896 		.db	0b00000000
ASxxxx Assembler V02.00 + NoICE + SDCC mods + Flat24  (Zilog Z80 / Hitachi HD64180), page 17.



   0324 70                  897 		.db	0b01110000
   0325 88                  898 		.db	0b10001000
   0326 88                  899 		.db	0b10001000
   0327 88                  900 		.db	0b10001000
   0328 70                  901 		.db	0b01110000
   0329 00                  902 		.db	0b00000000
   032A 05                  903 		.db	5
                            904 		;; character: 'p' (112) 
   032B FC                  905 		.db	0b11111100
   032C 00                  906 		.db	0b00000000
   032D D8                  907 		.db	0b11011000
   032E 64                  908 		.db	0b01100100
   032F 44                  909 		.db	0b01000100
   0330 44                  910 		.db	0b01000100
   0331 78                  911 		.db	0b01111000
   0332 40                  912 		.db	0b01000000
   0333 E0                  913 		.db	0b11100000
   0334 06                  914 		.db	6
                            915 		;; character: 'q' (113) 
   0335 FC                  916 		.db	0b11111100
   0336 00                  917 		.db	0b00000000
   0337 6C                  918 		.db	0b01101100
   0338 98                  919 		.db	0b10011000
   0339 88                  920 		.db	0b10001000
   033A 88                  921 		.db	0b10001000
   033B 78                  922 		.db	0b01111000
   033C 08                  923 		.db	0b00001000
   033D 1C                  924 		.db	0b00011100
   033E 06                  925 		.db	6
                            926 		;; character: 'r' (114) 
   033F F8                  927 		.db	0b11111000
   0340 00                  928 		.db	0b00000000
   0341 00                  929 		.db	0b00000000
   0342 D8                  930 		.db	0b11011000
   0343 60                  931 		.db	0b01100000
   0344 40                  932 		.db	0b01000000
   0345 40                  933 		.db	0b01000000
   0346 F0                  934 		.db	0b11110000
   0347 00                  935 		.db	0b00000000
   0348 05                  936 		.db	5
                            937 		;; character: 's' (115) 
   0349 F8                  938 		.db	0b11111000
   034A 00                  939 		.db	0b00000000
   034B 00                  940 		.db	0b00000000
   034C 78                  941 		.db	0b01111000
   034D 80                  942 		.db	0b10000000
   034E 70                  943 		.db	0b01110000
   034F 08                  944 		.db	0b00001000
   0350 F0                  945 		.db	0b11110000
   0351 00                  946 		.db	0b00000000
   0352 05                  947 		.db	5
                            948 		;; character: 't' (116) 
   0353 FC                  949 		.db	0b11111100
   0354 40                  950 		.db	0b01000000
   0355 40                  951 		.db	0b01000000
   0356 F8                  952 		.db	0b11111000
ASxxxx Assembler V02.00 + NoICE + SDCC mods + Flat24  (Zilog Z80 / Hitachi HD64180), page 18.



   0357 40                  953 		.db	0b01000000
   0358 40                  954 		.db	0b01000000
   0359 44                  955 		.db	0b01000100
   035A 38                  956 		.db	0b00111000
   035B 00                  957 		.db	0b00000000
   035C 06                  958 		.db	6
                            959 		;; character: 'u' (117) 
   035D FE                  960 		.db	0b11111110
   035E 00                  961 		.db	0b00000000
   035F 00                  962 		.db	0b00000000
   0360 CC                  963 		.db	0b11001100
   0361 44                  964 		.db	0b01000100
   0362 44                  965 		.db	0b01000100
   0363 4C                  966 		.db	0b01001100
   0364 36                  967 		.db	0b00110110
   0365 00                  968 		.db	0b00000000
   0366 07                  969 		.db	7
                            970 		;; character: 'v' (118) 
   0367 FE                  971 		.db	0b11111110
   0368 00                  972 		.db	0b00000000
   0369 00                  973 		.db	0b00000000
   036A EE                  974 		.db	0b11101110
   036B 44                  975 		.db	0b01000100
   036C 48                  976 		.db	0b01001000
   036D 28                  977 		.db	0b00101000
   036E 30                  978 		.db	0b00110000
   036F 00                  979 		.db	0b00000000
   0370 07                  980 		.db	7
                            981 		;; character: 'w' (119) 
   0371 FE                  982 		.db	0b11111110
   0372 00                  983 		.db	0b00000000
   0373 00                  984 		.db	0b00000000
   0374 EE                  985 		.db	0b11101110
   0375 44                  986 		.db	0b01000100
   0376 54                  987 		.db	0b01010100
   0377 54                  988 		.db	0b01010100
   0378 28                  989 		.db	0b00101000
   0379 00                  990 		.db	0b00000000
   037A 07                  991 		.db	7
                            992 		;; character: 'x' (120) 
   037B F8                  993 		.db	0b11111000
   037C 00                  994 		.db	0b00000000
   037D 00                  995 		.db	0b00000000
   037E D8                  996 		.db	0b11011000
   037F 50                  997 		.db	0b01010000
   0380 20                  998 		.db	0b00100000
   0381 50                  999 		.db	0b01010000
   0382 D8                 1000 		.db	0b11011000
   0383 00                 1001 		.db	0b00000000
   0384 05                 1002 		.db	5
                           1003 		;; character: 'y' (121) 
   0385 FE                 1004 		.db	0b11111110
   0386 00                 1005 		.db	0b00000000
   0387 EE                 1006 		.db	0b11101110
   0388 44                 1007 		.db	0b01000100
   0389 28                 1008 		.db	0b00101000
ASxxxx Assembler V02.00 + NoICE + SDCC mods + Flat24  (Zilog Z80 / Hitachi HD64180), page 19.



   038A 28                 1009 		.db	0b00101000
   038B 10                 1010 		.db	0b00010000
   038C 10                 1011 		.db	0b00010000
   038D 70                 1012 		.db	0b01110000
   038E 07                 1013 		.db	7
                           1014 		;; character: 'z' (122) 
   038F F8                 1015 		.db	0b11111000
   0390 00                 1016 		.db	0b00000000
   0391 00                 1017 		.db	0b00000000
   0392 F8                 1018 		.db	0b11111000
   0393 90                 1019 		.db	0b10010000
   0394 20                 1020 		.db	0b00100000
   0395 48                 1021 		.db	0b01001000
   0396 F8                 1022 		.db	0b11111000
   0397 00                 1023 		.db	0b00000000
   0398 05                 1024 		.db	5
                           1025 		;; character: '{' (123) 
   0399 E0                 1026 		.db	0b11100000
   039A 20                 1027 		.db	0b00100000
   039B 40                 1028 		.db	0b01000000
   039C 40                 1029 		.db	0b01000000
   039D C0                 1030 		.db	0b11000000
   039E 40                 1031 		.db	0b01000000
   039F 40                 1032 		.db	0b01000000
   03A0 20                 1033 		.db	0b00100000
   03A1 00                 1034 		.db	0b00000000
   03A2 03                 1035 		.db	3
                           1036 		;; character: '|' (124) 
   03A3 80                 1037 		.db	0b10000000
   03A4 80                 1038 		.db	0b10000000
   03A5 80                 1039 		.db	0b10000000
   03A6 80                 1040 		.db	0b10000000
   03A7 80                 1041 		.db	0b10000000
   03A8 80                 1042 		.db	0b10000000
   03A9 80                 1043 		.db	0b10000000
   03AA 80                 1044 		.db	0b10000000
   03AB 00                 1045 		.db	0b00000000
   03AC 01                 1046 		.db	1
                           1047 		;; character: '}' (125) 
   03AD E0                 1048 		.db	0b11100000
   03AE 80                 1049 		.db	0b10000000
   03AF 40                 1050 		.db	0b01000000
   03B0 40                 1051 		.db	0b01000000
   03B1 60                 1052 		.db	0b01100000
   03B2 40                 1053 		.db	0b01000000
   03B3 40                 1054 		.db	0b01000000
   03B4 80                 1055 		.db	0b10000000
   03B5 00                 1056 		.db	0b00000000
   03B6 03                 1057 		.db	3
                           1058 		;; character: '~' (126) 
   03B7 F8                 1059 		.db	0b11111000
   03B8 00                 1060 		.db	0b00000000
   03B9 00                 1061 		.db	0b00000000
   03BA 00                 1062 		.db	0b00000000
   03BB 68                 1063 		.db	0b01101000
   03BC B0                 1064 		.db	0b10110000
ASxxxx Assembler V02.00 + NoICE + SDCC mods + Flat24  (Zilog Z80 / Hitachi HD64180), page 20.



   03BD 00                 1065 		.db	0b00000000
   03BE 00                 1066 		.db	0b00000000
   03BF 00                 1067 		.db	0b00000000
   03C0 05                 1068 		.db	5
                           1069 		;; character: '(c)' (127) 
   03C1 FE                 1070 		.db	0b11111110
   03C2 38                 1071 		.db	0b00111000
   03C3 44                 1072 		.db	0b01000100
   03C4 BA                 1073 		.db	0b10111010
   03C5 A2                 1074 		.db	0b10100010
   03C6 BA                 1075 		.db	0b10111010
   03C7 44                 1076 		.db	0b01000100
   03C8 38                 1077 		.db	0b00111000
   03C9 00                 1078 		.db	0b00000000
   03CA 07                 1079 		.db	7
                           1080 		;; character: 'yeah' (128) 
   03CB FF                 1081 		.db	0b11111111
   03CC 00                 1082 		.db	0b00000000
   03CD 00                 1083 		.db	0b00000000
   03CE 00                 1084 		.db	0b00000000
   03CF 00                 1085 		.db	0b00000000
   03D0 00                 1086 		.db	0b00000000
   03D1 00                 1087 		.db	0b00000000
   03D2 00                 1088 		.db	0b00000000
   03D3 00                 1089 		.db	0b00000000
   03D4 08                 1090 		.db	8
                           1091 
                           1092 		;; T-T-T-That's all folks! 
