ASxxxx Assembler V02.00 + NoICE + SDCC mods + Flat24  (Zilog Z80 / Hitachi HD64180), page 1.



                              1 		;;	envy.s
                              2 		;;	envy font
                              3 		;;
                              4 		;;	notes: see font.h for font format details
                              5 		.module envy_font		 
                              6 		
                              7 		.globl	_envy_font
                              8 		
                              9 		.area	_CODE
   0000 21 04 00             10 _envy_font::	ld	hl,#envy_font
   0003 C9                   11 		ret
                             12 
   0004                      13 envy_font:
                             14 		;; font header 
   0004 07                   15 		.db	7			;; = font generation 1 
   0005 20                   16 		.db	32			;; first ascii
   0006 7F                   17 		.db	127			;; last ascii
   0007 01                   18 		.db	1			;; bytes per glyph line 
   0008 08                   19 		.db	8			;; glyph lines 
   0009 01                   20 		.db	1			;; xmax 
   000A 01                   21 		.db	1			;; descent 
                             22 
                             23 		;; character: ' ' (32) 
   000B F8                   24 		.db	0b11111000
   000C 00                   25 		.db	0b00000000
   000D 00                   26 		.db	0b00000000
   000E 00                   27 		.db	0b00000000
   000F 00                   28 		.db	0b00000000
   0010 00                   29 		.db	0b00000000
   0011 00                   30 		.db	0b00000000
   0012 00                   31 		.db	0b00000000
   0013 00                   32 		.db	0b00000000
   0014 04                   33 		.db	4
                             34 		;; character: '!' (33) 
   0015 80                   35 		.db	0b10000000
   0016 80                   36 		.db	0b10000000
   0017 80                   37 		.db	0b10000000
   0018 80                   38 		.db	0b10000000
   0019 80                   39 		.db	0b10000000
   001A 80                   40 		.db	0b10000000
   001B 00                   41 		.db	0b00000000
   001C 80                   42 		.db	0b10000000
   001D 00                   43 		.db	0b00000000
   001E 01                   44 		.db	1
                             45 		;; character: '"' (34) 
   001F E0                   46 		.db	0b11100000
   0020 A0                   47 		.db	0b10100000
   0021 A0                   48 		.db	0b10100000
   0022 00                   49 		.db	0b00000000
   0023 00                   50 		.db	0b00000000
   0024 00                   51 		.db	0b00000000
   0025 00                   52 		.db	0b00000000
   0026 00                   53 		.db	0b00000000
   0027 00                   54 		.db	0b00000000
   0028 03                   55 		.db	3
                             56 		;; character: '#' (35) 
ASxxxx Assembler V02.00 + NoICE + SDCC mods + Flat24  (Zilog Z80 / Hitachi HD64180), page 2.



   0029 F8                   57 		.db	0b11111000
   002A 00                   58 		.db	0b00000000
   002B 50                   59 		.db	0b01010000
   002C F8                   60 		.db	0b11111000
   002D 50                   61 		.db	0b01010000
   002E F8                   62 		.db	0b11111000
   002F 50                   63 		.db	0b01010000
   0030 00                   64 		.db	0b00000000
   0031 00                   65 		.db	0b00000000
   0032 05                   66 		.db	5
                             67 		;; character: '$' (36) 
   0033 F8                   68 		.db	0b11111000
   0034 20                   69 		.db	0b00100000
   0035 78                   70 		.db	0b01111000
   0036 A0                   71 		.db	0b10100000
   0037 70                   72 		.db	0b01110000
   0038 28                   73 		.db	0b00101000
   0039 F0                   74 		.db	0b11110000
   003A 20                   75 		.db	0b00100000
   003B 00                   76 		.db	0b00000000
   003C 05                   77 		.db	5
                             78 		;; character: '%' (37) 
   003D F8                   79 		.db	0b11111000
   003E C0                   80 		.db	0b11000000
   003F C8                   81 		.db	0b11001000
   0040 10                   82 		.db	0b00010000
   0041 20                   83 		.db	0b00100000
   0042 40                   84 		.db	0b01000000
   0043 98                   85 		.db	0b10011000
   0044 18                   86 		.db	0b00011000
   0045 00                   87 		.db	0b00000000
   0046 05                   88 		.db	5
                             89 		;; character: '&' (38) 
   0047 F8                   90 		.db	0b11111000
   0048 60                   91 		.db	0b01100000
   0049 90                   92 		.db	0b10010000
   004A 90                   93 		.db	0b10010000
   004B 78                   94 		.db	0b01111000
   004C 90                   95 		.db	0b10010000
   004D 90                   96 		.db	0b10010000
   004E 78                   97 		.db	0b01111000
   004F 00                   98 		.db	0b00000000
   0050 05                   99 		.db	5
                            100 		;; character: ''' (39) 
   0051 80                  101 		.db	0b10000000
   0052 80                  102 		.db	0b10000000
   0053 80                  103 		.db	0b10000000
   0054 00                  104 		.db	0b00000000
   0055 00                  105 		.db	0b00000000
   0056 00                  106 		.db	0b00000000
   0057 00                  107 		.db	0b00000000
   0058 00                  108 		.db	0b00000000
   0059 00                  109 		.db	0b00000000
   005A 01                  110 		.db	1
                            111 		;; character: '(' (40) 
   005B E0                  112 		.db	0b11100000
ASxxxx Assembler V02.00 + NoICE + SDCC mods + Flat24  (Zilog Z80 / Hitachi HD64180), page 3.



   005C 20                  113 		.db	0b00100000
   005D 40                  114 		.db	0b01000000
   005E 80                  115 		.db	0b10000000
   005F 80                  116 		.db	0b10000000
   0060 80                  117 		.db	0b10000000
   0061 80                  118 		.db	0b10000000
   0062 40                  119 		.db	0b01000000
   0063 20                  120 		.db	0b00100000
   0064 03                  121 		.db	3
                            122 		;; character: ')' (41) 
   0065 E0                  123 		.db	0b11100000
   0066 80                  124 		.db	0b10000000
   0067 40                  125 		.db	0b01000000
   0068 20                  126 		.db	0b00100000
   0069 20                  127 		.db	0b00100000
   006A 20                  128 		.db	0b00100000
   006B 20                  129 		.db	0b00100000
   006C 40                  130 		.db	0b01000000
   006D 80                  131 		.db	0b10000000
   006E 03                  132 		.db	3
                            133 		;; character: '*' (42) 
   006F F8                  134 		.db	0b11111000
   0070 00                  135 		.db	0b00000000
   0071 50                  136 		.db	0b01010000
   0072 20                  137 		.db	0b00100000
   0073 F8                  138 		.db	0b11111000
   0074 20                  139 		.db	0b00100000
   0075 50                  140 		.db	0b01010000
   0076 00                  141 		.db	0b00000000
   0077 00                  142 		.db	0b00000000
   0078 05                  143 		.db	5
                            144 		;; character: '+' (43) 
   0079 F8                  145 		.db	0b11111000
   007A 00                  146 		.db	0b00000000
   007B 20                  147 		.db	0b00100000
   007C 20                  148 		.db	0b00100000
   007D F8                  149 		.db	0b11111000
   007E 20                  150 		.db	0b00100000
   007F 20                  151 		.db	0b00100000
   0080 00                  152 		.db	0b00000000
   0081 00                  153 		.db	0b00000000
   0082 05                  154 		.db	5
                            155 		;; character: ',' (44) 
   0083 C0                  156 		.db	0b11000000
   0084 00                  157 		.db	0b00000000
   0085 00                  158 		.db	0b00000000
   0086 00                  159 		.db	0b00000000
   0087 00                  160 		.db	0b00000000
   0088 00                  161 		.db	0b00000000
   0089 00                  162 		.db	0b00000000
   008A 40                  163 		.db	0b01000000
   008B 80                  164 		.db	0b10000000
   008C 02                  165 		.db	2
                            166 		;; character: '-' (45) 
   008D F8                  167 		.db	0b11111000
   008E 00                  168 		.db	0b00000000
ASxxxx Assembler V02.00 + NoICE + SDCC mods + Flat24  (Zilog Z80 / Hitachi HD64180), page 4.



   008F 00                  169 		.db	0b00000000
   0090 00                  170 		.db	0b00000000
   0091 F8                  171 		.db	0b11111000
   0092 00                  172 		.db	0b00000000
   0093 00                  173 		.db	0b00000000
   0094 00                  174 		.db	0b00000000
   0095 00                  175 		.db	0b00000000
   0096 05                  176 		.db	5
                            177 		;; character: '.' (46) 
   0097 80                  178 		.db	0b10000000
   0098 00                  179 		.db	0b00000000
   0099 00                  180 		.db	0b00000000
   009A 00                  181 		.db	0b00000000
   009B 00                  182 		.db	0b00000000
   009C 00                  183 		.db	0b00000000
   009D 00                  184 		.db	0b00000000
   009E 80                  185 		.db	0b10000000
   009F 00                  186 		.db	0b00000000
   00A0 01                  187 		.db	1
                            188 		;; character: '/' (47) 
   00A1 F0                  189 		.db	0b11110000
   00A2 10                  190 		.db	0b00010000
   00A3 10                  191 		.db	0b00010000
   00A4 20                  192 		.db	0b00100000
   00A5 20                  193 		.db	0b00100000
   00A6 40                  194 		.db	0b01000000
   00A7 40                  195 		.db	0b01000000
   00A8 80                  196 		.db	0b10000000
   00A9 80                  197 		.db	0b10000000
   00AA 04                  198 		.db	4
                            199 		;; character: '0' (48) 
   00AB F8                  200 		.db	0b11111000
   00AC 70                  201 		.db	0b01110000
   00AD 88                  202 		.db	0b10001000
   00AE 98                  203 		.db	0b10011000
   00AF A8                  204 		.db	0b10101000
   00B0 C8                  205 		.db	0b11001000
   00B1 88                  206 		.db	0b10001000
   00B2 70                  207 		.db	0b01110000
   00B3 00                  208 		.db	0b00000000
   00B4 05                  209 		.db	5
                            210 		;; character: '1' (49) 
   00B5 F8                  211 		.db	0b11111000
   00B6 20                  212 		.db	0b00100000
   00B7 60                  213 		.db	0b01100000
   00B8 A0                  214 		.db	0b10100000
   00B9 20                  215 		.db	0b00100000
   00BA 20                  216 		.db	0b00100000
   00BB 20                  217 		.db	0b00100000
   00BC F8                  218 		.db	0b11111000
   00BD 00                  219 		.db	0b00000000
   00BE 05                  220 		.db	5
                            221 		;; character: '2' (50) 
   00BF F8                  222 		.db	0b11111000
   00C0 70                  223 		.db	0b01110000
   00C1 88                  224 		.db	0b10001000
ASxxxx Assembler V02.00 + NoICE + SDCC mods + Flat24  (Zilog Z80 / Hitachi HD64180), page 5.



   00C2 08                  225 		.db	0b00001000
   00C3 30                  226 		.db	0b00110000
   00C4 40                  227 		.db	0b01000000
   00C5 80                  228 		.db	0b10000000
   00C6 F8                  229 		.db	0b11111000
   00C7 00                  230 		.db	0b00000000
   00C8 05                  231 		.db	5
                            232 		;; character: '3' (51) 
   00C9 F8                  233 		.db	0b11111000
   00CA 70                  234 		.db	0b01110000
   00CB 88                  235 		.db	0b10001000
   00CC 08                  236 		.db	0b00001000
   00CD 30                  237 		.db	0b00110000
   00CE 08                  238 		.db	0b00001000
   00CF 88                  239 		.db	0b10001000
   00D0 70                  240 		.db	0b01110000
   00D1 00                  241 		.db	0b00000000
   00D2 05                  242 		.db	5
                            243 		;; character: '4' (52) 
   00D3 F8                  244 		.db	0b11111000
   00D4 10                  245 		.db	0b00010000
   00D5 30                  246 		.db	0b00110000
   00D6 50                  247 		.db	0b01010000
   00D7 90                  248 		.db	0b10010000
   00D8 F8                  249 		.db	0b11111000
   00D9 10                  250 		.db	0b00010000
   00DA 10                  251 		.db	0b00010000
   00DB 00                  252 		.db	0b00000000
   00DC 05                  253 		.db	5
                            254 		;; character: '5' (53) 
   00DD F8                  255 		.db	0b11111000
   00DE F8                  256 		.db	0b11111000
   00DF 80                  257 		.db	0b10000000
   00E0 80                  258 		.db	0b10000000
   00E1 F0                  259 		.db	0b11110000
   00E2 08                  260 		.db	0b00001000
   00E3 88                  261 		.db	0b10001000
   00E4 70                  262 		.db	0b01110000
   00E5 00                  263 		.db	0b00000000
   00E6 05                  264 		.db	5
                            265 		;; character: '6' (54) 
   00E7 F8                  266 		.db	0b11111000
   00E8 30                  267 		.db	0b00110000
   00E9 40                  268 		.db	0b01000000
   00EA 80                  269 		.db	0b10000000
   00EB F0                  270 		.db	0b11110000
   00EC 88                  271 		.db	0b10001000
   00ED 88                  272 		.db	0b10001000
   00EE 70                  273 		.db	0b01110000
   00EF 00                  274 		.db	0b00000000
   00F0 05                  275 		.db	5
                            276 		;; character: '7' (55) 
   00F1 F8                  277 		.db	0b11111000
   00F2 F8                  278 		.db	0b11111000
   00F3 08                  279 		.db	0b00001000
   00F4 08                  280 		.db	0b00001000
ASxxxx Assembler V02.00 + NoICE + SDCC mods + Flat24  (Zilog Z80 / Hitachi HD64180), page 6.



   00F5 10                  281 		.db	0b00010000
   00F6 10                  282 		.db	0b00010000
   00F7 20                  283 		.db	0b00100000
   00F8 20                  284 		.db	0b00100000
   00F9 00                  285 		.db	0b00000000
   00FA 05                  286 		.db	5
                            287 		;; character: '8' (56) 
   00FB F8                  288 		.db	0b11111000
   00FC 70                  289 		.db	0b01110000
   00FD 88                  290 		.db	0b10001000
   00FE 88                  291 		.db	0b10001000
   00FF 70                  292 		.db	0b01110000
   0100 88                  293 		.db	0b10001000
   0101 88                  294 		.db	0b10001000
   0102 70                  295 		.db	0b01110000
   0103 00                  296 		.db	0b00000000
   0104 05                  297 		.db	5
                            298 		;; character: '9' (57) 
   0105 F8                  299 		.db	0b11111000
   0106 70                  300 		.db	0b01110000
   0107 88                  301 		.db	0b10001000
   0108 88                  302 		.db	0b10001000
   0109 78                  303 		.db	0b01111000
   010A 08                  304 		.db	0b00001000
   010B 10                  305 		.db	0b00010000
   010C 60                  306 		.db	0b01100000
   010D 00                  307 		.db	0b00000000
   010E 05                  308 		.db	5
                            309 		;; character: ':' (58) 
   010F 80                  310 		.db	0b10000000
   0110 00                  311 		.db	0b00000000
   0111 00                  312 		.db	0b00000000
   0112 00                  313 		.db	0b00000000
   0113 80                  314 		.db	0b10000000
   0114 00                  315 		.db	0b00000000
   0115 00                  316 		.db	0b00000000
   0116 80                  317 		.db	0b10000000
   0117 00                  318 		.db	0b00000000
   0118 01                  319 		.db	1
                            320 		;; character: ';' (59) 
   0119 C0                  321 		.db	0b11000000
   011A 00                  322 		.db	0b00000000
   011B 00                  323 		.db	0b00000000
   011C 00                  324 		.db	0b00000000
   011D 40                  325 		.db	0b01000000
   011E 00                  326 		.db	0b00000000
   011F 00                  327 		.db	0b00000000
   0120 40                  328 		.db	0b01000000
   0121 80                  329 		.db	0b10000000
   0122 02                  330 		.db	2
                            331 		;; character: '<' (60) 
   0123 F0                  332 		.db	0b11110000
   0124 10                  333 		.db	0b00010000
   0125 20                  334 		.db	0b00100000
   0126 40                  335 		.db	0b01000000
   0127 80                  336 		.db	0b10000000
ASxxxx Assembler V02.00 + NoICE + SDCC mods + Flat24  (Zilog Z80 / Hitachi HD64180), page 7.



   0128 40                  337 		.db	0b01000000
   0129 20                  338 		.db	0b00100000
   012A 10                  339 		.db	0b00010000
   012B 00                  340 		.db	0b00000000
   012C 04                  341 		.db	4
                            342 		;; character: '=' (61) 
   012D F8                  343 		.db	0b11111000
   012E 00                  344 		.db	0b00000000
   012F 00                  345 		.db	0b00000000
   0130 F8                  346 		.db	0b11111000
   0131 00                  347 		.db	0b00000000
   0132 F8                  348 		.db	0b11111000
   0133 00                  349 		.db	0b00000000
   0134 00                  350 		.db	0b00000000
   0135 00                  351 		.db	0b00000000
   0136 05                  352 		.db	5
                            353 		;; character: '>' (62) 
   0137 F0                  354 		.db	0b11110000
   0138 80                  355 		.db	0b10000000
   0139 40                  356 		.db	0b01000000
   013A 20                  357 		.db	0b00100000
   013B 10                  358 		.db	0b00010000
   013C 20                  359 		.db	0b00100000
   013D 40                  360 		.db	0b01000000
   013E 80                  361 		.db	0b10000000
   013F 00                  362 		.db	0b00000000
   0140 04                  363 		.db	4
                            364 		;; character: '?' (63) 
   0141 F8                  365 		.db	0b11111000
   0142 70                  366 		.db	0b01110000
   0143 88                  367 		.db	0b10001000
   0144 08                  368 		.db	0b00001000
   0145 10                  369 		.db	0b00010000
   0146 20                  370 		.db	0b00100000
   0147 00                  371 		.db	0b00000000
   0148 20                  372 		.db	0b00100000
   0149 00                  373 		.db	0b00000000
   014A 05                  374 		.db	5
                            375 		;; character: '@' (64) 
   014B F8                  376 		.db	0b11111000
   014C 30                  377 		.db	0b00110000
   014D 48                  378 		.db	0b01001000
   014E 98                  379 		.db	0b10011000
   014F A8                  380 		.db	0b10101000
   0150 98                  381 		.db	0b10011000
   0151 40                  382 		.db	0b01000000
   0152 38                  383 		.db	0b00111000
   0153 00                  384 		.db	0b00000000
   0154 05                  385 		.db	5
                            386 		;; character: 'A' (65) 
   0155 F8                  387 		.db	0b11111000
   0156 70                  388 		.db	0b01110000
   0157 88                  389 		.db	0b10001000
   0158 88                  390 		.db	0b10001000
   0159 F8                  391 		.db	0b11111000
   015A 88                  392 		.db	0b10001000
ASxxxx Assembler V02.00 + NoICE + SDCC mods + Flat24  (Zilog Z80 / Hitachi HD64180), page 8.



   015B 88                  393 		.db	0b10001000
   015C 88                  394 		.db	0b10001000
   015D 00                  395 		.db	0b00000000
   015E 05                  396 		.db	5
                            397 		;; character: 'B' (66) 
   015F F8                  398 		.db	0b11111000
   0160 F0                  399 		.db	0b11110000
   0161 88                  400 		.db	0b10001000
   0162 88                  401 		.db	0b10001000
   0163 F0                  402 		.db	0b11110000
   0164 88                  403 		.db	0b10001000
   0165 88                  404 		.db	0b10001000
   0166 F0                  405 		.db	0b11110000
   0167 00                  406 		.db	0b00000000
   0168 05                  407 		.db	5
                            408 		;; character: 'C' (67) 
   0169 F8                  409 		.db	0b11111000
   016A 70                  410 		.db	0b01110000
   016B 88                  411 		.db	0b10001000
   016C 80                  412 		.db	0b10000000
   016D 80                  413 		.db	0b10000000
   016E 80                  414 		.db	0b10000000
   016F 88                  415 		.db	0b10001000
   0170 70                  416 		.db	0b01110000
   0171 00                  417 		.db	0b00000000
   0172 05                  418 		.db	5
                            419 		;; character: 'D' (68) 
   0173 F8                  420 		.db	0b11111000
   0174 E0                  421 		.db	0b11100000
   0175 90                  422 		.db	0b10010000
   0176 88                  423 		.db	0b10001000
   0177 88                  424 		.db	0b10001000
   0178 88                  425 		.db	0b10001000
   0179 90                  426 		.db	0b10010000
   017A E0                  427 		.db	0b11100000
   017B 00                  428 		.db	0b00000000
   017C 05                  429 		.db	5
                            430 		;; character: 'E' (69) 
   017D F8                  431 		.db	0b11111000
   017E F8                  432 		.db	0b11111000
   017F 80                  433 		.db	0b10000000
   0180 80                  434 		.db	0b10000000
   0181 F0                  435 		.db	0b11110000
   0182 80                  436 		.db	0b10000000
   0183 80                  437 		.db	0b10000000
   0184 F8                  438 		.db	0b11111000
   0185 00                  439 		.db	0b00000000
   0186 05                  440 		.db	5
                            441 		;; character: 'F' (70) 
   0187 F8                  442 		.db	0b11111000
   0188 F8                  443 		.db	0b11111000
   0189 80                  444 		.db	0b10000000
   018A 80                  445 		.db	0b10000000
   018B F0                  446 		.db	0b11110000
   018C 80                  447 		.db	0b10000000
   018D 80                  448 		.db	0b10000000
ASxxxx Assembler V02.00 + NoICE + SDCC mods + Flat24  (Zilog Z80 / Hitachi HD64180), page 9.



   018E 80                  449 		.db	0b10000000
   018F 00                  450 		.db	0b00000000
   0190 05                  451 		.db	5
                            452 		;; character: 'G' (71) 
   0191 F8                  453 		.db	0b11111000
   0192 70                  454 		.db	0b01110000
   0193 88                  455 		.db	0b10001000
   0194 80                  456 		.db	0b10000000
   0195 98                  457 		.db	0b10011000
   0196 88                  458 		.db	0b10001000
   0197 88                  459 		.db	0b10001000
   0198 70                  460 		.db	0b01110000
   0199 00                  461 		.db	0b00000000
   019A 05                  462 		.db	5
                            463 		;; character: 'H' (72) 
   019B F8                  464 		.db	0b11111000
   019C 88                  465 		.db	0b10001000
   019D 88                  466 		.db	0b10001000
   019E 88                  467 		.db	0b10001000
   019F F8                  468 		.db	0b11111000
   01A0 88                  469 		.db	0b10001000
   01A1 88                  470 		.db	0b10001000
   01A2 88                  471 		.db	0b10001000
   01A3 00                  472 		.db	0b00000000
   01A4 05                  473 		.db	5
                            474 		;; character: 'I' (73) 
   01A5 F8                  475 		.db	0b11111000
   01A6 F8                  476 		.db	0b11111000
   01A7 20                  477 		.db	0b00100000
   01A8 20                  478 		.db	0b00100000
   01A9 20                  479 		.db	0b00100000
   01AA 20                  480 		.db	0b00100000
   01AB 20                  481 		.db	0b00100000
   01AC F8                  482 		.db	0b11111000
   01AD 00                  483 		.db	0b00000000
   01AE 05                  484 		.db	5
                            485 		;; character: 'J' (74) 
   01AF F8                  486 		.db	0b11111000
   01B0 08                  487 		.db	0b00001000
   01B1 08                  488 		.db	0b00001000
   01B2 08                  489 		.db	0b00001000
   01B3 08                  490 		.db	0b00001000
   01B4 08                  491 		.db	0b00001000
   01B5 88                  492 		.db	0b10001000
   01B6 70                  493 		.db	0b01110000
   01B7 00                  494 		.db	0b00000000
   01B8 05                  495 		.db	5
                            496 		;; character: 'K' (75) 
   01B9 F8                  497 		.db	0b11111000
   01BA 88                  498 		.db	0b10001000
   01BB 90                  499 		.db	0b10010000
   01BC A0                  500 		.db	0b10100000
   01BD C0                  501 		.db	0b11000000
   01BE A0                  502 		.db	0b10100000
   01BF 90                  503 		.db	0b10010000
   01C0 88                  504 		.db	0b10001000
ASxxxx Assembler V02.00 + NoICE + SDCC mods + Flat24  (Zilog Z80 / Hitachi HD64180), page 10.



   01C1 00                  505 		.db	0b00000000
   01C2 05                  506 		.db	5
                            507 		;; character: 'L' (76) 
   01C3 F8                  508 		.db	0b11111000
   01C4 80                  509 		.db	0b10000000
   01C5 80                  510 		.db	0b10000000
   01C6 80                  511 		.db	0b10000000
   01C7 80                  512 		.db	0b10000000
   01C8 80                  513 		.db	0b10000000
   01C9 80                  514 		.db	0b10000000
   01CA F8                  515 		.db	0b11111000
   01CB 00                  516 		.db	0b00000000
   01CC 05                  517 		.db	5
                            518 		;; character: 'M' (77) 
   01CD F8                  519 		.db	0b11111000
   01CE 88                  520 		.db	0b10001000
   01CF 88                  521 		.db	0b10001000
   01D0 D8                  522 		.db	0b11011000
   01D1 D8                  523 		.db	0b11011000
   01D2 A8                  524 		.db	0b10101000
   01D3 A8                  525 		.db	0b10101000
   01D4 88                  526 		.db	0b10001000
   01D5 00                  527 		.db	0b00000000
   01D6 05                  528 		.db	5
                            529 		;; character: 'N' (78) 
   01D7 F8                  530 		.db	0b11111000
   01D8 88                  531 		.db	0b10001000
   01D9 88                  532 		.db	0b10001000
   01DA C8                  533 		.db	0b11001000
   01DB A8                  534 		.db	0b10101000
   01DC 98                  535 		.db	0b10011000
   01DD 88                  536 		.db	0b10001000
   01DE 88                  537 		.db	0b10001000
   01DF 00                  538 		.db	0b00000000
   01E0 05                  539 		.db	5
                            540 		;; character: 'O' (79) 
   01E1 F8                  541 		.db	0b11111000
   01E2 70                  542 		.db	0b01110000
   01E3 88                  543 		.db	0b10001000
   01E4 88                  544 		.db	0b10001000
   01E5 88                  545 		.db	0b10001000
   01E6 88                  546 		.db	0b10001000
   01E7 88                  547 		.db	0b10001000
   01E8 70                  548 		.db	0b01110000
   01E9 00                  549 		.db	0b00000000
   01EA 05                  550 		.db	5
                            551 		;; character: 'P' (80) 
   01EB F8                  552 		.db	0b11111000
   01EC F0                  553 		.db	0b11110000
   01ED 88                  554 		.db	0b10001000
   01EE 88                  555 		.db	0b10001000
   01EF F0                  556 		.db	0b11110000
   01F0 80                  557 		.db	0b10000000
   01F1 80                  558 		.db	0b10000000
   01F2 80                  559 		.db	0b10000000
   01F3 00                  560 		.db	0b00000000
ASxxxx Assembler V02.00 + NoICE + SDCC mods + Flat24  (Zilog Z80 / Hitachi HD64180), page 11.



   01F4 05                  561 		.db	5
                            562 		;; character: 'Q' (81) 
   01F5 F8                  563 		.db	0b11111000
   01F6 70                  564 		.db	0b01110000
   01F7 88                  565 		.db	0b10001000
   01F8 88                  566 		.db	0b10001000
   01F9 88                  567 		.db	0b10001000
   01FA A8                  568 		.db	0b10101000
   01FB 90                  569 		.db	0b10010000
   01FC 68                  570 		.db	0b01101000
   01FD 00                  571 		.db	0b00000000
   01FE 05                  572 		.db	5
                            573 		;; character: 'R' (82) 
   01FF F8                  574 		.db	0b11111000
   0200 F0                  575 		.db	0b11110000
   0201 88                  576 		.db	0b10001000
   0202 88                  577 		.db	0b10001000
   0203 F0                  578 		.db	0b11110000
   0204 A0                  579 		.db	0b10100000
   0205 90                  580 		.db	0b10010000
   0206 88                  581 		.db	0b10001000
   0207 00                  582 		.db	0b00000000
   0208 05                  583 		.db	5
                            584 		;; character: 'S' (83) 
   0209 F8                  585 		.db	0b11111000
   020A 78                  586 		.db	0b01111000
   020B 80                  587 		.db	0b10000000
   020C 80                  588 		.db	0b10000000
   020D 70                  589 		.db	0b01110000
   020E 08                  590 		.db	0b00001000
   020F 08                  591 		.db	0b00001000
   0210 F0                  592 		.db	0b11110000
   0211 00                  593 		.db	0b00000000
   0212 05                  594 		.db	5
                            595 		;; character: 'T' (84) 
   0213 F8                  596 		.db	0b11111000
   0214 F8                  597 		.db	0b11111000
   0215 20                  598 		.db	0b00100000
   0216 20                  599 		.db	0b00100000
   0217 20                  600 		.db	0b00100000
   0218 20                  601 		.db	0b00100000
   0219 20                  602 		.db	0b00100000
   021A 20                  603 		.db	0b00100000
   021B 00                  604 		.db	0b00000000
   021C 05                  605 		.db	5
                            606 		;; character: 'U' (85) 
   021D F8                  607 		.db	0b11111000
   021E 88                  608 		.db	0b10001000
   021F 88                  609 		.db	0b10001000
   0220 88                  610 		.db	0b10001000
   0221 88                  611 		.db	0b10001000
   0222 88                  612 		.db	0b10001000
   0223 88                  613 		.db	0b10001000
   0224 70                  614 		.db	0b01110000
   0225 00                  615 		.db	0b00000000
   0226 05                  616 		.db	5
ASxxxx Assembler V02.00 + NoICE + SDCC mods + Flat24  (Zilog Z80 / Hitachi HD64180), page 12.



                            617 		;; character: 'V' (86) 
   0227 F8                  618 		.db	0b11111000
   0228 88                  619 		.db	0b10001000
   0229 88                  620 		.db	0b10001000
   022A 88                  621 		.db	0b10001000
   022B 50                  622 		.db	0b01010000
   022C 50                  623 		.db	0b01010000
   022D 20                  624 		.db	0b00100000
   022E 20                  625 		.db	0b00100000
   022F 00                  626 		.db	0b00000000
   0230 05                  627 		.db	5
                            628 		;; character: 'W' (87) 
   0231 F8                  629 		.db	0b11111000
   0232 88                  630 		.db	0b10001000
   0233 88                  631 		.db	0b10001000
   0234 A8                  632 		.db	0b10101000
   0235 A8                  633 		.db	0b10101000
   0236 D8                  634 		.db	0b11011000
   0237 D8                  635 		.db	0b11011000
   0238 88                  636 		.db	0b10001000
   0239 00                  637 		.db	0b00000000
   023A 05                  638 		.db	5
                            639 		;; character: 'X' (88) 
   023B F8                  640 		.db	0b11111000
   023C 88                  641 		.db	0b10001000
   023D 88                  642 		.db	0b10001000
   023E 50                  643 		.db	0b01010000
   023F 20                  644 		.db	0b00100000
   0240 50                  645 		.db	0b01010000
   0241 88                  646 		.db	0b10001000
   0242 88                  647 		.db	0b10001000
   0243 00                  648 		.db	0b00000000
   0244 05                  649 		.db	5
                            650 		;; character: 'Y' (89) 
   0245 F8                  651 		.db	0b11111000
   0246 88                  652 		.db	0b10001000
   0247 88                  653 		.db	0b10001000
   0248 50                  654 		.db	0b01010000
   0249 50                  655 		.db	0b01010000
   024A 20                  656 		.db	0b00100000
   024B 20                  657 		.db	0b00100000
   024C 20                  658 		.db	0b00100000
   024D 00                  659 		.db	0b00000000
   024E 05                  660 		.db	5
                            661 		;; character: 'Z' (90) 
   024F F8                  662 		.db	0b11111000
   0250 F8                  663 		.db	0b11111000
   0251 08                  664 		.db	0b00001000
   0252 10                  665 		.db	0b00010000
   0253 20                  666 		.db	0b00100000
   0254 40                  667 		.db	0b01000000
   0255 80                  668 		.db	0b10000000
   0256 F8                  669 		.db	0b11111000
   0257 00                  670 		.db	0b00000000
   0258 05                  671 		.db	5
                            672 		;; character: '[' (91) 
ASxxxx Assembler V02.00 + NoICE + SDCC mods + Flat24  (Zilog Z80 / Hitachi HD64180), page 13.



   0259 E0                  673 		.db	0b11100000
   025A E0                  674 		.db	0b11100000
   025B 80                  675 		.db	0b10000000
   025C 80                  676 		.db	0b10000000
   025D 80                  677 		.db	0b10000000
   025E 80                  678 		.db	0b10000000
   025F 80                  679 		.db	0b10000000
   0260 80                  680 		.db	0b10000000
   0261 E0                  681 		.db	0b11100000
   0262 03                  682 		.db	3
                            683 		;; character: '\' (92) 
   0263 F0                  684 		.db	0b11110000
   0264 80                  685 		.db	0b10000000
   0265 80                  686 		.db	0b10000000
   0266 40                  687 		.db	0b01000000
   0267 40                  688 		.db	0b01000000
   0268 20                  689 		.db	0b00100000
   0269 20                  690 		.db	0b00100000
   026A 10                  691 		.db	0b00010000
   026B 10                  692 		.db	0b00010000
   026C 04                  693 		.db	4
                            694 		;; character: ']' (93) 
   026D E0                  695 		.db	0b11100000
   026E E0                  696 		.db	0b11100000
   026F 20                  697 		.db	0b00100000
   0270 20                  698 		.db	0b00100000
   0271 20                  699 		.db	0b00100000
   0272 20                  700 		.db	0b00100000
   0273 20                  701 		.db	0b00100000
   0274 20                  702 		.db	0b00100000
   0275 E0                  703 		.db	0b11100000
   0276 03                  704 		.db	3
                            705 		;; character: '^' (94) 
   0277 F8                  706 		.db	0b11111000
   0278 20                  707 		.db	0b00100000
   0279 50                  708 		.db	0b01010000
   027A 88                  709 		.db	0b10001000
   027B 00                  710 		.db	0b00000000
   027C 00                  711 		.db	0b00000000
   027D 00                  712 		.db	0b00000000
   027E 00                  713 		.db	0b00000000
   027F 00                  714 		.db	0b00000000
   0280 05                  715 		.db	5
                            716 		;; character: '_' (95) 
   0281 FF                  717 		.db	0b11111111
   0282 00                  718 		.db	0b00000000
   0283 00                  719 		.db	0b00000000
   0284 00                  720 		.db	0b00000000
   0285 00                  721 		.db	0b00000000
   0286 00                  722 		.db	0b00000000
   0287 00                  723 		.db	0b00000000
   0288 00                  724 		.db	0b00000000
   0289 FF                  725 		.db	0b11111111
   028A 08                  726 		.db	8
                            727 		;; character: '`' (96) 
   028B F8                  728 		.db	0b11111000
ASxxxx Assembler V02.00 + NoICE + SDCC mods + Flat24  (Zilog Z80 / Hitachi HD64180), page 14.



   028C 30                  729 		.db	0b00110000
   028D 48                  730 		.db	0b01001000
   028E 40                  731 		.db	0b01000000
   028F F0                  732 		.db	0b11110000
   0290 40                  733 		.db	0b01000000
   0291 40                  734 		.db	0b01000000
   0292 F8                  735 		.db	0b11111000
   0293 00                  736 		.db	0b00000000
   0294 05                  737 		.db	5
                            738 		;; character: 'a' (97) 
   0295 F8                  739 		.db	0b11111000
   0296 00                  740 		.db	0b00000000
   0297 00                  741 		.db	0b00000000
   0298 78                  742 		.db	0b01111000
   0299 88                  743 		.db	0b10001000
   029A 88                  744 		.db	0b10001000
   029B 98                  745 		.db	0b10011000
   029C 68                  746 		.db	0b01101000
   029D 00                  747 		.db	0b00000000
   029E 05                  748 		.db	5
                            749 		;; character: 'b' (98) 
   029F F8                  750 		.db	0b11111000
   02A0 80                  751 		.db	0b10000000
   02A1 80                  752 		.db	0b10000000
   02A2 F0                  753 		.db	0b11110000
   02A3 88                  754 		.db	0b10001000
   02A4 88                  755 		.db	0b10001000
   02A5 88                  756 		.db	0b10001000
   02A6 F0                  757 		.db	0b11110000
   02A7 00                  758 		.db	0b00000000
   02A8 05                  759 		.db	5
                            760 		;; character: 'c' (99) 
   02A9 F8                  761 		.db	0b11111000
   02AA 00                  762 		.db	0b00000000
   02AB 00                  763 		.db	0b00000000
   02AC 78                  764 		.db	0b01111000
   02AD 80                  765 		.db	0b10000000
   02AE 80                  766 		.db	0b10000000
   02AF 80                  767 		.db	0b10000000
   02B0 78                  768 		.db	0b01111000
   02B1 00                  769 		.db	0b00000000
   02B2 05                  770 		.db	5
                            771 		;; character: 'd' (100) 
   02B3 F8                  772 		.db	0b11111000
   02B4 08                  773 		.db	0b00001000
   02B5 08                  774 		.db	0b00001000
   02B6 78                  775 		.db	0b01111000
   02B7 88                  776 		.db	0b10001000
   02B8 88                  777 		.db	0b10001000
   02B9 88                  778 		.db	0b10001000
   02BA 78                  779 		.db	0b01111000
   02BB 00                  780 		.db	0b00000000
   02BC 05                  781 		.db	5
                            782 		;; character: 'e' (101) 
   02BD F8                  783 		.db	0b11111000
   02BE 00                  784 		.db	0b00000000
ASxxxx Assembler V02.00 + NoICE + SDCC mods + Flat24  (Zilog Z80 / Hitachi HD64180), page 15.



   02BF 00                  785 		.db	0b00000000
   02C0 70                  786 		.db	0b01110000
   02C1 88                  787 		.db	0b10001000
   02C2 F8                  788 		.db	0b11111000
   02C3 80                  789 		.db	0b10000000
   02C4 78                  790 		.db	0b01111000
   02C5 00                  791 		.db	0b00000000
   02C6 05                  792 		.db	5
                            793 		;; character: 'f' (102) 
   02C7 F8                  794 		.db	0b11111000
   02C8 30                  795 		.db	0b00110000
   02C9 48                  796 		.db	0b01001000
   02CA 40                  797 		.db	0b01000000
   02CB E0                  798 		.db	0b11100000
   02CC 40                  799 		.db	0b01000000
   02CD 40                  800 		.db	0b01000000
   02CE 40                  801 		.db	0b01000000
   02CF 00                  802 		.db	0b00000000
   02D0 05                  803 		.db	5
                            804 		;; character: 'g' (103) 
   02D1 F8                  805 		.db	0b11111000
   02D2 00                  806 		.db	0b00000000
   02D3 00                  807 		.db	0b00000000
   02D4 78                  808 		.db	0b01111000
   02D5 88                  809 		.db	0b10001000
   02D6 88                  810 		.db	0b10001000
   02D7 78                  811 		.db	0b01111000
   02D8 08                  812 		.db	0b00001000
   02D9 70                  813 		.db	0b01110000
   02DA 05                  814 		.db	5
                            815 		;; character: 'h' (104) 
   02DB F8                  816 		.db	0b11111000
   02DC 80                  817 		.db	0b10000000
   02DD 80                  818 		.db	0b10000000
   02DE F0                  819 		.db	0b11110000
   02DF 88                  820 		.db	0b10001000
   02E0 88                  821 		.db	0b10001000
   02E1 88                  822 		.db	0b10001000
   02E2 88                  823 		.db	0b10001000
   02E3 00                  824 		.db	0b00000000
   02E4 05                  825 		.db	5
                            826 		;; character: 'i' (105) 
   02E5 C0                  827 		.db	0b11000000
   02E6 40                  828 		.db	0b01000000
   02E7 00                  829 		.db	0b00000000
   02E8 C0                  830 		.db	0b11000000
   02E9 40                  831 		.db	0b01000000
   02EA 40                  832 		.db	0b01000000
   02EB 40                  833 		.db	0b01000000
   02EC 40                  834 		.db	0b01000000
   02ED 00                  835 		.db	0b00000000
   02EE 02                  836 		.db	2
                            837 		;; character: 'j' (106) 
   02EF E0                  838 		.db	0b11100000
   02F0 20                  839 		.db	0b00100000
   02F1 00                  840 		.db	0b00000000
ASxxxx Assembler V02.00 + NoICE + SDCC mods + Flat24  (Zilog Z80 / Hitachi HD64180), page 16.



   02F2 60                  841 		.db	0b01100000
   02F3 20                  842 		.db	0b00100000
   02F4 20                  843 		.db	0b00100000
   02F5 20                  844 		.db	0b00100000
   02F6 20                  845 		.db	0b00100000
   02F7 C0                  846 		.db	0b11000000
   02F8 03                  847 		.db	3
                            848 		;; character: 'k' (107) 
   02F9 F8                  849 		.db	0b11111000
   02FA 80                  850 		.db	0b10000000
   02FB 80                  851 		.db	0b10000000
   02FC 88                  852 		.db	0b10001000
   02FD 90                  853 		.db	0b10010000
   02FE E0                  854 		.db	0b11100000
   02FF 90                  855 		.db	0b10010000
   0300 88                  856 		.db	0b10001000
   0301 00                  857 		.db	0b00000000
   0302 05                  858 		.db	5
                            859 		;; character: 'l' (108) 
   0303 E0                  860 		.db	0b11100000
   0304 C0                  861 		.db	0b11000000
   0305 40                  862 		.db	0b01000000
   0306 40                  863 		.db	0b01000000
   0307 40                  864 		.db	0b01000000
   0308 40                  865 		.db	0b01000000
   0309 40                  866 		.db	0b01000000
   030A E0                  867 		.db	0b11100000
   030B 00                  868 		.db	0b00000000
   030C 03                  869 		.db	3
                            870 		;; character: 'm' (109) 
   030D F8                  871 		.db	0b11111000
   030E 00                  872 		.db	0b00000000
   030F 00                  873 		.db	0b00000000
   0310 D0                  874 		.db	0b11010000
   0311 A8                  875 		.db	0b10101000
   0312 A8                  876 		.db	0b10101000
   0313 88                  877 		.db	0b10001000
   0314 88                  878 		.db	0b10001000
   0315 00                  879 		.db	0b00000000
   0316 05                  880 		.db	5
                            881 		;; character: 'n' (110) 
   0317 F8                  882 		.db	0b11111000
   0318 00                  883 		.db	0b00000000
   0319 00                  884 		.db	0b00000000
   031A B0                  885 		.db	0b10110000
   031B C8                  886 		.db	0b11001000
   031C 88                  887 		.db	0b10001000
   031D 88                  888 		.db	0b10001000
   031E 88                  889 		.db	0b10001000
   031F 00                  890 		.db	0b00000000
   0320 05                  891 		.db	5
                            892 		;; character: 'o' (111) 
   0321 F8                  893 		.db	0b11111000
   0322 00                  894 		.db	0b00000000
   0323 00                  895 		.db	0b00000000
   0324 70                  896 		.db	0b01110000
ASxxxx Assembler V02.00 + NoICE + SDCC mods + Flat24  (Zilog Z80 / Hitachi HD64180), page 17.



   0325 88                  897 		.db	0b10001000
   0326 88                  898 		.db	0b10001000
   0327 88                  899 		.db	0b10001000
   0328 70                  900 		.db	0b01110000
   0329 00                  901 		.db	0b00000000
   032A 05                  902 		.db	5
                            903 		;; character: 'p' (112) 
   032B F8                  904 		.db	0b11111000
   032C 00                  905 		.db	0b00000000
   032D 00                  906 		.db	0b00000000
   032E F0                  907 		.db	0b11110000
   032F 88                  908 		.db	0b10001000
   0330 88                  909 		.db	0b10001000
   0331 F0                  910 		.db	0b11110000
   0332 80                  911 		.db	0b10000000
   0333 80                  912 		.db	0b10000000
   0334 05                  913 		.db	5
                            914 		;; character: 'q' (113) 
   0335 F8                  915 		.db	0b11111000
   0336 00                  916 		.db	0b00000000
   0337 00                  917 		.db	0b00000000
   0338 78                  918 		.db	0b01111000
   0339 88                  919 		.db	0b10001000
   033A 88                  920 		.db	0b10001000
   033B 78                  921 		.db	0b01111000
   033C 08                  922 		.db	0b00001000
   033D 08                  923 		.db	0b00001000
   033E 05                  924 		.db	5
                            925 		;; character: 'r' (114) 
   033F F8                  926 		.db	0b11111000
   0340 00                  927 		.db	0b00000000
   0341 00                  928 		.db	0b00000000
   0342 B0                  929 		.db	0b10110000
   0343 C8                  930 		.db	0b11001000
   0344 80                  931 		.db	0b10000000
   0345 80                  932 		.db	0b10000000
   0346 80                  933 		.db	0b10000000
   0347 00                  934 		.db	0b00000000
   0348 05                  935 		.db	5
                            936 		;; character: 's' (115) 
   0349 F8                  937 		.db	0b11111000
   034A 00                  938 		.db	0b00000000
   034B 00                  939 		.db	0b00000000
   034C 78                  940 		.db	0b01111000
   034D 80                  941 		.db	0b10000000
   034E 70                  942 		.db	0b01110000
   034F 08                  943 		.db	0b00001000
   0350 F0                  944 		.db	0b11110000
   0351 00                  945 		.db	0b00000000
   0352 05                  946 		.db	5
                            947 		;; character: 't' (116) 
   0353 F8                  948 		.db	0b11111000
   0354 00                  949 		.db	0b00000000
   0355 40                  950 		.db	0b01000000
   0356 F0                  951 		.db	0b11110000
   0357 40                  952 		.db	0b01000000
ASxxxx Assembler V02.00 + NoICE + SDCC mods + Flat24  (Zilog Z80 / Hitachi HD64180), page 18.



   0358 40                  953 		.db	0b01000000
   0359 40                  954 		.db	0b01000000
   035A 38                  955 		.db	0b00111000
   035B 00                  956 		.db	0b00000000
   035C 05                  957 		.db	5
                            958 		;; character: 'u' (117) 
   035D F8                  959 		.db	0b11111000
   035E 00                  960 		.db	0b00000000
   035F 00                  961 		.db	0b00000000
   0360 88                  962 		.db	0b10001000
   0361 88                  963 		.db	0b10001000
   0362 88                  964 		.db	0b10001000
   0363 98                  965 		.db	0b10011000
   0364 68                  966 		.db	0b01101000
   0365 00                  967 		.db	0b00000000
   0366 05                  968 		.db	5
                            969 		;; character: 'v' (118) 
   0367 F8                  970 		.db	0b11111000
   0368 00                  971 		.db	0b00000000
   0369 00                  972 		.db	0b00000000
   036A 88                  973 		.db	0b10001000
   036B 88                  974 		.db	0b10001000
   036C 50                  975 		.db	0b01010000
   036D 50                  976 		.db	0b01010000
   036E 20                  977 		.db	0b00100000
   036F 00                  978 		.db	0b00000000
   0370 05                  979 		.db	5
                            980 		;; character: 'w' (119) 
   0371 F8                  981 		.db	0b11111000
   0372 00                  982 		.db	0b00000000
   0373 00                  983 		.db	0b00000000
   0374 88                  984 		.db	0b10001000
   0375 A8                  985 		.db	0b10101000
   0376 A8                  986 		.db	0b10101000
   0377 A8                  987 		.db	0b10101000
   0378 50                  988 		.db	0b01010000
   0379 00                  989 		.db	0b00000000
   037A 05                  990 		.db	5
                            991 		;; character: 'x' (120) 
   037B F8                  992 		.db	0b11111000
   037C 00                  993 		.db	0b00000000
   037D 00                  994 		.db	0b00000000
   037E 88                  995 		.db	0b10001000
   037F 50                  996 		.db	0b01010000
   0380 20                  997 		.db	0b00100000
   0381 50                  998 		.db	0b01010000
   0382 88                  999 		.db	0b10001000
   0383 00                 1000 		.db	0b00000000
   0384 05                 1001 		.db	5
                           1002 		;; character: 'y' (121) 
   0385 F8                 1003 		.db	0b11111000
   0386 00                 1004 		.db	0b00000000
   0387 00                 1005 		.db	0b00000000
   0388 88                 1006 		.db	0b10001000
   0389 88                 1007 		.db	0b10001000
   038A 88                 1008 		.db	0b10001000
ASxxxx Assembler V02.00 + NoICE + SDCC mods + Flat24  (Zilog Z80 / Hitachi HD64180), page 19.



   038B 78                 1009 		.db	0b01111000
   038C 08                 1010 		.db	0b00001000
   038D 70                 1011 		.db	0b01110000
   038E 05                 1012 		.db	5
                           1013 		;; character: 'z' (122) 
   038F F8                 1014 		.db	0b11111000
   0390 00                 1015 		.db	0b00000000
   0391 00                 1016 		.db	0b00000000
   0392 F8                 1017 		.db	0b11111000
   0393 10                 1018 		.db	0b00010000
   0394 20                 1019 		.db	0b00100000
   0395 40                 1020 		.db	0b01000000
   0396 F8                 1021 		.db	0b11111000
   0397 00                 1022 		.db	0b00000000
   0398 05                 1023 		.db	5
                           1024 		;; character: '{' (123) 
   0399 F8                 1025 		.db	0b11111000
   039A 18                 1026 		.db	0b00011000
   039B 20                 1027 		.db	0b00100000
   039C 20                 1028 		.db	0b00100000
   039D C0                 1029 		.db	0b11000000
   039E 20                 1030 		.db	0b00100000
   039F 20                 1031 		.db	0b00100000
   03A0 20                 1032 		.db	0b00100000
   03A1 18                 1033 		.db	0b00011000
   03A2 05                 1034 		.db	5
                           1035 		;; character: '|' (124) 
   03A3 80                 1036 		.db	0b10000000
   03A4 80                 1037 		.db	0b10000000
   03A5 80                 1038 		.db	0b10000000
   03A6 80                 1039 		.db	0b10000000
   03A7 80                 1040 		.db	0b10000000
   03A8 80                 1041 		.db	0b10000000
   03A9 80                 1042 		.db	0b10000000
   03AA 80                 1043 		.db	0b10000000
   03AB 80                 1044 		.db	0b10000000
   03AC 01                 1045 		.db	1
                           1046 		;; character: '}' (125) 
   03AD F8                 1047 		.db	0b11111000
   03AE C0                 1048 		.db	0b11000000
   03AF 20                 1049 		.db	0b00100000
   03B0 20                 1050 		.db	0b00100000
   03B1 18                 1051 		.db	0b00011000
   03B2 20                 1052 		.db	0b00100000
   03B3 20                 1053 		.db	0b00100000
   03B4 20                 1054 		.db	0b00100000
   03B5 C0                 1055 		.db	0b11000000
   03B6 05                 1056 		.db	5
                           1057 		;; character: '~' (126) 
   03B7 F8                 1058 		.db	0b11111000
   03B8 00                 1059 		.db	0b00000000
   03B9 00                 1060 		.db	0b00000000
   03BA 48                 1061 		.db	0b01001000
   03BB A8                 1062 		.db	0b10101000
   03BC 90                 1063 		.db	0b10010000
   03BD 00                 1064 		.db	0b00000000
ASxxxx Assembler V02.00 + NoICE + SDCC mods + Flat24  (Zilog Z80 / Hitachi HD64180), page 20.



   03BE 00                 1065 		.db	0b00000000
   03BF 00                 1066 		.db	0b00000000
   03C0 05                 1067 		.db	5
                           1068 		;; character: '(c)' (127) 
   03C1 FC                 1069 		.db	0b11111100
   03C2 30                 1070 		.db	0b00110000
   03C3 48                 1071 		.db	0b01001000
   03C4 B4                 1072 		.db	0b10110100
   03C5 C4                 1073 		.db	0b11000100
   03C6 C4                 1074 		.db	0b11000100
   03C7 B4                 1075 		.db	0b10110100
   03C8 48                 1076 		.db	0b01001000
   03C9 30                 1077 		.db	0b00110000
   03CA 06                 1078 		.db	6
                           1079 		;; character: 'yeah' (128) 
   03CB FF                 1080 		.db	0b11111111
   03CC 00                 1081 		.db	0b00000000
   03CD 00                 1082 		.db	0b00000000
   03CE 00                 1083 		.db	0b00000000
   03CF 00                 1084 		.db	0b00000000
   03D0 00                 1085 		.db	0b00000000
   03D1 00                 1086 		.db	0b00000000
   03D2 00                 1087 		.db	0b00000000
   03D3 00                 1088 		.db	0b00000000
   03D4 08                 1089 		.db	8
                           1090 
                           1091 		;; T-T-T-That's all folks! 
