ASxxxx Assembler V02.00 + NoICE + SDCC mods + Flat24  (Zilog Z80 / Hitachi HD64180), page 1.



                              1 		;;	liquid.s
                              2 		;;	liquid tiny font
                              3 		;;
                              4 		;;	notes: see font.h for font format details
                              5 		.module liquid_font	 
                              6 		
                              7 		.globl	_liquid_font
                              8 		
                              9 		.area	_CODE
   0000                      10 _liquid_font::
   0000 21 04 00             11 		ld	hl,#liquid_font
   0003 C9                   12 		ret			 
                             13 
                             14 
   0004                      15 liquid_font::
                             16 		;; font header 
   0004 07                   17 		.db	7			;; font generation 1 
   0005 20                   18 		.db	32			;; first ascii
   0006 7F                   19 		.db	127			;; last ascii
   0007 01                   20 		.db	1			;; bytes per glyph line 
   0008 08                   21 		.db	8			;; glyph lines 
   0009 01                   22 		.db	1			;; xmax 
   000A 01                   23 		.db	1			;; descent 
                             24 
                             25 		;; character: ' ' (32)
   000B C0                   26 		.db	0b11000000
   000C 00                   27 		.db	0b00000000
   000D 00                   28 		.db	0b00000000
   000E 00                   29 		.db	0b00000000
   000F 00                   30 		.db	0b00000000
   0010 00                   31 		.db	0b00000000
   0011 00                   32 		.db	0b00000000
   0012 00                   33 		.db	0b00000000
   0013 00                   34 		.db	0b00000000
   0014 02                   35 		.db	2
                             36 		;; character: '!' (33)
   0015 80                   37 		.db	0b10000000
   0016 00                   38 		.db	0b00000000
   0017 80                   39 		.db	0b10000000
   0018 80                   40 		.db	0b10000000
   0019 80                   41 		.db	0b10000000
   001A 80                   42 		.db	0b10000000
   001B 00                   43 		.db	0b00000000
   001C 80                   44 		.db	0b10000000
   001D 00                   45 		.db	0b00000000
   001E 01                   46 		.db	1
                             47 		;; character: '"' (34)
   001F E0                   48 		.db	0b11100000
   0020 00                   49 		.db	0b00000000
   0021 A0                   50 		.db	0b10100000
   0022 A0                   51 		.db	0b10100000
   0023 00                   52 		.db	0b00000000
   0024 00                   53 		.db	0b00000000
   0025 00                   54 		.db	0b00000000
   0026 00                   55 		.db	0b00000000
   0027 00                   56 		.db	0b00000000
ASxxxx Assembler V02.00 + NoICE + SDCC mods + Flat24  (Zilog Z80 / Hitachi HD64180), page 2.



   0028 03                   57 		.db	3
                             58 		;; character: '#' (35)
   0029 F8                   59 		.db	0b11111000
   002A 00                   60 		.db	0b00000000
   002B 50                   61 		.db	0b01010000
   002C F8                   62 		.db	0b11111000
   002D 50                   63 		.db	0b01010000
   002E 50                   64 		.db	0b01010000
   002F F8                   65 		.db	0b11111000
   0030 50                   66 		.db	0b01010000
   0031 00                   67 		.db	0b00000000
   0032 05                   68 		.db	5
                             69 		;; character: '$' (36)
   0033 F8                   70 		.db	0b11111000
   0034 00                   71 		.db	0b00000000
   0035 20                   72 		.db	0b00100000
   0036 70                   73 		.db	0b01110000
   0037 A0                   74 		.db	0b10100000
   0038 70                   75 		.db	0b01110000
   0039 28                   76 		.db	0b00101000
   003A 70                   77 		.db	0b01110000
   003B 20                   78 		.db	0b00100000
   003C 05                   79 		.db	5
                             80 		;; character: '%' (37)
   003D E0                   81 		.db	0b11100000
   003E 00                   82 		.db	0b00000000
   003F 00                   83 		.db	0b00000000
   0040 80                   84 		.db	0b10000000
   0041 20                   85 		.db	0b00100000
   0042 40                   86 		.db	0b01000000
   0043 80                   87 		.db	0b10000000
   0044 20                   88 		.db	0b00100000
   0045 00                   89 		.db	0b00000000
   0046 03                   90 		.db	3
                             91 		;; character: '&' (38)
   0047 F8                   92 		.db	0b11111000
   0048 00                   93 		.db	0b00000000
   0049 40                   94 		.db	0b01000000
   004A A0                   95 		.db	0b10100000
   004B 40                   96 		.db	0b01000000
   004C A8                   97 		.db	0b10101000
   004D 90                   98 		.db	0b10010000
   004E 68                   99 		.db	0b01101000
   004F 00                  100 		.db	0b00000000
   0050 05                  101 		.db	5
                            102 		;; character: ''' (39)
   0051 80                  103 		.db	0b10000000
   0052 00                  104 		.db	0b00000000
   0053 80                  105 		.db	0b10000000
   0054 80                  106 		.db	0b10000000
   0055 00                  107 		.db	0b00000000
   0056 00                  108 		.db	0b00000000
   0057 00                  109 		.db	0b00000000
   0058 00                  110 		.db	0b00000000
   0059 00                  111 		.db	0b00000000
   005A 01                  112 		.db	1
ASxxxx Assembler V02.00 + NoICE + SDCC mods + Flat24  (Zilog Z80 / Hitachi HD64180), page 3.



                            113 		;; character: '(' (40)
   005B C0                  114 		.db	0b11000000
   005C 00                  115 		.db	0b00000000
   005D 40                  116 		.db	0b01000000
   005E 80                  117 		.db	0b10000000
   005F 80                  118 		.db	0b10000000
   0060 80                  119 		.db	0b10000000
   0061 80                  120 		.db	0b10000000
   0062 40                  121 		.db	0b01000000
   0063 00                  122 		.db	0b00000000
   0064 02                  123 		.db	2
                            124 		;; character: ')' (41)
   0065 C0                  125 		.db	0b11000000
   0066 00                  126 		.db	0b00000000
   0067 80                  127 		.db	0b10000000
   0068 40                  128 		.db	0b01000000
   0069 40                  129 		.db	0b01000000
   006A 40                  130 		.db	0b01000000
   006B 40                  131 		.db	0b01000000
   006C 80                  132 		.db	0b10000000
   006D 00                  133 		.db	0b00000000
   006E 02                  134 		.db	2
                            135 		;; character: '*' (42)
   006F E0                  136 		.db	0b11100000
   0070 00                  137 		.db	0b00000000
   0071 00                  138 		.db	0b00000000
   0072 A0                  139 		.db	0b10100000
   0073 40                  140 		.db	0b01000000
   0074 E0                  141 		.db	0b11100000
   0075 40                  142 		.db	0b01000000
   0076 A0                  143 		.db	0b10100000
   0077 00                  144 		.db	0b00000000
   0078 03                  145 		.db	3
                            146 		;; character: '+' (43)
   0079 E0                  147 		.db	0b11100000
   007A 00                  148 		.db	0b00000000
   007B 00                  149 		.db	0b00000000
   007C 00                  150 		.db	0b00000000
   007D 40                  151 		.db	0b01000000
   007E E0                  152 		.db	0b11100000
   007F 40                  153 		.db	0b01000000
   0080 00                  154 		.db	0b00000000
   0081 00                  155 		.db	0b00000000
   0082 03                  156 		.db	3
                            157 		;; character: ',' (44)
   0083 C0                  158 		.db	0b11000000
   0084 00                  159 		.db	0b00000000
   0085 00                  160 		.db	0b00000000
   0086 00                  161 		.db	0b00000000
   0087 00                  162 		.db	0b00000000
   0088 00                  163 		.db	0b00000000
   0089 40                  164 		.db	0b01000000
   008A 40                  165 		.db	0b01000000
   008B 80                  166 		.db	0b10000000
   008C 02                  167 		.db	2
                            168 		;; character: '-' (45)
ASxxxx Assembler V02.00 + NoICE + SDCC mods + Flat24  (Zilog Z80 / Hitachi HD64180), page 4.



   008D C0                  169 		.db	0b11000000
   008E 00                  170 		.db	0b00000000
   008F 00                  171 		.db	0b00000000
   0090 00                  172 		.db	0b00000000
   0091 00                  173 		.db	0b00000000
   0092 C0                  174 		.db	0b11000000
   0093 00                  175 		.db	0b00000000
   0094 00                  176 		.db	0b00000000
   0095 00                  177 		.db	0b00000000
   0096 02                  178 		.db	2
                            179 		;; character: '.' (46)
   0097 80                  180 		.db	0b10000000
   0098 00                  181 		.db	0b00000000
   0099 00                  182 		.db	0b00000000
   009A 00                  183 		.db	0b00000000
   009B 00                  184 		.db	0b00000000
   009C 00                  185 		.db	0b00000000
   009D 00                  186 		.db	0b00000000
   009E 80                  187 		.db	0b10000000
   009F 00                  188 		.db	0b00000000
   00A0 01                  189 		.db	1
                            190 		;; character: '/' (47)
   00A1 E0                  191 		.db	0b11100000
   00A2 00                  192 		.db	0b00000000
   00A3 20                  193 		.db	0b00100000
   00A4 20                  194 		.db	0b00100000
   00A5 40                  195 		.db	0b01000000
   00A6 40                  196 		.db	0b01000000
   00A7 80                  197 		.db	0b10000000
   00A8 80                  198 		.db	0b10000000
   00A9 00                  199 		.db	0b00000000
   00AA 03                  200 		.db	3
                            201 		;; character: '0' (48)
   00AB E0                  202 		.db	0b11100000
   00AC 00                  203 		.db	0b00000000
   00AD 40                  204 		.db	0b01000000
   00AE A0                  205 		.db	0b10100000
   00AF A0                  206 		.db	0b10100000
   00B0 A0                  207 		.db	0b10100000
   00B1 A0                  208 		.db	0b10100000
   00B2 40                  209 		.db	0b01000000
   00B3 00                  210 		.db	0b00000000
   00B4 03                  211 		.db	3
                            212 		;; character: '1' (49)
   00B5 C0                  213 		.db	0b11000000
   00B6 00                  214 		.db	0b00000000
   00B7 40                  215 		.db	0b01000000
   00B8 C0                  216 		.db	0b11000000
   00B9 40                  217 		.db	0b01000000
   00BA 40                  218 		.db	0b01000000
   00BB 40                  219 		.db	0b01000000
   00BC 40                  220 		.db	0b01000000
   00BD 00                  221 		.db	0b00000000
   00BE 02                  222 		.db	2
                            223 		;; character: '2' (50)
   00BF E0                  224 		.db	0b11100000
ASxxxx Assembler V02.00 + NoICE + SDCC mods + Flat24  (Zilog Z80 / Hitachi HD64180), page 5.



   00C0 00                  225 		.db	0b00000000
   00C1 C0                  226 		.db	0b11000000
   00C2 20                  227 		.db	0b00100000
   00C3 20                  228 		.db	0b00100000
   00C4 40                  229 		.db	0b01000000
   00C5 80                  230 		.db	0b10000000
   00C6 E0                  231 		.db	0b11100000
   00C7 00                  232 		.db	0b00000000
   00C8 03                  233 		.db	3
                            234 		;; character: '3' (51)
   00C9 E0                  235 		.db	0b11100000
   00CA 00                  236 		.db	0b00000000
   00CB E0                  237 		.db	0b11100000
   00CC 20                  238 		.db	0b00100000
   00CD 40                  239 		.db	0b01000000
   00CE 20                  240 		.db	0b00100000
   00CF 20                  241 		.db	0b00100000
   00D0 C0                  242 		.db	0b11000000
   00D1 00                  243 		.db	0b00000000
   00D2 03                  244 		.db	3
                            245 		;; character: '4' (52)
   00D3 E0                  246 		.db	0b11100000
   00D4 00                  247 		.db	0b00000000
   00D5 20                  248 		.db	0b00100000
   00D6 A0                  249 		.db	0b10100000
   00D7 A0                  250 		.db	0b10100000
   00D8 E0                  251 		.db	0b11100000
   00D9 20                  252 		.db	0b00100000
   00DA 20                  253 		.db	0b00100000
   00DB 00                  254 		.db	0b00000000
   00DC 03                  255 		.db	3
                            256 		;; character: '5' (53)
   00DD E0                  257 		.db	0b11100000
   00DE 00                  258 		.db	0b00000000
   00DF E0                  259 		.db	0b11100000
   00E0 80                  260 		.db	0b10000000
   00E1 C0                  261 		.db	0b11000000
   00E2 20                  262 		.db	0b00100000
   00E3 20                  263 		.db	0b00100000
   00E4 C0                  264 		.db	0b11000000
   00E5 00                  265 		.db	0b00000000
   00E6 03                  266 		.db	3
                            267 		;; character: '6' (54)
   00E7 E0                  268 		.db	0b11100000
   00E8 00                  269 		.db	0b00000000
   00E9 60                  270 		.db	0b01100000
   00EA 80                  271 		.db	0b10000000
   00EB C0                  272 		.db	0b11000000
   00EC A0                  273 		.db	0b10100000
   00ED A0                  274 		.db	0b10100000
   00EE 40                  275 		.db	0b01000000
   00EF 00                  276 		.db	0b00000000
   00F0 03                  277 		.db	3
                            278 		;; character: '7' (55)
   00F1 E0                  279 		.db	0b11100000
   00F2 00                  280 		.db	0b00000000
ASxxxx Assembler V02.00 + NoICE + SDCC mods + Flat24  (Zilog Z80 / Hitachi HD64180), page 6.



   00F3 E0                  281 		.db	0b11100000
   00F4 20                  282 		.db	0b00100000
   00F5 20                  283 		.db	0b00100000
   00F6 40                  284 		.db	0b01000000
   00F7 40                  285 		.db	0b01000000
   00F8 40                  286 		.db	0b01000000
   00F9 00                  287 		.db	0b00000000
   00FA 03                  288 		.db	3
                            289 		;; character: '8' (56)
   00FB E0                  290 		.db	0b11100000
   00FC 00                  291 		.db	0b00000000
   00FD 40                  292 		.db	0b01000000
   00FE A0                  293 		.db	0b10100000
   00FF 40                  294 		.db	0b01000000
   0100 A0                  295 		.db	0b10100000
   0101 A0                  296 		.db	0b10100000
   0102 40                  297 		.db	0b01000000
   0103 00                  298 		.db	0b00000000
   0104 03                  299 		.db	3
                            300 		;; character: '9' (57)
   0105 E0                  301 		.db	0b11100000
   0106 00                  302 		.db	0b00000000
   0107 40                  303 		.db	0b01000000
   0108 A0                  304 		.db	0b10100000
   0109 A0                  305 		.db	0b10100000
   010A 60                  306 		.db	0b01100000
   010B 20                  307 		.db	0b00100000
   010C C0                  308 		.db	0b11000000
   010D 00                  309 		.db	0b00000000
   010E 03                  310 		.db	3
                            311 		;; character: ':' (58)
   010F 80                  312 		.db	0b10000000
   0110 00                  313 		.db	0b00000000
   0111 00                  314 		.db	0b00000000
   0112 00                  315 		.db	0b00000000
   0113 80                  316 		.db	0b10000000
   0114 00                  317 		.db	0b00000000
   0115 00                  318 		.db	0b00000000
   0116 80                  319 		.db	0b10000000
   0117 00                  320 		.db	0b00000000
   0118 01                  321 		.db	1
                            322 		;; character: ';' (59)
   0119 C0                  323 		.db	0b11000000
   011A 00                  324 		.db	0b00000000
   011B 00                  325 		.db	0b00000000
   011C 40                  326 		.db	0b01000000
   011D 00                  327 		.db	0b00000000
   011E 00                  328 		.db	0b00000000
   011F 40                  329 		.db	0b01000000
   0120 40                  330 		.db	0b01000000
   0121 80                  331 		.db	0b10000000
   0122 02                  332 		.db	2
                            333 		;; character: '<' (60)
   0123 E0                  334 		.db	0b11100000
   0124 00                  335 		.db	0b00000000
   0125 00                  336 		.db	0b00000000
ASxxxx Assembler V02.00 + NoICE + SDCC mods + Flat24  (Zilog Z80 / Hitachi HD64180), page 7.



   0126 20                  337 		.db	0b00100000
   0127 40                  338 		.db	0b01000000
   0128 80                  339 		.db	0b10000000
   0129 40                  340 		.db	0b01000000
   012A 20                  341 		.db	0b00100000
   012B 00                  342 		.db	0b00000000
   012C 03                  343 		.db	3
                            344 		;; character: '=' (61)
   012D E0                  345 		.db	0b11100000
   012E 00                  346 		.db	0b00000000
   012F 00                  347 		.db	0b00000000
   0130 00                  348 		.db	0b00000000
   0131 E0                  349 		.db	0b11100000
   0132 00                  350 		.db	0b00000000
   0133 E0                  351 		.db	0b11100000
   0134 00                  352 		.db	0b00000000
   0135 00                  353 		.db	0b00000000
   0136 03                  354 		.db	3
                            355 		;; character: '>' (62)
   0137 E0                  356 		.db	0b11100000
   0138 00                  357 		.db	0b00000000
   0139 00                  358 		.db	0b00000000
   013A 80                  359 		.db	0b10000000
   013B 40                  360 		.db	0b01000000
   013C 20                  361 		.db	0b00100000
   013D 40                  362 		.db	0b01000000
   013E 80                  363 		.db	0b10000000
   013F 00                  364 		.db	0b00000000
   0140 03                  365 		.db	3
                            366 		;; character: '?' (63)
   0141 E0                  367 		.db	0b11100000
   0142 00                  368 		.db	0b00000000
   0143 C0                  369 		.db	0b11000000
   0144 20                  370 		.db	0b00100000
   0145 40                  371 		.db	0b01000000
   0146 80                  372 		.db	0b10000000
   0147 00                  373 		.db	0b00000000
   0148 80                  374 		.db	0b10000000
   0149 00                  375 		.db	0b00000000
   014A 03                  376 		.db	3
                            377 		;; character: '@' (64)
   014B F8                  378 		.db	0b11111000
   014C 00                  379 		.db	0b00000000
   014D 70                  380 		.db	0b01110000
   014E 88                  381 		.db	0b10001000
   014F 98                  382 		.db	0b10011000
   0150 A8                  383 		.db	0b10101000
   0151 98                  384 		.db	0b10011000
   0152 80                  385 		.db	0b10000000
   0153 70                  386 		.db	0b01110000
   0154 05                  387 		.db	5
                            388 		;; character: 'A' (65)
   0155 E0                  389 		.db	0b11100000
   0156 00                  390 		.db	0b00000000
   0157 40                  391 		.db	0b01000000
   0158 A0                  392 		.db	0b10100000
ASxxxx Assembler V02.00 + NoICE + SDCC mods + Flat24  (Zilog Z80 / Hitachi HD64180), page 8.



   0159 A0                  393 		.db	0b10100000
   015A E0                  394 		.db	0b11100000
   015B A0                  395 		.db	0b10100000
   015C A0                  396 		.db	0b10100000
   015D 00                  397 		.db	0b00000000
   015E 03                  398 		.db	3
                            399 		;; character: 'B' (66)
   015F E0                  400 		.db	0b11100000
   0160 00                  401 		.db	0b00000000
   0161 C0                  402 		.db	0b11000000
   0162 A0                  403 		.db	0b10100000
   0163 C0                  404 		.db	0b11000000
   0164 A0                  405 		.db	0b10100000
   0165 A0                  406 		.db	0b10100000
   0166 C0                  407 		.db	0b11000000
   0167 00                  408 		.db	0b00000000
   0168 03                  409 		.db	3
                            410 		;; character: 'C' (67)
   0169 E0                  411 		.db	0b11100000
   016A 00                  412 		.db	0b00000000
   016B 60                  413 		.db	0b01100000
   016C 80                  414 		.db	0b10000000
   016D 80                  415 		.db	0b10000000
   016E 80                  416 		.db	0b10000000
   016F 80                  417 		.db	0b10000000
   0170 60                  418 		.db	0b01100000
   0171 00                  419 		.db	0b00000000
   0172 03                  420 		.db	3
                            421 		;; character: 'D' (68)
   0173 E0                  422 		.db	0b11100000
   0174 00                  423 		.db	0b00000000
   0175 C0                  424 		.db	0b11000000
   0176 A0                  425 		.db	0b10100000
   0177 A0                  426 		.db	0b10100000
   0178 A0                  427 		.db	0b10100000
   0179 A0                  428 		.db	0b10100000
   017A C0                  429 		.db	0b11000000
   017B 00                  430 		.db	0b00000000
   017C 03                  431 		.db	3
                            432 		;; character: 'E' (69)
   017D E0                  433 		.db	0b11100000
   017E 00                  434 		.db	0b00000000
   017F E0                  435 		.db	0b11100000
   0180 80                  436 		.db	0b10000000
   0181 C0                  437 		.db	0b11000000
   0182 80                  438 		.db	0b10000000
   0183 80                  439 		.db	0b10000000
   0184 E0                  440 		.db	0b11100000
   0185 00                  441 		.db	0b00000000
   0186 03                  442 		.db	3
                            443 		;; character: 'F' (70)
   0187 E0                  444 		.db	0b11100000
   0188 00                  445 		.db	0b00000000
   0189 E0                  446 		.db	0b11100000
   018A 80                  447 		.db	0b10000000
   018B C0                  448 		.db	0b11000000
ASxxxx Assembler V02.00 + NoICE + SDCC mods + Flat24  (Zilog Z80 / Hitachi HD64180), page 9.



   018C 80                  449 		.db	0b10000000
   018D 80                  450 		.db	0b10000000
   018E 80                  451 		.db	0b10000000
   018F 00                  452 		.db	0b00000000
   0190 03                  453 		.db	3
                            454 		;; character: 'G' (71)
   0191 E0                  455 		.db	0b11100000
   0192 00                  456 		.db	0b00000000
   0193 60                  457 		.db	0b01100000
   0194 80                  458 		.db	0b10000000
   0195 80                  459 		.db	0b10000000
   0196 A0                  460 		.db	0b10100000
   0197 A0                  461 		.db	0b10100000
   0198 60                  462 		.db	0b01100000
   0199 00                  463 		.db	0b00000000
   019A 03                  464 		.db	3
                            465 		;; character: 'H' (72)
   019B E0                  466 		.db	0b11100000
   019C 00                  467 		.db	0b00000000
   019D A0                  468 		.db	0b10100000
   019E A0                  469 		.db	0b10100000
   019F E0                  470 		.db	0b11100000
   01A0 A0                  471 		.db	0b10100000
   01A1 A0                  472 		.db	0b10100000
   01A2 A0                  473 		.db	0b10100000
   01A3 00                  474 		.db	0b00000000
   01A4 03                  475 		.db	3
                            476 		;; character: 'I' (73)
   01A5 80                  477 		.db	0b10000000
   01A6 00                  478 		.db	0b00000000
   01A7 80                  479 		.db	0b10000000
   01A8 80                  480 		.db	0b10000000
   01A9 80                  481 		.db	0b10000000
   01AA 80                  482 		.db	0b10000000
   01AB 80                  483 		.db	0b10000000
   01AC 80                  484 		.db	0b10000000
   01AD 00                  485 		.db	0b00000000
   01AE 01                  486 		.db	1
                            487 		;; character: 'J' (74)
   01AF C0                  488 		.db	0b11000000
   01B0 00                  489 		.db	0b00000000
   01B1 40                  490 		.db	0b01000000
   01B2 40                  491 		.db	0b01000000
   01B3 40                  492 		.db	0b01000000
   01B4 40                  493 		.db	0b01000000
   01B5 40                  494 		.db	0b01000000
   01B6 40                  495 		.db	0b01000000
   01B7 80                  496 		.db	0b10000000
   01B8 02                  497 		.db	2
                            498 		;; character: 'K' (75)
   01B9 E0                  499 		.db	0b11100000
   01BA 00                  500 		.db	0b00000000
   01BB A0                  501 		.db	0b10100000
   01BC A0                  502 		.db	0b10100000
   01BD C0                  503 		.db	0b11000000
   01BE A0                  504 		.db	0b10100000
ASxxxx Assembler V02.00 + NoICE + SDCC mods + Flat24  (Zilog Z80 / Hitachi HD64180), page 10.



   01BF A0                  505 		.db	0b10100000
   01C0 A0                  506 		.db	0b10100000
   01C1 00                  507 		.db	0b00000000
   01C2 03                  508 		.db	3
                            509 		;; character: 'L' (76)
   01C3 E0                  510 		.db	0b11100000
   01C4 00                  511 		.db	0b00000000
   01C5 80                  512 		.db	0b10000000
   01C6 80                  513 		.db	0b10000000
   01C7 80                  514 		.db	0b10000000
   01C8 80                  515 		.db	0b10000000
   01C9 80                  516 		.db	0b10000000
   01CA E0                  517 		.db	0b11100000
   01CB 00                  518 		.db	0b00000000
   01CC 03                  519 		.db	3
                            520 		;; character: 'M' (77)
   01CD F8                  521 		.db	0b11111000
   01CE 00                  522 		.db	0b00000000
   01CF 88                  523 		.db	0b10001000
   01D0 D8                  524 		.db	0b11011000
   01D1 A8                  525 		.db	0b10101000
   01D2 88                  526 		.db	0b10001000
   01D3 88                  527 		.db	0b10001000
   01D4 88                  528 		.db	0b10001000
   01D5 00                  529 		.db	0b00000000
   01D6 05                  530 		.db	5
                            531 		;; character: 'N' (78)
   01D7 F0                  532 		.db	0b11110000
   01D8 00                  533 		.db	0b00000000
   01D9 90                  534 		.db	0b10010000
   01DA D0                  535 		.db	0b11010000
   01DB B0                  536 		.db	0b10110000
   01DC 90                  537 		.db	0b10010000
   01DD 90                  538 		.db	0b10010000
   01DE 90                  539 		.db	0b10010000
   01DF 00                  540 		.db	0b00000000
   01E0 04                  541 		.db	4
                            542 		;; character: 'O' (79)
   01E1 E0                  543 		.db	0b11100000
   01E2 00                  544 		.db	0b00000000
   01E3 40                  545 		.db	0b01000000
   01E4 A0                  546 		.db	0b10100000
   01E5 A0                  547 		.db	0b10100000
   01E6 A0                  548 		.db	0b10100000
   01E7 A0                  549 		.db	0b10100000
   01E8 40                  550 		.db	0b01000000
   01E9 00                  551 		.db	0b00000000
   01EA 03                  552 		.db	3
                            553 		;; character: 'P' (80)
   01EB E0                  554 		.db	0b11100000
   01EC 00                  555 		.db	0b00000000
   01ED C0                  556 		.db	0b11000000
   01EE A0                  557 		.db	0b10100000
   01EF A0                  558 		.db	0b10100000
   01F0 C0                  559 		.db	0b11000000
   01F1 80                  560 		.db	0b10000000
ASxxxx Assembler V02.00 + NoICE + SDCC mods + Flat24  (Zilog Z80 / Hitachi HD64180), page 11.



   01F2 80                  561 		.db	0b10000000
   01F3 00                  562 		.db	0b00000000
   01F4 03                  563 		.db	3
                            564 		;; character: 'Q' (81)
   01F5 E0                  565 		.db	0b11100000
   01F6 00                  566 		.db	0b00000000
   01F7 40                  567 		.db	0b01000000
   01F8 A0                  568 		.db	0b10100000
   01F9 A0                  569 		.db	0b10100000
   01FA A0                  570 		.db	0b10100000
   01FB A0                  571 		.db	0b10100000
   01FC 40                  572 		.db	0b01000000
   01FD 60                  573 		.db	0b01100000
   01FE 03                  574 		.db	3
                            575 		;; character: 'R' (82)
   01FF E0                  576 		.db	0b11100000
   0200 00                  577 		.db	0b00000000
   0201 C0                  578 		.db	0b11000000
   0202 A0                  579 		.db	0b10100000
   0203 A0                  580 		.db	0b10100000
   0204 C0                  581 		.db	0b11000000
   0205 A0                  582 		.db	0b10100000
   0206 A0                  583 		.db	0b10100000
   0207 00                  584 		.db	0b00000000
   0208 03                  585 		.db	3
                            586 		;; character: 'S' (83)
   0209 E0                  587 		.db	0b11100000
   020A 00                  588 		.db	0b00000000
   020B 60                  589 		.db	0b01100000
   020C 80                  590 		.db	0b10000000
   020D 40                  591 		.db	0b01000000
   020E 20                  592 		.db	0b00100000
   020F 20                  593 		.db	0b00100000
   0210 C0                  594 		.db	0b11000000
   0211 00                  595 		.db	0b00000000
   0212 03                  596 		.db	3
                            597 		;; character: 'T' (84)
   0213 E0                  598 		.db	0b11100000
   0214 00                  599 		.db	0b00000000
   0215 E0                  600 		.db	0b11100000
   0216 40                  601 		.db	0b01000000
   0217 40                  602 		.db	0b01000000
   0218 40                  603 		.db	0b01000000
   0219 40                  604 		.db	0b01000000
   021A 40                  605 		.db	0b01000000
   021B 00                  606 		.db	0b00000000
   021C 03                  607 		.db	3
                            608 		;; character: 'U' (85)
   021D E0                  609 		.db	0b11100000
   021E 00                  610 		.db	0b00000000
   021F A0                  611 		.db	0b10100000
   0220 A0                  612 		.db	0b10100000
   0221 A0                  613 		.db	0b10100000
   0222 A0                  614 		.db	0b10100000
   0223 A0                  615 		.db	0b10100000
   0224 60                  616 		.db	0b01100000
ASxxxx Assembler V02.00 + NoICE + SDCC mods + Flat24  (Zilog Z80 / Hitachi HD64180), page 12.



   0225 00                  617 		.db	0b00000000
   0226 03                  618 		.db	3
                            619 		;; character: 'V' (86)
   0227 E0                  620 		.db	0b11100000
   0228 00                  621 		.db	0b00000000
   0229 A0                  622 		.db	0b10100000
   022A A0                  623 		.db	0b10100000
   022B A0                  624 		.db	0b10100000
   022C A0                  625 		.db	0b10100000
   022D C0                  626 		.db	0b11000000
   022E 80                  627 		.db	0b10000000
   022F 00                  628 		.db	0b00000000
   0230 03                  629 		.db	3
                            630 		;; character: 'W' (87)
   0231 F8                  631 		.db	0b11111000
   0232 00                  632 		.db	0b00000000
   0233 88                  633 		.db	0b10001000
   0234 88                  634 		.db	0b10001000
   0235 88                  635 		.db	0b10001000
   0236 A8                  636 		.db	0b10101000
   0237 A8                  637 		.db	0b10101000
   0238 50                  638 		.db	0b01010000
   0239 00                  639 		.db	0b00000000
   023A 05                  640 		.db	5
                            641 		;; character: 'X' (88)
   023B E0                  642 		.db	0b11100000
   023C 00                  643 		.db	0b00000000
   023D A0                  644 		.db	0b10100000
   023E A0                  645 		.db	0b10100000
   023F 40                  646 		.db	0b01000000
   0240 40                  647 		.db	0b01000000
   0241 A0                  648 		.db	0b10100000
   0242 A0                  649 		.db	0b10100000
   0243 00                  650 		.db	0b00000000
   0244 03                  651 		.db	3
                            652 		;; character: 'Y' (89)
   0245 E0                  653 		.db	0b11100000
   0246 00                  654 		.db	0b00000000
   0247 A0                  655 		.db	0b10100000
   0248 A0                  656 		.db	0b10100000
   0249 A0                  657 		.db	0b10100000
   024A 40                  658 		.db	0b01000000
   024B 40                  659 		.db	0b01000000
   024C 40                  660 		.db	0b01000000
   024D 00                  661 		.db	0b00000000
   024E 03                  662 		.db	3
                            663 		;; character: 'Z' (90)
   024F E0                  664 		.db	0b11100000
   0250 00                  665 		.db	0b00000000
   0251 E0                  666 		.db	0b11100000
   0252 20                  667 		.db	0b00100000
   0253 40                  668 		.db	0b01000000
   0254 40                  669 		.db	0b01000000
   0255 80                  670 		.db	0b10000000
   0256 E0                  671 		.db	0b11100000
   0257 00                  672 		.db	0b00000000
ASxxxx Assembler V02.00 + NoICE + SDCC mods + Flat24  (Zilog Z80 / Hitachi HD64180), page 13.



   0258 03                  673 		.db	3
                            674 		;; character: '[' (91)
   0259 C0                  675 		.db	0b11000000
   025A 00                  676 		.db	0b00000000
   025B C0                  677 		.db	0b11000000
   025C 80                  678 		.db	0b10000000
   025D 80                  679 		.db	0b10000000
   025E 80                  680 		.db	0b10000000
   025F 80                  681 		.db	0b10000000
   0260 C0                  682 		.db	0b11000000
   0261 00                  683 		.db	0b00000000
   0262 02                  684 		.db	2
                            685 		;; character: '\' (92)
   0263 E0                  686 		.db	0b11100000
   0264 00                  687 		.db	0b00000000
   0265 80                  688 		.db	0b10000000
   0266 80                  689 		.db	0b10000000
   0267 40                  690 		.db	0b01000000
   0268 40                  691 		.db	0b01000000
   0269 20                  692 		.db	0b00100000
   026A 20                  693 		.db	0b00100000
   026B 00                  694 		.db	0b00000000
   026C 03                  695 		.db	3
                            696 		;; character: ']' (93)
   026D C0                  697 		.db	0b11000000
   026E 00                  698 		.db	0b00000000
   026F C0                  699 		.db	0b11000000
   0270 40                  700 		.db	0b01000000
   0271 40                  701 		.db	0b01000000
   0272 40                  702 		.db	0b01000000
   0273 40                  703 		.db	0b01000000
   0274 C0                  704 		.db	0b11000000
   0275 00                  705 		.db	0b00000000
   0276 02                  706 		.db	2
                            707 		;; character: '^' (94)
   0277 E0                  708 		.db	0b11100000
   0278 00                  709 		.db	0b00000000
   0279 40                  710 		.db	0b01000000
   027A A0                  711 		.db	0b10100000
   027B 00                  712 		.db	0b00000000
   027C 00                  713 		.db	0b00000000
   027D 00                  714 		.db	0b00000000
   027E 00                  715 		.db	0b00000000
   027F 00                  716 		.db	0b00000000
   0280 03                  717 		.db	3
                            718 		;; character: '_' (95)
   0281 E0                  719 		.db	0b11100000
   0282 00                  720 		.db	0b00000000
   0283 00                  721 		.db	0b00000000
   0284 00                  722 		.db	0b00000000
   0285 00                  723 		.db	0b00000000
   0286 00                  724 		.db	0b00000000
   0287 00                  725 		.db	0b00000000
   0288 E0                  726 		.db	0b11100000
   0289 00                  727 		.db	0b00000000
   028A 03                  728 		.db	3
ASxxxx Assembler V02.00 + NoICE + SDCC mods + Flat24  (Zilog Z80 / Hitachi HD64180), page 14.



                            729 		;; character: '`' (96)
   028B C0                  730 		.db	0b11000000
   028C 00                  731 		.db	0b00000000
   028D 80                  732 		.db	0b10000000
   028E 40                  733 		.db	0b01000000
   028F 00                  734 		.db	0b00000000
   0290 00                  735 		.db	0b00000000
   0291 00                  736 		.db	0b00000000
   0292 00                  737 		.db	0b00000000
   0293 00                  738 		.db	0b00000000
   0294 02                  739 		.db	2
                            740 		;; character: 'a' (97)
   0295 E0                  741 		.db	0b11100000
   0296 00                  742 		.db	0b00000000
   0297 00                  743 		.db	0b00000000
   0298 00                  744 		.db	0b00000000
   0299 60                  745 		.db	0b01100000
   029A A0                  746 		.db	0b10100000
   029B A0                  747 		.db	0b10100000
   029C 60                  748 		.db	0b01100000
   029D 00                  749 		.db	0b00000000
   029E 03                  750 		.db	3
                            751 		;; character: 'b' (98)
   029F E0                  752 		.db	0b11100000
   02A0 00                  753 		.db	0b00000000
   02A1 80                  754 		.db	0b10000000
   02A2 80                  755 		.db	0b10000000
   02A3 C0                  756 		.db	0b11000000
   02A4 A0                  757 		.db	0b10100000
   02A5 A0                  758 		.db	0b10100000
   02A6 C0                  759 		.db	0b11000000
   02A7 00                  760 		.db	0b00000000
   02A8 03                  761 		.db	3
                            762 		;; character: 'c' (99)
   02A9 C0                  763 		.db	0b11000000
   02AA 00                  764 		.db	0b00000000
   02AB 00                  765 		.db	0b00000000
   02AC 00                  766 		.db	0b00000000
   02AD 40                  767 		.db	0b01000000
   02AE 80                  768 		.db	0b10000000
   02AF 80                  769 		.db	0b10000000
   02B0 40                  770 		.db	0b01000000
   02B1 00                  771 		.db	0b00000000
   02B2 02                  772 		.db	2
                            773 		;; character: 'd' (100)
   02B3 E0                  774 		.db	0b11100000
   02B4 00                  775 		.db	0b00000000
   02B5 20                  776 		.db	0b00100000
   02B6 20                  777 		.db	0b00100000
   02B7 60                  778 		.db	0b01100000
   02B8 A0                  779 		.db	0b10100000
   02B9 A0                  780 		.db	0b10100000
   02BA 60                  781 		.db	0b01100000
   02BB 00                  782 		.db	0b00000000
   02BC 03                  783 		.db	3
                            784 		;; character: 'e' (101)
ASxxxx Assembler V02.00 + NoICE + SDCC mods + Flat24  (Zilog Z80 / Hitachi HD64180), page 15.



   02BD E0                  785 		.db	0b11100000
   02BE 00                  786 		.db	0b00000000
   02BF 00                  787 		.db	0b00000000
   02C0 00                  788 		.db	0b00000000
   02C1 60                  789 		.db	0b01100000
   02C2 A0                  790 		.db	0b10100000
   02C3 C0                  791 		.db	0b11000000
   02C4 60                  792 		.db	0b01100000
   02C5 00                  793 		.db	0b00000000
   02C6 03                  794 		.db	3
                            795 		;; character: 'f' (102)
   02C7 C0                  796 		.db	0b11000000
   02C8 00                  797 		.db	0b00000000
   02C9 40                  798 		.db	0b01000000
   02CA 80                  799 		.db	0b10000000
   02CB C0                  800 		.db	0b11000000
   02CC 80                  801 		.db	0b10000000
   02CD 80                  802 		.db	0b10000000
   02CE 80                  803 		.db	0b10000000
   02CF 00                  804 		.db	0b00000000
   02D0 02                  805 		.db	2
                            806 		;; character: 'g' (103)
   02D1 E0                  807 		.db	0b11100000
   02D2 00                  808 		.db	0b00000000
   02D3 00                  809 		.db	0b00000000
   02D4 00                  810 		.db	0b00000000
   02D5 60                  811 		.db	0b01100000
   02D6 A0                  812 		.db	0b10100000
   02D7 E0                  813 		.db	0b11100000
   02D8 20                  814 		.db	0b00100000
   02D9 C0                  815 		.db	0b11000000
   02DA 03                  816 		.db	3
                            817 		;; character: 'h' (104)
   02DB E0                  818 		.db	0b11100000
   02DC 00                  819 		.db	0b00000000
   02DD 80                  820 		.db	0b10000000
   02DE 80                  821 		.db	0b10000000
   02DF C0                  822 		.db	0b11000000
   02E0 A0                  823 		.db	0b10100000
   02E1 A0                  824 		.db	0b10100000
   02E2 A0                  825 		.db	0b10100000
   02E3 00                  826 		.db	0b00000000
   02E4 03                  827 		.db	3
                            828 		;; character: 'i' (105)
   02E5 80                  829 		.db	0b10000000
   02E6 00                  830 		.db	0b00000000
   02E7 80                  831 		.db	0b10000000
   02E8 00                  832 		.db	0b00000000
   02E9 80                  833 		.db	0b10000000
   02EA 80                  834 		.db	0b10000000
   02EB 80                  835 		.db	0b10000000
   02EC 80                  836 		.db	0b10000000
   02ED 00                  837 		.db	0b00000000
   02EE 01                  838 		.db	1
                            839 		;; character: 'j' (106)
   02EF C0                  840 		.db	0b11000000
ASxxxx Assembler V02.00 + NoICE + SDCC mods + Flat24  (Zilog Z80 / Hitachi HD64180), page 16.



   02F0 00                  841 		.db	0b00000000
   02F1 40                  842 		.db	0b01000000
   02F2 00                  843 		.db	0b00000000
   02F3 40                  844 		.db	0b01000000
   02F4 40                  845 		.db	0b01000000
   02F5 40                  846 		.db	0b01000000
   02F6 40                  847 		.db	0b01000000
   02F7 80                  848 		.db	0b10000000
   02F8 02                  849 		.db	2
                            850 		;; character: 'k' (107)
   02F9 E0                  851 		.db	0b11100000
   02FA 00                  852 		.db	0b00000000
   02FB 80                  853 		.db	0b10000000
   02FC 80                  854 		.db	0b10000000
   02FD A0                  855 		.db	0b10100000
   02FE C0                  856 		.db	0b11000000
   02FF A0                  857 		.db	0b10100000
   0300 A0                  858 		.db	0b10100000
   0301 00                  859 		.db	0b00000000
   0302 03                  860 		.db	3
                            861 		;; character: 'l' (108)
   0303 80                  862 		.db	0b10000000
   0304 00                  863 		.db	0b00000000
   0305 80                  864 		.db	0b10000000
   0306 80                  865 		.db	0b10000000
   0307 80                  866 		.db	0b10000000
   0308 80                  867 		.db	0b10000000
   0309 80                  868 		.db	0b10000000
   030A 80                  869 		.db	0b10000000
   030B 00                  870 		.db	0b00000000
   030C 01                  871 		.db	1
                            872 		;; character: 'm' (109)
   030D F8                  873 		.db	0b11111000
   030E 00                  874 		.db	0b00000000
   030F 00                  875 		.db	0b00000000
   0310 00                  876 		.db	0b00000000
   0311 F0                  877 		.db	0b11110000
   0312 A8                  878 		.db	0b10101000
   0313 A8                  879 		.db	0b10101000
   0314 A8                  880 		.db	0b10101000
   0315 00                  881 		.db	0b00000000
   0316 05                  882 		.db	5
                            883 		;; character: 'n' (110)
   0317 E0                  884 		.db	0b11100000
   0318 00                  885 		.db	0b00000000
   0319 00                  886 		.db	0b00000000
   031A 00                  887 		.db	0b00000000
   031B C0                  888 		.db	0b11000000
   031C A0                  889 		.db	0b10100000
   031D A0                  890 		.db	0b10100000
   031E A0                  891 		.db	0b10100000
   031F 00                  892 		.db	0b00000000
   0320 03                  893 		.db	3
                            894 		;; character: 'o' (111)
   0321 E0                  895 		.db	0b11100000
   0322 00                  896 		.db	0b00000000
ASxxxx Assembler V02.00 + NoICE + SDCC mods + Flat24  (Zilog Z80 / Hitachi HD64180), page 17.



   0323 00                  897 		.db	0b00000000
   0324 00                  898 		.db	0b00000000
   0325 40                  899 		.db	0b01000000
   0326 A0                  900 		.db	0b10100000
   0327 A0                  901 		.db	0b10100000
   0328 40                  902 		.db	0b01000000
   0329 00                  903 		.db	0b00000000
   032A 03                  904 		.db	3
                            905 		;; character: 'p' (112)
   032B E0                  906 		.db	0b11100000
   032C 00                  907 		.db	0b00000000
   032D 00                  908 		.db	0b00000000
   032E 00                  909 		.db	0b00000000
   032F C0                  910 		.db	0b11000000
   0330 A0                  911 		.db	0b10100000
   0331 A0                  912 		.db	0b10100000
   0332 E0                  913 		.db	0b11100000
   0333 80                  914 		.db	0b10000000
   0334 03                  915 		.db	3
                            916 		;; character: 'q' (113)
   0335 E0                  917 		.db	0b11100000
   0336 00                  918 		.db	0b00000000
   0337 00                  919 		.db	0b00000000
   0338 00                  920 		.db	0b00000000
   0339 60                  921 		.db	0b01100000
   033A A0                  922 		.db	0b10100000
   033B E0                  923 		.db	0b11100000
   033C 20                  924 		.db	0b00100000
   033D 20                  925 		.db	0b00100000
   033E 03                  926 		.db	3
                            927 		;; character: 'r' (114)
   033F C0                  928 		.db	0b11000000
   0340 00                  929 		.db	0b00000000
   0341 00                  930 		.db	0b00000000
   0342 00                  931 		.db	0b00000000
   0343 40                  932 		.db	0b01000000
   0344 80                  933 		.db	0b10000000
   0345 80                  934 		.db	0b10000000
   0346 80                  935 		.db	0b10000000
   0347 00                  936 		.db	0b00000000
   0348 02                  937 		.db	2
                            938 		;; character: 's' (115)
   0349 C0                  939 		.db	0b11000000
   034A 00                  940 		.db	0b00000000
   034B 00                  941 		.db	0b00000000
   034C 00                  942 		.db	0b00000000
   034D C0                  943 		.db	0b11000000
   034E 80                  944 		.db	0b10000000
   034F 40                  945 		.db	0b01000000
   0350 C0                  946 		.db	0b11000000
   0351 00                  947 		.db	0b00000000
   0352 02                  948 		.db	2
                            949 		;; character: 't' (116)
   0353 C0                  950 		.db	0b11000000
   0354 00                  951 		.db	0b00000000
   0355 00                  952 		.db	0b00000000
ASxxxx Assembler V02.00 + NoICE + SDCC mods + Flat24  (Zilog Z80 / Hitachi HD64180), page 18.



   0356 80                  953 		.db	0b10000000
   0357 C0                  954 		.db	0b11000000
   0358 80                  955 		.db	0b10000000
   0359 80                  956 		.db	0b10000000
   035A 40                  957 		.db	0b01000000
   035B 00                  958 		.db	0b00000000
   035C 02                  959 		.db	2
                            960 		;; character: 'u' (117)
   035D E0                  961 		.db	0b11100000
   035E 00                  962 		.db	0b00000000
   035F 00                  963 		.db	0b00000000
   0360 00                  964 		.db	0b00000000
   0361 A0                  965 		.db	0b10100000
   0362 A0                  966 		.db	0b10100000
   0363 A0                  967 		.db	0b10100000
   0364 60                  968 		.db	0b01100000
   0365 00                  969 		.db	0b00000000
   0366 03                  970 		.db	3
                            971 		;; character: 'v' (118)
   0367 E0                  972 		.db	0b11100000
   0368 00                  973 		.db	0b00000000
   0369 00                  974 		.db	0b00000000
   036A 00                  975 		.db	0b00000000
   036B A0                  976 		.db	0b10100000
   036C A0                  977 		.db	0b10100000
   036D C0                  978 		.db	0b11000000
   036E 80                  979 		.db	0b10000000
   036F 00                  980 		.db	0b00000000
   0370 03                  981 		.db	3
                            982 		;; character: 'w' (119)
   0371 F8                  983 		.db	0b11111000
   0372 00                  984 		.db	0b00000000
   0373 00                  985 		.db	0b00000000
   0374 00                  986 		.db	0b00000000
   0375 A8                  987 		.db	0b10101000
   0376 A8                  988 		.db	0b10101000
   0377 A8                  989 		.db	0b10101000
   0378 50                  990 		.db	0b01010000
   0379 00                  991 		.db	0b00000000
   037A 05                  992 		.db	5
                            993 		;; character: 'x' (120)
   037B E0                  994 		.db	0b11100000
   037C 00                  995 		.db	0b00000000
   037D 00                  996 		.db	0b00000000
   037E 00                  997 		.db	0b00000000
   037F A0                  998 		.db	0b10100000
   0380 40                  999 		.db	0b01000000
   0381 40                 1000 		.db	0b01000000
   0382 A0                 1001 		.db	0b10100000
   0383 00                 1002 		.db	0b00000000
   0384 03                 1003 		.db	3
                           1004 		;; character: 'y' (121)
   0385 E0                 1005 		.db	0b11100000
   0386 00                 1006 		.db	0b00000000
   0387 00                 1007 		.db	0b00000000
   0388 00                 1008 		.db	0b00000000
ASxxxx Assembler V02.00 + NoICE + SDCC mods + Flat24  (Zilog Z80 / Hitachi HD64180), page 19.



   0389 A0                 1009 		.db	0b10100000
   038A A0                 1010 		.db	0b10100000
   038B 40                 1011 		.db	0b01000000
   038C 40                 1012 		.db	0b01000000
   038D 80                 1013 		.db	0b10000000
   038E 03                 1014 		.db	3
                           1015 		;; character: 'z' (122)
   038F C0                 1016 		.db	0b11000000
   0390 00                 1017 		.db	0b00000000
   0391 00                 1018 		.db	0b00000000
   0392 00                 1019 		.db	0b00000000
   0393 C0                 1020 		.db	0b11000000
   0394 40                 1021 		.db	0b01000000
   0395 80                 1022 		.db	0b10000000
   0396 C0                 1023 		.db	0b11000000
   0397 00                 1024 		.db	0b00000000
   0398 02                 1025 		.db	2
                           1026 		;; character: '{' (123)
   0399 E0                 1027 		.db	0b11100000
   039A 00                 1028 		.db	0b00000000
   039B 60                 1029 		.db	0b01100000
   039C 40                 1030 		.db	0b01000000
   039D 80                 1031 		.db	0b10000000
   039E 40                 1032 		.db	0b01000000
   039F 40                 1033 		.db	0b01000000
   03A0 60                 1034 		.db	0b01100000
   03A1 00                 1035 		.db	0b00000000
   03A2 03                 1036 		.db	3
                           1037 		;; character: '|' (124)
   03A3 80                 1038 		.db	0b10000000
   03A4 00                 1039 		.db	0b00000000
   03A5 80                 1040 		.db	0b10000000
   03A6 80                 1041 		.db	0b10000000
   03A7 80                 1042 		.db	0b10000000
   03A8 80                 1043 		.db	0b10000000
   03A9 80                 1044 		.db	0b10000000
   03AA 80                 1045 		.db	0b10000000
   03AB 00                 1046 		.db	0b00000000
   03AC 01                 1047 		.db	1
                           1048 		;; character: '}' (125)
   03AD E0                 1049 		.db	0b11100000
   03AE 00                 1050 		.db	0b00000000
   03AF C0                 1051 		.db	0b11000000
   03B0 40                 1052 		.db	0b01000000
   03B1 20                 1053 		.db	0b00100000
   03B2 40                 1054 		.db	0b01000000
   03B3 40                 1055 		.db	0b01000000
   03B4 C0                 1056 		.db	0b11000000
   03B5 00                 1057 		.db	0b00000000
   03B6 03                 1058 		.db	3
                           1059 		;; character: '~' (126)
   03B7 F0                 1060 		.db	0b11110000
   03B8 00                 1061 		.db	0b00000000
   03B9 50                 1062 		.db	0b01010000
   03BA A0                 1063 		.db	0b10100000
   03BB 00                 1064 		.db	0b00000000
ASxxxx Assembler V02.00 + NoICE + SDCC mods + Flat24  (Zilog Z80 / Hitachi HD64180), page 20.



   03BC 00                 1065 		.db	0b00000000
   03BD 00                 1066 		.db	0b00000000
   03BE 00                 1067 		.db	0b00000000
   03BF 00                 1068 		.db	0b00000000
   03C0 04                 1069 		.db	4
                           1070 		;; character: '(c)' (127)
   03C1 FC                 1071 		.db	0b11111100
   03C2 00                 1072 		.db	0b00000000
   03C3 78                 1073 		.db	0b01111000
   03C4 84                 1074 		.db	0b10000100
   03C5 B4                 1075 		.db	0b10110100
   03C6 A4                 1076 		.db	0b10100100
   03C7 B4                 1077 		.db	0b10110100
   03C8 84                 1078 		.db	0b10000100
   03C9 78                 1079 		.db	0b01111000
   03CA 06                 1080 		.db	6
                           1081 		;; character: 'yeah' (128)
   03CB FC                 1082 		.db	0b11111100
   03CC FC                 1083 		.db	0b11111100
   03CD FC                 1084 		.db	0b11111100
   03CE FC                 1085 		.db	0b11111100
   03CF FC                 1086 		.db	0b11111100
   03D0 FC                 1087 		.db	0b11111100
   03D1 FC                 1088 		.db	0b11111100
   03D2 FC                 1089 		.db	0b11111100
   03D3 FC                 1090 		.db	0b11111100
   03D4 06                 1091 		.db	6
                           1092 
                           1093 		;; T-T-T-That's all folks!
