ASxxxx Assembler V02.00 + NoICE + SDCC mods + Flat24  (Zilog Z80 / Hitachi HD64180), page 1.



                              1 		;;	ocr-a.s
                              2 		;;	ocr-a font
                              3 		;;
                              4 		;;	notes: see font.h for font format details
                              5 		.module ocra_font 
                              6 		
                              7 		.globl	_ocra_font
                              8 		
                              9 		.area	_CODE
   0000                      10 _ocra_font::
   0000 21 04 00             11 		ld	hl,#ocra_font
   0003 C9                   12 		ret	
                             13 
   0004                      14 ocra_font:
                             15 		;; font header 
   0004 07                   16 		.db	7			;; font generation 1 
   0005 20                   17 		.db	32			;; first ascii
   0006 7F                   18 		.db	127			;; last ascii
   0007 01                   19 		.db	1			;; bytes per glyph line 
   0008 08                   20 		.db	8			;; glyph lines 
   0009 01                   21 		.db	1			;; xmax 
   000A 01                   22 		.db	1			;; descent 
                             23 
                             24 		;; character: ' ' (32) 
   000B F8                   25 		.db	0b11111000
   000C 00                   26 		.db	0b00000000
   000D 00                   27 		.db	0b00000000
   000E 00                   28 		.db	0b00000000
   000F 00                   29 		.db	0b00000000
   0010 00                   30 		.db	0b00000000
   0011 00                   31 		.db	0b00000000
   0012 00                   32 		.db	0b00000000
   0013 00                   33 		.db	0b00000000
   0014 04                   34 		.db	4
                             35 		;; character: '!' (33) 
   0015 80                   36 		.db	0b10000000
   0016 80                   37 		.db	0b10000000
   0017 80                   38 		.db	0b10000000
   0018 80                   39 		.db	0b10000000
   0019 80                   40 		.db	0b10000000
   001A 80                   41 		.db	0b10000000
   001B 00                   42 		.db	0b00000000
   001C 80                   43 		.db	0b10000000
   001D 00                   44 		.db	0b00000000
   001E 01                   45 		.db	1
                             46 		;; character: '"' (34) 
   001F F8                   47 		.db	0b11111000
   0020 48                   48 		.db	0b01001000
   0021 D8                   49 		.db	0b11011000
   0022 00                   50 		.db	0b00000000
   0023 00                   51 		.db	0b00000000
   0024 00                   52 		.db	0b00000000
   0025 00                   53 		.db	0b00000000
   0026 00                   54 		.db	0b00000000
   0027 00                   55 		.db	0b00000000
   0028 05                   56 		.db	5
ASxxxx Assembler V02.00 + NoICE + SDCC mods + Flat24  (Zilog Z80 / Hitachi HD64180), page 2.



                             57 		;; character: '#' (35) 
   0029 FC                   58 		.db	0b11111100
   002A 00                   59 		.db	0b00000000
   002B 48                   60 		.db	0b01001000
   002C FC                   61 		.db	0b11111100
   002D 48                   62 		.db	0b01001000
   002E 48                   63 		.db	0b01001000
   002F FC                   64 		.db	0b11111100
   0030 48                   65 		.db	0b01001000
   0031 00                   66 		.db	0b00000000
   0032 06                   67 		.db	6
                             68 		;; character: '$' (36) 
   0033 F8                   69 		.db	0b11111000
   0034 00                   70 		.db	0b00000000
   0035 20                   71 		.db	0b00100000
   0036 78                   72 		.db	0b01111000
   0037 80                   73 		.db	0b10000000
   0038 F8                   74 		.db	0b11111000
   0039 08                   75 		.db	0b00001000
   003A F0                   76 		.db	0b11110000
   003B 20                   77 		.db	0b00100000
   003C 05                   78 		.db	5
                             79 		;; character: '%' (37) 
   003D FE                   80 		.db	0b11111110
   003E 60                   81 		.db	0b01100000
   003F A4                   82 		.db	0b10100100
   0040 C8                   83 		.db	0b11001000
   0041 10                   84 		.db	0b00010000
   0042 26                   85 		.db	0b00100110
   0043 4A                   86 		.db	0b01001010
   0044 0C                   87 		.db	0b00001100
   0045 00                   88 		.db	0b00000000
   0046 07                   89 		.db	7
                             90 		;; character: '&' (38) 
   0047 FC                   91 		.db	0b11111100
   0048 70                   92 		.db	0b01110000
   0049 88                   93 		.db	0b10001000
   004A 50                   94 		.db	0b01010000
   004B 20                   95 		.db	0b00100000
   004C 54                   96 		.db	0b01010100
   004D 88                   97 		.db	0b10001000
   004E 74                   98 		.db	0b01110100
   004F 00                   99 		.db	0b00000000
   0050 06                  100 		.db	6
                            101 		;; character: ''' (39) 
   0051 C0                  102 		.db	0b11000000
   0052 40                  103 		.db	0b01000000
   0053 C0                  104 		.db	0b11000000
   0054 00                  105 		.db	0b00000000
   0055 00                  106 		.db	0b00000000
   0056 00                  107 		.db	0b00000000
   0057 00                  108 		.db	0b00000000
   0058 00                  109 		.db	0b00000000
   0059 00                  110 		.db	0b00000000
   005A 02                  111 		.db	2
                            112 		;; character: '(' (40) 
ASxxxx Assembler V02.00 + NoICE + SDCC mods + Flat24  (Zilog Z80 / Hitachi HD64180), page 3.



   005B E0                  113 		.db	0b11100000
   005C 20                  114 		.db	0b00100000
   005D 40                  115 		.db	0b01000000
   005E 80                  116 		.db	0b10000000
   005F 80                  117 		.db	0b10000000
   0060 80                  118 		.db	0b10000000
   0061 40                  119 		.db	0b01000000
   0062 20                  120 		.db	0b00100000
   0063 00                  121 		.db	0b00000000
   0064 03                  122 		.db	3
                            123 		;; character: ')' (41) 
   0065 E0                  124 		.db	0b11100000
   0066 80                  125 		.db	0b10000000
   0067 40                  126 		.db	0b01000000
   0068 20                  127 		.db	0b00100000
   0069 20                  128 		.db	0b00100000
   006A 20                  129 		.db	0b00100000
   006B 40                  130 		.db	0b01000000
   006C 80                  131 		.db	0b10000000
   006D 00                  132 		.db	0b00000000
   006E 03                  133 		.db	3
                            134 		;; character: '*' (42) 
   006F F8                  135 		.db	0b11111000
   0070 00                  136 		.db	0b00000000
   0071 20                  137 		.db	0b00100000
   0072 A8                  138 		.db	0b10101000
   0073 70                  139 		.db	0b01110000
   0074 A8                  140 		.db	0b10101000
   0075 20                  141 		.db	0b00100000
   0076 00                  142 		.db	0b00000000
   0077 00                  143 		.db	0b00000000
   0078 05                  144 		.db	5
                            145 		;; character: '+' (43) 
   0079 F8                  146 		.db	0b11111000
   007A 00                  147 		.db	0b00000000
   007B 20                  148 		.db	0b00100000
   007C 20                  149 		.db	0b00100000
   007D F8                  150 		.db	0b11111000
   007E 20                  151 		.db	0b00100000
   007F 20                  152 		.db	0b00100000
   0080 00                  153 		.db	0b00000000
   0081 00                  154 		.db	0b00000000
   0082 05                  155 		.db	5
                            156 		;; character: ',' (44) 
   0083 C0                  157 		.db	0b11000000
   0084 00                  158 		.db	0b00000000
   0085 00                  159 		.db	0b00000000
   0086 00                  160 		.db	0b00000000
   0087 00                  161 		.db	0b00000000
   0088 00                  162 		.db	0b00000000
   0089 00                  163 		.db	0b00000000
   008A 40                  164 		.db	0b01000000
   008B C0                  165 		.db	0b11000000
   008C 02                  166 		.db	2
                            167 		;; character: '-' (45) 
   008D FC                  168 		.db	0b11111100
ASxxxx Assembler V02.00 + NoICE + SDCC mods + Flat24  (Zilog Z80 / Hitachi HD64180), page 4.



   008E 00                  169 		.db	0b00000000
   008F 00                  170 		.db	0b00000000
   0090 00                  171 		.db	0b00000000
   0091 FC                  172 		.db	0b11111100
   0092 00                  173 		.db	0b00000000
   0093 00                  174 		.db	0b00000000
   0094 00                  175 		.db	0b00000000
   0095 00                  176 		.db	0b00000000
   0096 06                  177 		.db	6
                            178 		;; character: '.' (46) 
   0097 80                  179 		.db	0b10000000
   0098 00                  180 		.db	0b00000000
   0099 00                  181 		.db	0b00000000
   009A 00                  182 		.db	0b00000000
   009B 00                  183 		.db	0b00000000
   009C 00                  184 		.db	0b00000000
   009D 00                  185 		.db	0b00000000
   009E 80                  186 		.db	0b10000000
   009F 00                  187 		.db	0b00000000
   00A0 01                  188 		.db	1
                            189 		;; character: '/' (47) 
   00A1 FE                  190 		.db	0b11111110
   00A2 02                  191 		.db	0b00000010
   00A3 04                  192 		.db	0b00000100
   00A4 08                  193 		.db	0b00001000
   00A5 10                  194 		.db	0b00010000
   00A6 20                  195 		.db	0b00100000
   00A7 40                  196 		.db	0b01000000
   00A8 80                  197 		.db	0b10000000
   00A9 00                  198 		.db	0b00000000
   00AA 07                  199 		.db	7
                            200 		;; character: '0' (48) 
   00AB F8                  201 		.db	0b11111000
   00AC 70                  202 		.db	0b01110000
   00AD 88                  203 		.db	0b10001000
   00AE 88                  204 		.db	0b10001000
   00AF 88                  205 		.db	0b10001000
   00B0 88                  206 		.db	0b10001000
   00B1 88                  207 		.db	0b10001000
   00B2 70                  208 		.db	0b01110000
   00B3 00                  209 		.db	0b00000000
   00B4 05                  210 		.db	5
                            211 		;; character: '1' (49) 
   00B5 F8                  212 		.db	0b11111000
   00B6 E0                  213 		.db	0b11100000
   00B7 20                  214 		.db	0b00100000
   00B8 20                  215 		.db	0b00100000
   00B9 20                  216 		.db	0b00100000
   00BA 28                  217 		.db	0b00101000
   00BB 28                  218 		.db	0b00101000
   00BC F8                  219 		.db	0b11111000
   00BD 00                  220 		.db	0b00000000
   00BE 05                  221 		.db	5
                            222 		;; character: '2' (50) 
   00BF F8                  223 		.db	0b11111000
   00C0 F0                  224 		.db	0b11110000
ASxxxx Assembler V02.00 + NoICE + SDCC mods + Flat24  (Zilog Z80 / Hitachi HD64180), page 5.



   00C1 08                  225 		.db	0b00001000
   00C2 08                  226 		.db	0b00001000
   00C3 70                  227 		.db	0b01110000
   00C4 80                  228 		.db	0b10000000
   00C5 80                  229 		.db	0b10000000
   00C6 F8                  230 		.db	0b11111000
   00C7 00                  231 		.db	0b00000000
   00C8 05                  232 		.db	5
                            233 		;; character: '3' (51) 
   00C9 F8                  234 		.db	0b11111000
   00CA F0                  235 		.db	0b11110000
   00CB 08                  236 		.db	0b00001000
   00CC 08                  237 		.db	0b00001000
   00CD 70                  238 		.db	0b01110000
   00CE 08                  239 		.db	0b00001000
   00CF 08                  240 		.db	0b00001000
   00D0 F0                  241 		.db	0b11110000
   00D1 00                  242 		.db	0b00000000
   00D2 05                  243 		.db	5
                            244 		;; character: '4' (52) 
   00D3 F8                  245 		.db	0b11111000
   00D4 80                  246 		.db	0b10000000
   00D5 90                  247 		.db	0b10010000
   00D6 90                  248 		.db	0b10010000
   00D7 90                  249 		.db	0b10010000
   00D8 F8                  250 		.db	0b11111000
   00D9 10                  251 		.db	0b00010000
   00DA 10                  252 		.db	0b00010000
   00DB 00                  253 		.db	0b00000000
   00DC 05                  254 		.db	5
                            255 		;; character: '5' (53) 
   00DD F8                  256 		.db	0b11111000
   00DE 78                  257 		.db	0b01111000
   00DF 40                  258 		.db	0b01000000
   00E0 40                  259 		.db	0b01000000
   00E1 70                  260 		.db	0b01110000
   00E2 08                  261 		.db	0b00001000
   00E3 88                  262 		.db	0b10001000
   00E4 70                  263 		.db	0b01110000
   00E5 00                  264 		.db	0b00000000
   00E6 05                  265 		.db	5
                            266 		;; character: '6' (54) 
   00E7 F8                  267 		.db	0b11111000
   00E8 C0                  268 		.db	0b11000000
   00E9 80                  269 		.db	0b10000000
   00EA 80                  270 		.db	0b10000000
   00EB F0                  271 		.db	0b11110000
   00EC 88                  272 		.db	0b10001000
   00ED 88                  273 		.db	0b10001000
   00EE 70                  274 		.db	0b01110000
   00EF 00                  275 		.db	0b00000000
   00F0 05                  276 		.db	5
                            277 		;; character: '7' (55) 
   00F1 F8                  278 		.db	0b11111000
   00F2 F8                  279 		.db	0b11111000
   00F3 88                  280 		.db	0b10001000
ASxxxx Assembler V02.00 + NoICE + SDCC mods + Flat24  (Zilog Z80 / Hitachi HD64180), page 6.



   00F4 08                  281 		.db	0b00001000
   00F5 10                  282 		.db	0b00010000
   00F6 20                  283 		.db	0b00100000
   00F7 20                  284 		.db	0b00100000
   00F8 20                  285 		.db	0b00100000
   00F9 00                  286 		.db	0b00000000
   00FA 05                  287 		.db	5
                            288 		;; character: '8' (56) 
   00FB F8                  289 		.db	0b11111000
   00FC 20                  290 		.db	0b00100000
   00FD 50                  291 		.db	0b01010000
   00FE 50                  292 		.db	0b01010000
   00FF 70                  293 		.db	0b01110000
   0100 88                  294 		.db	0b10001000
   0101 88                  295 		.db	0b10001000
   0102 70                  296 		.db	0b01110000
   0103 00                  297 		.db	0b00000000
   0104 05                  298 		.db	5
                            299 		;; character: '9' (57) 
   0105 F8                  300 		.db	0b11111000
   0106 70                  301 		.db	0b01110000
   0107 88                  302 		.db	0b10001000
   0108 88                  303 		.db	0b10001000
   0109 78                  304 		.db	0b01111000
   010A 08                  305 		.db	0b00001000
   010B 08                  306 		.db	0b00001000
   010C 18                  307 		.db	0b00011000
   010D 00                  308 		.db	0b00000000
   010E 05                  309 		.db	5
                            310 		;; character: ':' (58) 
   010F C0                  311 		.db	0b11000000
   0110 00                  312 		.db	0b00000000
   0111 C0                  313 		.db	0b11000000
   0112 C0                  314 		.db	0b11000000
   0113 00                  315 		.db	0b00000000
   0114 00                  316 		.db	0b00000000
   0115 C0                  317 		.db	0b11000000
   0116 C0                  318 		.db	0b11000000
   0117 00                  319 		.db	0b00000000
   0118 02                  320 		.db	2
                            321 		;; character: ';' (59) 
   0119 C0                  322 		.db	0b11000000
   011A 00                  323 		.db	0b00000000
   011B C0                  324 		.db	0b11000000
   011C C0                  325 		.db	0b11000000
   011D 00                  326 		.db	0b00000000
   011E 00                  327 		.db	0b00000000
   011F C0                  328 		.db	0b11000000
   0120 40                  329 		.db	0b01000000
   0121 40                  330 		.db	0b01000000
   0122 02                  331 		.db	2
                            332 		;; character: '<' (60) 
   0123 F8                  333 		.db	0b11111000
   0124 00                  334 		.db	0b00000000
   0125 18                  335 		.db	0b00011000
   0126 20                  336 		.db	0b00100000
ASxxxx Assembler V02.00 + NoICE + SDCC mods + Flat24  (Zilog Z80 / Hitachi HD64180), page 7.



   0127 C0                  337 		.db	0b11000000
   0128 20                  338 		.db	0b00100000
   0129 18                  339 		.db	0b00011000
   012A 00                  340 		.db	0b00000000
   012B 00                  341 		.db	0b00000000
   012C 05                  342 		.db	5
                            343 		;; character: '=' (61) 
   012D FC                  344 		.db	0b11111100
   012E 00                  345 		.db	0b00000000
   012F 00                  346 		.db	0b00000000
   0130 FC                  347 		.db	0b11111100
   0131 00                  348 		.db	0b00000000
   0132 FC                  349 		.db	0b11111100
   0133 00                  350 		.db	0b00000000
   0134 00                  351 		.db	0b00000000
   0135 00                  352 		.db	0b00000000
   0136 06                  353 		.db	6
                            354 		;; character: '>' (62) 
   0137 F8                  355 		.db	0b11111000
   0138 00                  356 		.db	0b00000000
   0139 C0                  357 		.db	0b11000000
   013A 20                  358 		.db	0b00100000
   013B 18                  359 		.db	0b00011000
   013C 20                  360 		.db	0b00100000
   013D C0                  361 		.db	0b11000000
   013E 00                  362 		.db	0b00000000
   013F 00                  363 		.db	0b00000000
   0140 05                  364 		.db	5
                            365 		;; character: '?' (63) 
   0141 F8                  366 		.db	0b11111000
   0142 30                  367 		.db	0b00110000
   0143 48                  368 		.db	0b01001000
   0144 90                  369 		.db	0b10010000
   0145 20                  370 		.db	0b00100000
   0146 20                  371 		.db	0b00100000
   0147 00                  372 		.db	0b00000000
   0148 20                  373 		.db	0b00100000
   0149 00                  374 		.db	0b00000000
   014A 05                  375 		.db	5
                            376 		;; character: '@' (64) 
   014B FE                  377 		.db	0b11111110
   014C 7C                  378 		.db	0b01111100
   014D 82                  379 		.db	0b10000010
   014E BA                  380 		.db	0b10111010
   014F AA                  381 		.db	0b10101010
   0150 BE                  382 		.db	0b10111110
   0151 80                  383 		.db	0b10000000
   0152 7C                  384 		.db	0b01111100
   0153 00                  385 		.db	0b00000000
   0154 07                  386 		.db	7
                            387 		;; character: 'A' (65) 
   0155 FC                  388 		.db	0b11111100
   0156 30                  389 		.db	0b00110000
   0157 30                  390 		.db	0b00110000
   0158 48                  391 		.db	0b01001000
   0159 48                  392 		.db	0b01001000
ASxxxx Assembler V02.00 + NoICE + SDCC mods + Flat24  (Zilog Z80 / Hitachi HD64180), page 8.



   015A 78                  393 		.db	0b01111000
   015B 84                  394 		.db	0b10000100
   015C 84                  395 		.db	0b10000100
   015D 00                  396 		.db	0b00000000
   015E 06                  397 		.db	6
                            398 		;; character: 'B' (66) 
   015F F8                  399 		.db	0b11111000
   0160 F0                  400 		.db	0b11110000
   0161 88                  401 		.db	0b10001000
   0162 88                  402 		.db	0b10001000
   0163 F0                  403 		.db	0b11110000
   0164 88                  404 		.db	0b10001000
   0165 88                  405 		.db	0b10001000
   0166 F0                  406 		.db	0b11110000
   0167 00                  407 		.db	0b00000000
   0168 05                  408 		.db	5
                            409 		;; character: 'C' (67) 
   0169 F8                  410 		.db	0b11111000
   016A 38                  411 		.db	0b00111000
   016B 40                  412 		.db	0b01000000
   016C 80                  413 		.db	0b10000000
   016D 80                  414 		.db	0b10000000
   016E 80                  415 		.db	0b10000000
   016F 40                  416 		.db	0b01000000
   0170 38                  417 		.db	0b00111000
   0171 00                  418 		.db	0b00000000
   0172 05                  419 		.db	5
                            420 		;; character: 'D' (68) 
   0173 FC                  421 		.db	0b11111100
   0174 F0                  422 		.db	0b11110000
   0175 48                  423 		.db	0b01001000
   0176 48                  424 		.db	0b01001000
   0177 44                  425 		.db	0b01000100
   0178 48                  426 		.db	0b01001000
   0179 48                  427 		.db	0b01001000
   017A F0                  428 		.db	0b11110000
   017B 00                  429 		.db	0b00000000
   017C 06                  430 		.db	6
                            431 		;; character: 'E' (69) 
   017D F8                  432 		.db	0b11111000
   017E F8                  433 		.db	0b11111000
   017F 80                  434 		.db	0b10000000
   0180 80                  435 		.db	0b10000000
   0181 E0                  436 		.db	0b11100000
   0182 80                  437 		.db	0b10000000
   0183 80                  438 		.db	0b10000000
   0184 F8                  439 		.db	0b11111000
   0185 00                  440 		.db	0b00000000
   0186 05                  441 		.db	5
                            442 		;; character: 'F' (70) 
   0187 F8                  443 		.db	0b11111000
   0188 F8                  444 		.db	0b11111000
   0189 80                  445 		.db	0b10000000
   018A F0                  446 		.db	0b11110000
   018B 80                  447 		.db	0b10000000
   018C 80                  448 		.db	0b10000000
ASxxxx Assembler V02.00 + NoICE + SDCC mods + Flat24  (Zilog Z80 / Hitachi HD64180), page 9.



   018D 80                  449 		.db	0b10000000
   018E 80                  450 		.db	0b10000000
   018F 00                  451 		.db	0b00000000
   0190 05                  452 		.db	5
                            453 		;; character: 'G' (71) 
   0191 F8                  454 		.db	0b11111000
   0192 38                  455 		.db	0b00111000
   0193 40                  456 		.db	0b01000000
   0194 80                  457 		.db	0b10000000
   0195 80                  458 		.db	0b10000000
   0196 98                  459 		.db	0b10011000
   0197 88                  460 		.db	0b10001000
   0198 70                  461 		.db	0b01110000
   0199 00                  462 		.db	0b00000000
   019A 05                  463 		.db	5
                            464 		;; character: 'H' (72) 
   019B F8                  465 		.db	0b11111000
   019C 88                  466 		.db	0b10001000
   019D 88                  467 		.db	0b10001000
   019E 88                  468 		.db	0b10001000
   019F F8                  469 		.db	0b11111000
   01A0 88                  470 		.db	0b10001000
   01A1 88                  471 		.db	0b10001000
   01A2 88                  472 		.db	0b10001000
   01A3 00                  473 		.db	0b00000000
   01A4 05                  474 		.db	5
                            475 		;; character: 'I' (73) 
   01A5 F8                  476 		.db	0b11111000
   01A6 F8                  477 		.db	0b11111000
   01A7 20                  478 		.db	0b00100000
   01A8 20                  479 		.db	0b00100000
   01A9 20                  480 		.db	0b00100000
   01AA 20                  481 		.db	0b00100000
   01AB 20                  482 		.db	0b00100000
   01AC F8                  483 		.db	0b11111000
   01AD 00                  484 		.db	0b00000000
   01AE 05                  485 		.db	5
                            486 		;; character: 'J' (74) 
   01AF F0                  487 		.db	0b11110000
   01B0 10                  488 		.db	0b00010000
   01B1 10                  489 		.db	0b00010000
   01B2 10                  490 		.db	0b00010000
   01B3 10                  491 		.db	0b00010000
   01B4 90                  492 		.db	0b10010000
   01B5 90                  493 		.db	0b10010000
   01B6 60                  494 		.db	0b01100000
   01B7 00                  495 		.db	0b00000000
   01B8 04                  496 		.db	4
                            497 		;; character: 'K' (75) 
   01B9 F8                  498 		.db	0b11111000
   01BA 88                  499 		.db	0b10001000
   01BB 90                  500 		.db	0b10010000
   01BC A0                  501 		.db	0b10100000
   01BD C0                  502 		.db	0b11000000
   01BE A0                  503 		.db	0b10100000
   01BF 90                  504 		.db	0b10010000
ASxxxx Assembler V02.00 + NoICE + SDCC mods + Flat24  (Zilog Z80 / Hitachi HD64180), page 10.



   01C0 88                  505 		.db	0b10001000
   01C1 00                  506 		.db	0b00000000
   01C2 05                  507 		.db	5
                            508 		;; character: 'L' (76) 
   01C3 F8                  509 		.db	0b11111000
   01C4 80                  510 		.db	0b10000000
   01C5 80                  511 		.db	0b10000000
   01C6 80                  512 		.db	0b10000000
   01C7 80                  513 		.db	0b10000000
   01C8 80                  514 		.db	0b10000000
   01C9 80                  515 		.db	0b10000000
   01CA F8                  516 		.db	0b11111000
   01CB 00                  517 		.db	0b00000000
   01CC 05                  518 		.db	5
                            519 		;; character: 'M' (77) 
   01CD FC                  520 		.db	0b11111100
   01CE CC                  521 		.db	0b11001100
   01CF FC                  522 		.db	0b11111100
   01D0 B4                  523 		.db	0b10110100
   01D1 84                  524 		.db	0b10000100
   01D2 84                  525 		.db	0b10000100
   01D3 84                  526 		.db	0b10000100
   01D4 84                  527 		.db	0b10000100
   01D5 00                  528 		.db	0b00000000
   01D6 06                  529 		.db	6
                            530 		;; character: 'N' (78) 
   01D7 F8                  531 		.db	0b11111000
   01D8 C8                  532 		.db	0b11001000
   01D9 C8                  533 		.db	0b11001000
   01DA A8                  534 		.db	0b10101000
   01DB A8                  535 		.db	0b10101000
   01DC 98                  536 		.db	0b10011000
   01DD 98                  537 		.db	0b10011000
   01DE 88                  538 		.db	0b10001000
   01DF 00                  539 		.db	0b00000000
   01E0 05                  540 		.db	5
                            541 		;; character: 'O' (79) 
   01E1 FC                  542 		.db	0b11111100
   01E2 30                  543 		.db	0b00110000
   01E3 48                  544 		.db	0b01001000
   01E4 84                  545 		.db	0b10000100
   01E5 84                  546 		.db	0b10000100
   01E6 84                  547 		.db	0b10000100
   01E7 48                  548 		.db	0b01001000
   01E8 30                  549 		.db	0b00110000
   01E9 00                  550 		.db	0b00000000
   01EA 06                  551 		.db	6
                            552 		;; character: 'P' (80) 
   01EB F8                  553 		.db	0b11111000
   01EC F0                  554 		.db	0b11110000
   01ED 88                  555 		.db	0b10001000
   01EE 88                  556 		.db	0b10001000
   01EF F0                  557 		.db	0b11110000
   01F0 80                  558 		.db	0b10000000
   01F1 80                  559 		.db	0b10000000
   01F2 80                  560 		.db	0b10000000
ASxxxx Assembler V02.00 + NoICE + SDCC mods + Flat24  (Zilog Z80 / Hitachi HD64180), page 11.



   01F3 00                  561 		.db	0b00000000
   01F4 05                  562 		.db	5
                            563 		;; character: 'Q' (81) 
   01F5 FC                  564 		.db	0b11111100
   01F6 18                  565 		.db	0b00011000
   01F7 24                  566 		.db	0b00100100
   01F8 44                  567 		.db	0b01000100
   01F9 84                  568 		.db	0b10000100
   01FA A8                  569 		.db	0b10101000
   01FB 90                  570 		.db	0b10010000
   01FC 6C                  571 		.db	0b01101100
   01FD 00                  572 		.db	0b00000000
   01FE 06                  573 		.db	6
                            574 		;; character: 'R' (82) 
   01FF F8                  575 		.db	0b11111000
   0200 F0                  576 		.db	0b11110000
   0201 88                  577 		.db	0b10001000
   0202 88                  578 		.db	0b10001000
   0203 F0                  579 		.db	0b11110000
   0204 A0                  580 		.db	0b10100000
   0205 90                  581 		.db	0b10010000
   0206 88                  582 		.db	0b10001000
   0207 00                  583 		.db	0b00000000
   0208 05                  584 		.db	5
                            585 		;; character: 'S' (83) 
   0209 F8                  586 		.db	0b11111000
   020A 70                  587 		.db	0b01110000
   020B 88                  588 		.db	0b10001000
   020C 40                  589 		.db	0b01000000
   020D 20                  590 		.db	0b00100000
   020E 10                  591 		.db	0b00010000
   020F 88                  592 		.db	0b10001000
   0210 70                  593 		.db	0b01110000
   0211 00                  594 		.db	0b00000000
   0212 05                  595 		.db	5
                            596 		;; character: 'T' (84) 
   0213 F8                  597 		.db	0b11111000
   0214 F8                  598 		.db	0b11111000
   0215 A8                  599 		.db	0b10101000
   0216 20                  600 		.db	0b00100000
   0217 20                  601 		.db	0b00100000
   0218 20                  602 		.db	0b00100000
   0219 20                  603 		.db	0b00100000
   021A 20                  604 		.db	0b00100000
   021B 00                  605 		.db	0b00000000
   021C 05                  606 		.db	5
                            607 		;; character: 'U' (85) 
   021D F8                  608 		.db	0b11111000
   021E 88                  609 		.db	0b10001000
   021F 88                  610 		.db	0b10001000
   0220 88                  611 		.db	0b10001000
   0221 88                  612 		.db	0b10001000
   0222 88                  613 		.db	0b10001000
   0223 88                  614 		.db	0b10001000
   0224 70                  615 		.db	0b01110000
   0225 00                  616 		.db	0b00000000
ASxxxx Assembler V02.00 + NoICE + SDCC mods + Flat24  (Zilog Z80 / Hitachi HD64180), page 12.



   0226 05                  617 		.db	5
                            618 		;; character: 'V' (86) 
   0227 F8                  619 		.db	0b11111000
   0228 88                  620 		.db	0b10001000
   0229 88                  621 		.db	0b10001000
   022A 88                  622 		.db	0b10001000
   022B 50                  623 		.db	0b01010000
   022C 50                  624 		.db	0b01010000
   022D 20                  625 		.db	0b00100000
   022E 20                  626 		.db	0b00100000
   022F 00                  627 		.db	0b00000000
   0230 05                  628 		.db	5
                            629 		;; character: 'W' (87) 
   0231 F8                  630 		.db	0b11111000
   0232 88                  631 		.db	0b10001000
   0233 88                  632 		.db	0b10001000
   0234 88                  633 		.db	0b10001000
   0235 A8                  634 		.db	0b10101000
   0236 A8                  635 		.db	0b10101000
   0237 A8                  636 		.db	0b10101000
   0238 50                  637 		.db	0b01010000
   0239 00                  638 		.db	0b00000000
   023A 05                  639 		.db	5
                            640 		;; character: 'X' (88) 
   023B F8                  641 		.db	0b11111000
   023C 88                  642 		.db	0b10001000
   023D 88                  643 		.db	0b10001000
   023E 50                  644 		.db	0b01010000
   023F 20                  645 		.db	0b00100000
   0240 50                  646 		.db	0b01010000
   0241 88                  647 		.db	0b10001000
   0242 88                  648 		.db	0b10001000
   0243 00                  649 		.db	0b00000000
   0244 05                  650 		.db	5
                            651 		;; character: 'Y' (89) 
   0245 F8                  652 		.db	0b11111000
   0246 88                  653 		.db	0b10001000
   0247 88                  654 		.db	0b10001000
   0248 50                  655 		.db	0b01010000
   0249 20                  656 		.db	0b00100000
   024A 20                  657 		.db	0b00100000
   024B 20                  658 		.db	0b00100000
   024C 20                  659 		.db	0b00100000
   024D 00                  660 		.db	0b00000000
   024E 05                  661 		.db	5
                            662 		;; character: 'Z' (90) 
   024F F8                  663 		.db	0b11111000
   0250 F8                  664 		.db	0b11111000
   0251 08                  665 		.db	0b00001000
   0252 10                  666 		.db	0b00010000
   0253 20                  667 		.db	0b00100000
   0254 40                  668 		.db	0b01000000
   0255 80                  669 		.db	0b10000000
   0256 F8                  670 		.db	0b11111000
   0257 00                  671 		.db	0b00000000
   0258 05                  672 		.db	5
ASxxxx Assembler V02.00 + NoICE + SDCC mods + Flat24  (Zilog Z80 / Hitachi HD64180), page 13.



                            673 		;; character: '[' (91) 
   0259 F0                  674 		.db	0b11110000
   025A F0                  675 		.db	0b11110000
   025B 80                  676 		.db	0b10000000
   025C 80                  677 		.db	0b10000000
   025D 80                  678 		.db	0b10000000
   025E 80                  679 		.db	0b10000000
   025F 80                  680 		.db	0b10000000
   0260 F0                  681 		.db	0b11110000
   0261 00                  682 		.db	0b00000000
   0262 04                  683 		.db	4
                            684 		;; character: '\' (92) 
   0263 FE                  685 		.db	0b11111110
   0264 80                  686 		.db	0b10000000
   0265 40                  687 		.db	0b01000000
   0266 20                  688 		.db	0b00100000
   0267 10                  689 		.db	0b00010000
   0268 08                  690 		.db	0b00001000
   0269 04                  691 		.db	0b00000100
   026A 02                  692 		.db	0b00000010
   026B 00                  693 		.db	0b00000000
   026C 07                  694 		.db	7
                            695 		;; character: ']' (93) 
   026D F0                  696 		.db	0b11110000
   026E F0                  697 		.db	0b11110000
   026F 10                  698 		.db	0b00010000
   0270 10                  699 		.db	0b00010000
   0271 10                  700 		.db	0b00010000
   0272 10                  701 		.db	0b00010000
   0273 10                  702 		.db	0b00010000
   0274 F0                  703 		.db	0b11110000
   0275 00                  704 		.db	0b00000000
   0276 04                  705 		.db	4
                            706 		;; character: '^' (94) 
   0277 F8                  707 		.db	0b11111000
   0278 20                  708 		.db	0b00100000
   0279 20                  709 		.db	0b00100000
   027A 70                  710 		.db	0b01110000
   027B 88                  711 		.db	0b10001000
   027C 00                  712 		.db	0b00000000
   027D 00                  713 		.db	0b00000000
   027E 00                  714 		.db	0b00000000
   027F 00                  715 		.db	0b00000000
   0280 05                  716 		.db	5
                            717 		;; character: '_' (95) 
   0281 FF                  718 		.db	0b11111111
   0282 00                  719 		.db	0b00000000
   0283 00                  720 		.db	0b00000000
   0284 00                  721 		.db	0b00000000
   0285 00                  722 		.db	0b00000000
   0286 00                  723 		.db	0b00000000
   0287 00                  724 		.db	0b00000000
   0288 00                  725 		.db	0b00000000
   0289 FF                  726 		.db	0b11111111
   028A 08                  727 		.db	8
                            728 		;; character: '`' (96) 
ASxxxx Assembler V02.00 + NoICE + SDCC mods + Flat24  (Zilog Z80 / Hitachi HD64180), page 14.



   028B F8                  729 		.db	0b11111000
   028C 30                  730 		.db	0b00110000
   028D 20                  731 		.db	0b00100000
   028E 20                  732 		.db	0b00100000
   028F F8                  733 		.db	0b11111000
   0290 40                  734 		.db	0b01000000
   0291 40                  735 		.db	0b01000000
   0292 F8                  736 		.db	0b11111000
   0293 00                  737 		.db	0b00000000
   0294 05                  738 		.db	5
                            739 		;; character: 'a' (97) 
   0295 FC                  740 		.db	0b11111100
   0296 00                  741 		.db	0b00000000
   0297 00                  742 		.db	0b00000000
   0298 78                  743 		.db	0b01111000
   0299 04                  744 		.db	0b00000100
   029A 7C                  745 		.db	0b01111100
   029B 84                  746 		.db	0b10000100
   029C 7C                  747 		.db	0b01111100
   029D 00                  748 		.db	0b00000000
   029E 06                  749 		.db	6
                            750 		;; character: 'b' (98) 
   029F FC                  751 		.db	0b11111100
   02A0 80                  752 		.db	0b10000000
   02A1 80                  753 		.db	0b10000000
   02A2 F8                  754 		.db	0b11111000
   02A3 84                  755 		.db	0b10000100
   02A4 84                  756 		.db	0b10000100
   02A5 84                  757 		.db	0b10000100
   02A6 F8                  758 		.db	0b11111000
   02A7 00                  759 		.db	0b00000000
   02A8 06                  760 		.db	6
                            761 		;; character: 'c' (99) 
   02A9 FC                  762 		.db	0b11111100
   02AA 00                  763 		.db	0b00000000
   02AB 00                  764 		.db	0b00000000
   02AC 7C                  765 		.db	0b01111100
   02AD 80                  766 		.db	0b10000000
   02AE 80                  767 		.db	0b10000000
   02AF 80                  768 		.db	0b10000000
   02B0 7C                  769 		.db	0b01111100
   02B1 00                  770 		.db	0b00000000
   02B2 06                  771 		.db	6
                            772 		;; character: 'd' (100) 
   02B3 FC                  773 		.db	0b11111100
   02B4 04                  774 		.db	0b00000100
   02B5 04                  775 		.db	0b00000100
   02B6 7C                  776 		.db	0b01111100
   02B7 84                  777 		.db	0b10000100
   02B8 84                  778 		.db	0b10000100
   02B9 84                  779 		.db	0b10000100
   02BA 7C                  780 		.db	0b01111100
   02BB 00                  781 		.db	0b00000000
   02BC 06                  782 		.db	6
                            783 		;; character: 'e' (101) 
   02BD FC                  784 		.db	0b11111100
ASxxxx Assembler V02.00 + NoICE + SDCC mods + Flat24  (Zilog Z80 / Hitachi HD64180), page 15.



   02BE 00                  785 		.db	0b00000000
   02BF 00                  786 		.db	0b00000000
   02C0 78                  787 		.db	0b01111000
   02C1 84                  788 		.db	0b10000100
   02C2 FC                  789 		.db	0b11111100
   02C3 80                  790 		.db	0b10000000
   02C4 7C                  791 		.db	0b01111100
   02C5 00                  792 		.db	0b00000000
   02C6 06                  793 		.db	6
                            794 		;; character: 'f' (102) 
   02C7 F8                  795 		.db	0b11111000
   02C8 38                  796 		.db	0b00111000
   02C9 40                  797 		.db	0b01000000
   02CA E0                  798 		.db	0b11100000
   02CB 40                  799 		.db	0b01000000
   02CC 40                  800 		.db	0b01000000
   02CD 40                  801 		.db	0b01000000
   02CE 40                  802 		.db	0b01000000
   02CF 00                  803 		.db	0b00000000
   02D0 05                  804 		.db	5
                            805 		;; character: 'g' (103) 
   02D1 FC                  806 		.db	0b11111100
   02D2 00                  807 		.db	0b00000000
   02D3 00                  808 		.db	0b00000000
   02D4 7C                  809 		.db	0b01111100
   02D5 84                  810 		.db	0b10000100
   02D6 84                  811 		.db	0b10000100
   02D7 7C                  812 		.db	0b01111100
   02D8 04                  813 		.db	0b00000100
   02D9 F8                  814 		.db	0b11111000
   02DA 06                  815 		.db	6
                            816 		;; character: 'h' (104) 
   02DB FC                  817 		.db	0b11111100
   02DC 80                  818 		.db	0b10000000
   02DD 80                  819 		.db	0b10000000
   02DE B8                  820 		.db	0b10111000
   02DF C4                  821 		.db	0b11000100
   02E0 84                  822 		.db	0b10000100
   02E1 84                  823 		.db	0b10000100
   02E2 84                  824 		.db	0b10000100
   02E3 00                  825 		.db	0b00000000
   02E4 06                  826 		.db	6
                            827 		;; character: 'i' (105) 
   02E5 F8                  828 		.db	0b11111000
   02E6 60                  829 		.db	0b01100000
   02E7 00                  830 		.db	0b00000000
   02E8 E0                  831 		.db	0b11100000
   02E9 20                  832 		.db	0b00100000
   02EA 20                  833 		.db	0b00100000
   02EB 20                  834 		.db	0b00100000
   02EC F8                  835 		.db	0b11111000
   02ED 00                  836 		.db	0b00000000
   02EE 05                  837 		.db	5
                            838 		;; character: 'j' (106) 
   02EF F8                  839 		.db	0b11111000
   02F0 18                  840 		.db	0b00011000
ASxxxx Assembler V02.00 + NoICE + SDCC mods + Flat24  (Zilog Z80 / Hitachi HD64180), page 16.



   02F1 00                  841 		.db	0b00000000
   02F2 38                  842 		.db	0b00111000
   02F3 08                  843 		.db	0b00001000
   02F4 08                  844 		.db	0b00001000
   02F5 08                  845 		.db	0b00001000
   02F6 88                  846 		.db	0b10001000
   02F7 70                  847 		.db	0b01110000
   02F8 05                  848 		.db	5
                            849 		;; character: 'k' (107) 
   02F9 FC                  850 		.db	0b11111100
   02FA 80                  851 		.db	0b10000000
   02FB 88                  852 		.db	0b10001000
   02FC 90                  853 		.db	0b10010000
   02FD A0                  854 		.db	0b10100000
   02FE D0                  855 		.db	0b11010000
   02FF 88                  856 		.db	0b10001000
   0300 84                  857 		.db	0b10000100
   0301 00                  858 		.db	0b00000000
   0302 06                  859 		.db	6
                            860 		;; character: 'l' (108) 
   0303 F8                  861 		.db	0b11111000
   0304 E0                  862 		.db	0b11100000
   0305 20                  863 		.db	0b00100000
   0306 20                  864 		.db	0b00100000
   0307 20                  865 		.db	0b00100000
   0308 20                  866 		.db	0b00100000
   0309 20                  867 		.db	0b00100000
   030A F8                  868 		.db	0b11111000
   030B 00                  869 		.db	0b00000000
   030C 05                  870 		.db	5
                            871 		;; character: 'm' (109) 
   030D F8                  872 		.db	0b11111000
   030E 00                  873 		.db	0b00000000
   030F 00                  874 		.db	0b00000000
   0310 D0                  875 		.db	0b11010000
   0311 A8                  876 		.db	0b10101000
   0312 A8                  877 		.db	0b10101000
   0313 A8                  878 		.db	0b10101000
   0314 A8                  879 		.db	0b10101000
   0315 00                  880 		.db	0b00000000
   0316 05                  881 		.db	5
                            882 		;; character: 'n' (110) 
   0317 FC                  883 		.db	0b11111100
   0318 00                  884 		.db	0b00000000
   0319 00                  885 		.db	0b00000000
   031A B8                  886 		.db	0b10111000
   031B C4                  887 		.db	0b11000100
   031C 84                  888 		.db	0b10000100
   031D 84                  889 		.db	0b10000100
   031E 84                  890 		.db	0b10000100
   031F 00                  891 		.db	0b00000000
   0320 06                  892 		.db	6
                            893 		;; character: 'o' (111) 
   0321 FC                  894 		.db	0b11111100
   0322 00                  895 		.db	0b00000000
   0323 00                  896 		.db	0b00000000
ASxxxx Assembler V02.00 + NoICE + SDCC mods + Flat24  (Zilog Z80 / Hitachi HD64180), page 17.



   0324 78                  897 		.db	0b01111000
   0325 84                  898 		.db	0b10000100
   0326 84                  899 		.db	0b10000100
   0327 84                  900 		.db	0b10000100
   0328 78                  901 		.db	0b01111000
   0329 00                  902 		.db	0b00000000
   032A 06                  903 		.db	6
                            904 		;; character: 'p' (112) 
   032B FC                  905 		.db	0b11111100
   032C 00                  906 		.db	0b00000000
   032D 00                  907 		.db	0b00000000
   032E F8                  908 		.db	0b11111000
   032F 84                  909 		.db	0b10000100
   0330 84                  910 		.db	0b10000100
   0331 F8                  911 		.db	0b11111000
   0332 80                  912 		.db	0b10000000
   0333 80                  913 		.db	0b10000000
   0334 06                  914 		.db	6
                            915 		;; character: 'q' (113) 
   0335 FC                  916 		.db	0b11111100
   0336 00                  917 		.db	0b00000000
   0337 00                  918 		.db	0b00000000
   0338 7C                  919 		.db	0b01111100
   0339 84                  920 		.db	0b10000100
   033A 84                  921 		.db	0b10000100
   033B 7C                  922 		.db	0b01111100
   033C 04                  923 		.db	0b00000100
   033D 04                  924 		.db	0b00000100
   033E 06                  925 		.db	6
                            926 		;; character: 'r' (114) 
   033F FC                  927 		.db	0b11111100
   0340 00                  928 		.db	0b00000000
   0341 00                  929 		.db	0b00000000
   0342 B8                  930 		.db	0b10111000
   0343 C4                  931 		.db	0b11000100
   0344 80                  932 		.db	0b10000000
   0345 80                  933 		.db	0b10000000
   0346 80                  934 		.db	0b10000000
   0347 00                  935 		.db	0b00000000
   0348 06                  936 		.db	6
                            937 		;; character: 's' (115) 
   0349 FC                  938 		.db	0b11111100
   034A 00                  939 		.db	0b00000000
   034B 00                  940 		.db	0b00000000
   034C 7C                  941 		.db	0b01111100
   034D 80                  942 		.db	0b10000000
   034E 78                  943 		.db	0b01111000
   034F 04                  944 		.db	0b00000100
   0350 F8                  945 		.db	0b11111000
   0351 00                  946 		.db	0b00000000
   0352 06                  947 		.db	6
                            948 		;; character: 't' (116) 
   0353 FC                  949 		.db	0b11111100
   0354 40                  950 		.db	0b01000000
   0355 40                  951 		.db	0b01000000
   0356 F0                  952 		.db	0b11110000
ASxxxx Assembler V02.00 + NoICE + SDCC mods + Flat24  (Zilog Z80 / Hitachi HD64180), page 18.



   0357 40                  953 		.db	0b01000000
   0358 40                  954 		.db	0b01000000
   0359 44                  955 		.db	0b01000100
   035A 38                  956 		.db	0b00111000
   035B 00                  957 		.db	0b00000000
   035C 06                  958 		.db	6
                            959 		;; character: 'u' (117) 
   035D FC                  960 		.db	0b11111100
   035E 00                  961 		.db	0b00000000
   035F 00                  962 		.db	0b00000000
   0360 84                  963 		.db	0b10000100
   0361 84                  964 		.db	0b10000100
   0362 84                  965 		.db	0b10000100
   0363 8C                  966 		.db	0b10001100
   0364 74                  967 		.db	0b01110100
   0365 00                  968 		.db	0b00000000
   0366 06                  969 		.db	6
                            970 		;; character: 'v' (118) 
   0367 FC                  971 		.db	0b11111100
   0368 00                  972 		.db	0b00000000
   0369 00                  973 		.db	0b00000000
   036A 84                  974 		.db	0b10000100
   036B 84                  975 		.db	0b10000100
   036C 48                  976 		.db	0b01001000
   036D 48                  977 		.db	0b01001000
   036E 30                  978 		.db	0b00110000
   036F 00                  979 		.db	0b00000000
   0370 06                  980 		.db	6
                            981 		;; character: 'w' (119) 
   0371 F8                  982 		.db	0b11111000
   0372 00                  983 		.db	0b00000000
   0373 00                  984 		.db	0b00000000
   0374 88                  985 		.db	0b10001000
   0375 88                  986 		.db	0b10001000
   0376 A8                  987 		.db	0b10101000
   0377 A8                  988 		.db	0b10101000
   0378 50                  989 		.db	0b01010000
   0379 00                  990 		.db	0b00000000
   037A 05                  991 		.db	5
                            992 		;; character: 'x' (120) 
   037B FC                  993 		.db	0b11111100
   037C 00                  994 		.db	0b00000000
   037D 00                  995 		.db	0b00000000
   037E 84                  996 		.db	0b10000100
   037F 48                  997 		.db	0b01001000
   0380 30                  998 		.db	0b00110000
   0381 48                  999 		.db	0b01001000
   0382 84                 1000 		.db	0b10000100
   0383 00                 1001 		.db	0b00000000
   0384 06                 1002 		.db	6
                           1003 		;; character: 'y' (121) 
   0385 FC                 1004 		.db	0b11111100
   0386 00                 1005 		.db	0b00000000
   0387 00                 1006 		.db	0b00000000
   0388 84                 1007 		.db	0b10000100
   0389 84                 1008 		.db	0b10000100
ASxxxx Assembler V02.00 + NoICE + SDCC mods + Flat24  (Zilog Z80 / Hitachi HD64180), page 19.



   038A 48                 1009 		.db	0b01001000
   038B 30                 1010 		.db	0b00110000
   038C 20                 1011 		.db	0b00100000
   038D C0                 1012 		.db	0b11000000
   038E 06                 1013 		.db	6
                           1014 		;; character: 'z' (122) 
   038F FC                 1015 		.db	0b11111100
   0390 00                 1016 		.db	0b00000000
   0391 00                 1017 		.db	0b00000000
   0392 FC                 1018 		.db	0b11111100
   0393 08                 1019 		.db	0b00001000
   0394 30                 1020 		.db	0b00110000
   0395 40                 1021 		.db	0b01000000
   0396 FC                 1022 		.db	0b11111100
   0397 00                 1023 		.db	0b00000000
   0398 06                 1024 		.db	6
                           1025 		;; character: '{' (123) 
   0399 FC                 1026 		.db	0b11111100
   039A 1C                 1027 		.db	0b00011100
   039B 20                 1028 		.db	0b00100000
   039C 20                 1029 		.db	0b00100000
   039D E0                 1030 		.db	0b11100000
   039E 20                 1031 		.db	0b00100000
   039F 20                 1032 		.db	0b00100000
   03A0 1C                 1033 		.db	0b00011100
   03A1 00                 1034 		.db	0b00000000
   03A2 06                 1035 		.db	6
                           1036 		;; character: '|' (124) 
   03A3 80                 1037 		.db	0b10000000
   03A4 80                 1038 		.db	0b10000000
   03A5 80                 1039 		.db	0b10000000
   03A6 80                 1040 		.db	0b10000000
   03A7 80                 1041 		.db	0b10000000
   03A8 80                 1042 		.db	0b10000000
   03A9 80                 1043 		.db	0b10000000
   03AA 80                 1044 		.db	0b10000000
   03AB 00                 1045 		.db	0b00000000
   03AC 01                 1046 		.db	1
                           1047 		;; character: '}' (125) 
   03AD FC                 1048 		.db	0b11111100
   03AE E0                 1049 		.db	0b11100000
   03AF 10                 1050 		.db	0b00010000
   03B0 10                 1051 		.db	0b00010000
   03B1 1C                 1052 		.db	0b00011100
   03B2 10                 1053 		.db	0b00010000
   03B3 10                 1054 		.db	0b00010000
   03B4 E0                 1055 		.db	0b11100000
   03B5 00                 1056 		.db	0b00000000
   03B6 06                 1057 		.db	6
                           1058 		;; character: '~' (126) 
   03B7 F8                 1059 		.db	0b11111000
   03B8 68                 1060 		.db	0b01101000
   03B9 A8                 1061 		.db	0b10101000
   03BA B0                 1062 		.db	0b10110000
   03BB 00                 1063 		.db	0b00000000
   03BC 00                 1064 		.db	0b00000000
ASxxxx Assembler V02.00 + NoICE + SDCC mods + Flat24  (Zilog Z80 / Hitachi HD64180), page 20.



   03BD 00                 1065 		.db	0b00000000
   03BE 00                 1066 		.db	0b00000000
   03BF 00                 1067 		.db	0b00000000
   03C0 05                 1068 		.db	5
                           1069 		;; character: '(c)' (127) 
   03C1 FF                 1070 		.db	0b11111111
   03C2 3C                 1071 		.db	0b00111100
   03C3 5A                 1072 		.db	0b01011010
   03C4 A5                 1073 		.db	0b10100101
   03C5 A1                 1074 		.db	0b10100001
   03C6 A5                 1075 		.db	0b10100101
   03C7 99                 1076 		.db	0b10011001
   03C8 42                 1077 		.db	0b01000010
   03C9 3C                 1078 		.db	0b00111100
   03CA 08                 1079 		.db	8
                           1080 		;; character: 'yeah' (128) 
   03CB FF                 1081 		.db	0b11111111
   03CC 00                 1082 		.db	0b00000000
   03CD 00                 1083 		.db	0b00000000
   03CE 00                 1084 		.db	0b00000000
   03CF 00                 1085 		.db	0b00000000
   03D0 00                 1086 		.db	0b00000000
   03D1 00                 1087 		.db	0b00000000
   03D2 00                 1088 		.db	0b00000000
   03D3 00                 1089 		.db	0b00000000
   03D4 08                 1090 		.db	8
                           1091 
                           1092 		;; T-T-T-That's all folks! 
