                              1 ;--------------------------------------------------------
                              2 ; File Created by SDCC : free open source ANSI-C Compiler
                              3 ; Version 3.1.0 #7066 (Jun 14 2012) (Linux)
                              4 ; This file was generated Tue Nov 27 20:50:40 2012
                              5 ;--------------------------------------------------------
                              6 	.module rect
                              7 	.optsdcc -mz80
                              8 	
                              9 ;--------------------------------------------------------
                             10 ; Public variables in this module
                             11 ;--------------------------------------------------------
                             12 	.globl _rct_intersect
                             13 ;--------------------------------------------------------
                             14 ; special function registers
                             15 ;--------------------------------------------------------
                             16 ;--------------------------------------------------------
                             17 ;  ram data
                             18 ;--------------------------------------------------------
                             19 	.area _DATA
                             20 ;--------------------------------------------------------
                             21 ; overlayable items in  ram 
                             22 ;--------------------------------------------------------
                             23 	.area _OVERLAY
                             24 ;--------------------------------------------------------
                             25 ; external initialized ram data
                             26 ;--------------------------------------------------------
                             27 ;--------------------------------------------------------
                             28 ; global & static initialisations
                             29 ;--------------------------------------------------------
                             30 	.area _HOME
                             31 	.area _GSINIT
                             32 	.area _GSFINAL
                             33 	.area _GSINIT
                             34 ;--------------------------------------------------------
                             35 ; Home
                             36 ;--------------------------------------------------------
                             37 	.area _HOME
                             38 	.area _HOME
                             39 ;--------------------------------------------------------
                             40 ; code
                             41 ;--------------------------------------------------------
                             42 	.area _CODE
                             43 ;rect.c:9: boolean rct_intersect(rect_t *r1, rect_t *r2) __naked {
                             44 ;	---------------------------------
                             45 ; Function rct_intersect
                             46 ; ---------------------------------
   0000                      47 _rct_intersect_start::
   0000                      48 _rct_intersect:
                             49 ;rect.c:62: __endasm;
   0000 FD 21 00 00          50 	ld	iy,#0x0000
   0004 FD 39                51 	add	iy,sp
   0006 FD 6E 02             52 	ld	l,2(iy)
   0009 FD 66 03             53 	ld	h,3(iy)
   000C FD 5E 04             54 	ld	e,4(iy)
   000F FD 56 05             55 	ld	d,5(iy)
   0012                      56 	rct_intersect_raw::
   0012 DD E5                57 	push	ix
   0014 E5                   58 	push	hl
   0015 D5                   59 	push	de
   0016 FD E1                60 	pop	iy
   0018 DD E1                61 	pop	ix
   001A DD 7E 00             62 	ld	a,(ix)
   001D FD BE 02             63 	cp	2(iy)
   0020 30 1C                64 	jr	nc, ri_false
   0022 DD 7E 02             65 	ld	a,2(ix)
   0025 FD BE 00             66 	cp	(iy)
   0028 38 14                67 	jr	c, ri_false
   002A DD 7E 01             68 	ld	a,1(ix)
   002D FD BE 03             69 	cp	3(iy)
   0030 30 0C                70 	jr	nc, ri_false
   0032 DD 7E 03             71 	ld	a,3(ix)
   0035 FD BE 01             72 	cp	1(iy)
   0038 38 04                73 	jr	c,ri_false
   003A 2E 01                74 	ld	l,#1
   003C 18 02                75 	jr	ri_end
   003E                      76 	ri_false:
   003E 2E 00                77 	ld	l,#0
   0040                      78 	ri_end:
   0040 DD E1                79 	pop	ix
   0042 C9                   80 	ret
   0043                      81 _rct_intersect_end::
                             82 	.area _CODE
                             83 	.area _CABS
