ASxxxx Assembler V02.00 + NoICE + SDCC mods + Flat24  (Zilog Z80 / Hitachi HD64180), page 1.



                              1 		;;	sinserif.s
                              2 		;;	serif font
                              3 		;;
                              4 		;;	notes: see font.h for font format details
                              5 		.module sinserif_font	 
                              6 		
                              7 		.globl	_sinserif_font
                              8 		
                              9 		.area	_CODE
   0000                      10 _sinserif_font::
   0000 21 04 00             11 		ld	hl,#sinserif_font
   0003 C9                   12 		ret	
                             13 
   0004                      14 sinserif_font::
                             15 		;; font header 
   0004 07                   16 		.db	7			;; font generation 1 
   0005 20                   17 		.db	32			;; first ascii
   0006 7F                   18 		.db	127			;; last ascii
   0007 01                   19 		.db	1			;; bytes per glyph line 
   0008 08                   20 		.db	8			;; glyph lines 
   0009 01                   21 		.db	1			;; xmax 
   000A 01                   22 		.db	1			;; descent 
                             23 
                             24 		;; character: ' ' (32) 
   000B F8                   25 		.db	0b11111000
   000C 00                   26 		.db	0b00000000
   000D 00                   27 		.db	0b00000000
   000E 00                   28 		.db	0b00000000
   000F 00                   29 		.db	0b00000000
   0010 00                   30 		.db	0b00000000
   0011 00                   31 		.db	0b00000000
   0012 00                   32 		.db	0b00000000
   0013 00                   33 		.db	0b00000000
   0014 04                   34 		.db	4
                             35 		;; character: '!' (33) 
   0015 80                   36 		.db	0b10000000
   0016 80                   37 		.db	0b10000000
   0017 80                   38 		.db	0b10000000
   0018 80                   39 		.db	0b10000000
   0019 80                   40 		.db	0b10000000
   001A 80                   41 		.db	0b10000000
   001B 00                   42 		.db	0b00000000
   001C 80                   43 		.db	0b10000000
   001D 00                   44 		.db	0b00000000
   001E 01                   45 		.db	1
                             46 		;; character: '"' (34) 
   001F F8                   47 		.db	0b11111000
   0020 D8                   48 		.db	0b11011000
   0021 48                   49 		.db	0b01001000
   0022 90                   50 		.db	0b10010000
   0023 00                   51 		.db	0b00000000
   0024 00                   52 		.db	0b00000000
   0025 00                   53 		.db	0b00000000
   0026 00                   54 		.db	0b00000000
   0027 00                   55 		.db	0b00000000
   0028 05                   56 		.db	5
ASxxxx Assembler V02.00 + NoICE + SDCC mods + Flat24  (Zilog Z80 / Hitachi HD64180), page 2.



                             57 		;; character: '#' (35) 
   0029 FC                   58 		.db	0b11111100
   002A 48                   59 		.db	0b01001000
   002B FC                   60 		.db	0b11111100
   002C 48                   61 		.db	0b01001000
   002D 48                   62 		.db	0b01001000
   002E FC                   63 		.db	0b11111100
   002F 48                   64 		.db	0b01001000
   0030 00                   65 		.db	0b00000000
   0031 00                   66 		.db	0b00000000
   0032 06                   67 		.db	6
                             68 		;; character: '$' (36) 
   0033 FC                   69 		.db	0b11111100
   0034 00                   70 		.db	0b00000000
   0035 10                   71 		.db	0b00010000
   0036 3C                   72 		.db	0b00111100
   0037 44                   73 		.db	0b01000100
   0038 30                   74 		.db	0b00110000
   0039 88                   75 		.db	0b10001000
   003A F0                   76 		.db	0b11110000
   003B 20                   77 		.db	0b00100000
   003C 06                   78 		.db	6
                             79 		;; character: '%' (37) 
   003D FC                   80 		.db	0b11111100
   003E 00                   81 		.db	0b00000000
   003F C4                   82 		.db	0b11000100
   0040 C8                   83 		.db	0b11001000
   0041 10                   84 		.db	0b00010000
   0042 20                   85 		.db	0b00100000
   0043 4C                   86 		.db	0b01001100
   0044 8C                   87 		.db	0b10001100
   0045 00                   88 		.db	0b00000000
   0046 06                   89 		.db	6
                             90 		;; character: '&' (38) 
   0047 FC                   91 		.db	0b11111100
   0048 60                   92 		.db	0b01100000
   0049 90                   93 		.db	0b10010000
   004A 90                   94 		.db	0b10010000
   004B 60                   95 		.db	0b01100000
   004C 9C                   96 		.db	0b10011100
   004D 88                   97 		.db	0b10001000
   004E 74                   98 		.db	0b01110100
   004F 00                   99 		.db	0b00000000
   0050 06                  100 		.db	6
                            101 		;; character: ''' (39) 
   0051 C0                  102 		.db	0b11000000
   0052 C0                  103 		.db	0b11000000
   0053 40                  104 		.db	0b01000000
   0054 80                  105 		.db	0b10000000
   0055 00                  106 		.db	0b00000000
   0056 00                  107 		.db	0b00000000
   0057 00                  108 		.db	0b00000000
   0058 00                  109 		.db	0b00000000
   0059 00                  110 		.db	0b00000000
   005A 02                  111 		.db	2
                            112 		;; character: '(' (40) 
ASxxxx Assembler V02.00 + NoICE + SDCC mods + Flat24  (Zilog Z80 / Hitachi HD64180), page 3.



   005B E0                  113 		.db	0b11100000
   005C 20                  114 		.db	0b00100000
   005D 40                  115 		.db	0b01000000
   005E 80                  116 		.db	0b10000000
   005F 80                  117 		.db	0b10000000
   0060 80                  118 		.db	0b10000000
   0061 40                  119 		.db	0b01000000
   0062 20                  120 		.db	0b00100000
   0063 00                  121 		.db	0b00000000
   0064 03                  122 		.db	3
                            123 		;; character: ')' (41) 
   0065 E0                  124 		.db	0b11100000
   0066 80                  125 		.db	0b10000000
   0067 40                  126 		.db	0b01000000
   0068 20                  127 		.db	0b00100000
   0069 20                  128 		.db	0b00100000
   006A 20                  129 		.db	0b00100000
   006B 40                  130 		.db	0b01000000
   006C 80                  131 		.db	0b10000000
   006D 00                  132 		.db	0b00000000
   006E 03                  133 		.db	3
                            134 		;; character: '*' (42) 
   006F F8                  135 		.db	0b11111000
   0070 00                  136 		.db	0b00000000
   0071 20                  137 		.db	0b00100000
   0072 A8                  138 		.db	0b10101000
   0073 70                  139 		.db	0b01110000
   0074 A8                  140 		.db	0b10101000
   0075 20                  141 		.db	0b00100000
   0076 00                  142 		.db	0b00000000
   0077 00                  143 		.db	0b00000000
   0078 05                  144 		.db	5
                            145 		;; character: '+' (43) 
   0079 F8                  146 		.db	0b11111000
   007A 00                  147 		.db	0b00000000
   007B 20                  148 		.db	0b00100000
   007C 20                  149 		.db	0b00100000
   007D F8                  150 		.db	0b11111000
   007E 20                  151 		.db	0b00100000
   007F 20                  152 		.db	0b00100000
   0080 00                  153 		.db	0b00000000
   0081 00                  154 		.db	0b00000000
   0082 05                  155 		.db	5
                            156 		;; character: ',' (44) 
   0083 C0                  157 		.db	0b11000000
   0084 00                  158 		.db	0b00000000
   0085 00                  159 		.db	0b00000000
   0086 00                  160 		.db	0b00000000
   0087 00                  161 		.db	0b00000000
   0088 00                  162 		.db	0b00000000
   0089 C0                  163 		.db	0b11000000
   008A 40                  164 		.db	0b01000000
   008B 80                  165 		.db	0b10000000
   008C 02                  166 		.db	2
                            167 		;; character: '-' (45) 
   008D FC                  168 		.db	0b11111100
ASxxxx Assembler V02.00 + NoICE + SDCC mods + Flat24  (Zilog Z80 / Hitachi HD64180), page 4.



   008E 00                  169 		.db	0b00000000
   008F 00                  170 		.db	0b00000000
   0090 00                  171 		.db	0b00000000
   0091 FC                  172 		.db	0b11111100
   0092 00                  173 		.db	0b00000000
   0093 00                  174 		.db	0b00000000
   0094 00                  175 		.db	0b00000000
   0095 00                  176 		.db	0b00000000
   0096 06                  177 		.db	6
                            178 		;; character: '.' (46) 
   0097 C0                  179 		.db	0b11000000
   0098 00                  180 		.db	0b00000000
   0099 00                  181 		.db	0b00000000
   009A 00                  182 		.db	0b00000000
   009B 00                  183 		.db	0b00000000
   009C 00                  184 		.db	0b00000000
   009D C0                  185 		.db	0b11000000
   009E C0                  186 		.db	0b11000000
   009F 00                  187 		.db	0b00000000
   00A0 02                  188 		.db	2
                            189 		;; character: '/' (47) 
   00A1 FC                  190 		.db	0b11111100
   00A2 00                  191 		.db	0b00000000
   00A3 04                  192 		.db	0b00000100
   00A4 08                  193 		.db	0b00001000
   00A5 10                  194 		.db	0b00010000
   00A6 20                  195 		.db	0b00100000
   00A7 40                  196 		.db	0b01000000
   00A8 80                  197 		.db	0b10000000
   00A9 00                  198 		.db	0b00000000
   00AA 06                  199 		.db	6
                            200 		;; character: '0' (48) 
   00AB FC                  201 		.db	0b11111100
   00AC 30                  202 		.db	0b00110000
   00AD 48                  203 		.db	0b01001000
   00AE 84                  204 		.db	0b10000100
   00AF 84                  205 		.db	0b10000100
   00B0 84                  206 		.db	0b10000100
   00B1 48                  207 		.db	0b01001000
   00B2 30                  208 		.db	0b00110000
   00B3 00                  209 		.db	0b00000000
   00B4 06                  210 		.db	6
                            211 		;; character: '1' (49) 
   00B5 F8                  212 		.db	0b11111000
   00B6 60                  213 		.db	0b01100000
   00B7 A0                  214 		.db	0b10100000
   00B8 20                  215 		.db	0b00100000
   00B9 20                  216 		.db	0b00100000
   00BA 20                  217 		.db	0b00100000
   00BB 20                  218 		.db	0b00100000
   00BC F8                  219 		.db	0b11111000
   00BD 00                  220 		.db	0b00000000
   00BE 05                  221 		.db	5
                            222 		;; character: '2' (50) 
   00BF FC                  223 		.db	0b11111100
   00C0 78                  224 		.db	0b01111000
ASxxxx Assembler V02.00 + NoICE + SDCC mods + Flat24  (Zilog Z80 / Hitachi HD64180), page 5.



   00C1 84                  225 		.db	0b10000100
   00C2 04                  226 		.db	0b00000100
   00C3 18                  227 		.db	0b00011000
   00C4 60                  228 		.db	0b01100000
   00C5 84                  229 		.db	0b10000100
   00C6 FC                  230 		.db	0b11111100
   00C7 00                  231 		.db	0b00000000
   00C8 06                  232 		.db	6
                            233 		;; character: '3' (51) 
   00C9 FC                  234 		.db	0b11111100
   00CA FC                  235 		.db	0b11111100
   00CB 84                  236 		.db	0b10000100
   00CC 08                  237 		.db	0b00001000
   00CD 18                  238 		.db	0b00011000
   00CE 04                  239 		.db	0b00000100
   00CF 84                  240 		.db	0b10000100
   00D0 78                  241 		.db	0b01111000
   00D1 00                  242 		.db	0b00000000
   00D2 06                  243 		.db	6
                            244 		;; character: '4' (52) 
   00D3 FC                  245 		.db	0b11111100
   00D4 18                  246 		.db	0b00011000
   00D5 28                  247 		.db	0b00101000
   00D6 48                  248 		.db	0b01001000
   00D7 88                  249 		.db	0b10001000
   00D8 FC                  250 		.db	0b11111100
   00D9 08                  251 		.db	0b00001000
   00DA 1C                  252 		.db	0b00011100
   00DB 00                  253 		.db	0b00000000
   00DC 06                  254 		.db	6
                            255 		;; character: '5' (53) 
   00DD FC                  256 		.db	0b11111100
   00DE 7C                  257 		.db	0b01111100
   00DF 44                  258 		.db	0b01000100
   00E0 40                  259 		.db	0b01000000
   00E1 78                  260 		.db	0b01111000
   00E2 04                  261 		.db	0b00000100
   00E3 84                  262 		.db	0b10000100
   00E4 78                  263 		.db	0b01111000
   00E5 00                  264 		.db	0b00000000
   00E6 06                  265 		.db	6
                            266 		;; character: '6' (54) 
   00E7 FC                  267 		.db	0b11111100
   00E8 10                  268 		.db	0b00010000
   00E9 20                  269 		.db	0b00100000
   00EA 40                  270 		.db	0b01000000
   00EB F8                  271 		.db	0b11111000
   00EC 84                  272 		.db	0b10000100
   00ED 84                  273 		.db	0b10000100
   00EE 78                  274 		.db	0b01111000
   00EF 00                  275 		.db	0b00000000
   00F0 06                  276 		.db	6
                            277 		;; character: '7' (55) 
   00F1 FC                  278 		.db	0b11111100
   00F2 FC                  279 		.db	0b11111100
   00F3 84                  280 		.db	0b10000100
ASxxxx Assembler V02.00 + NoICE + SDCC mods + Flat24  (Zilog Z80 / Hitachi HD64180), page 6.



   00F4 04                  281 		.db	0b00000100
   00F5 08                  282 		.db	0b00001000
   00F6 08                  283 		.db	0b00001000
   00F7 10                  284 		.db	0b00010000
   00F8 10                  285 		.db	0b00010000
   00F9 00                  286 		.db	0b00000000
   00FA 06                  287 		.db	6
                            288 		;; character: '8' (56) 
   00FB FC                  289 		.db	0b11111100
   00FC 78                  290 		.db	0b01111000
   00FD 84                  291 		.db	0b10000100
   00FE 84                  292 		.db	0b10000100
   00FF 78                  293 		.db	0b01111000
   0100 84                  294 		.db	0b10000100
   0101 84                  295 		.db	0b10000100
   0102 78                  296 		.db	0b01111000
   0103 00                  297 		.db	0b00000000
   0104 06                  298 		.db	6
                            299 		;; character: '9' (57) 
   0105 FC                  300 		.db	0b11111100
   0106 78                  301 		.db	0b01111000
   0107 84                  302 		.db	0b10000100
   0108 84                  303 		.db	0b10000100
   0109 7C                  304 		.db	0b01111100
   010A 04                  305 		.db	0b00000100
   010B 08                  306 		.db	0b00001000
   010C 70                  307 		.db	0b01110000
   010D 00                  308 		.db	0b00000000
   010E 06                  309 		.db	6
                            310 		;; character: ':' (58) 
   010F C0                  311 		.db	0b11000000
   0110 00                  312 		.db	0b00000000
   0111 00                  313 		.db	0b00000000
   0112 C0                  314 		.db	0b11000000
   0113 C0                  315 		.db	0b11000000
   0114 00                  316 		.db	0b00000000
   0115 C0                  317 		.db	0b11000000
   0116 C0                  318 		.db	0b11000000
   0117 00                  319 		.db	0b00000000
   0118 02                  320 		.db	2
                            321 		;; character: ';' (59) 
   0119 C0                  322 		.db	0b11000000
   011A 00                  323 		.db	0b00000000
   011B 00                  324 		.db	0b00000000
   011C C0                  325 		.db	0b11000000
   011D C0                  326 		.db	0b11000000
   011E 00                  327 		.db	0b00000000
   011F C0                  328 		.db	0b11000000
   0120 40                  329 		.db	0b01000000
   0121 80                  330 		.db	0b10000000
   0122 02                  331 		.db	2
                            332 		;; character: '<' (60) 
   0123 F8                  333 		.db	0b11111000
   0124 00                  334 		.db	0b00000000
   0125 00                  335 		.db	0b00000000
   0126 08                  336 		.db	0b00001000
ASxxxx Assembler V02.00 + NoICE + SDCC mods + Flat24  (Zilog Z80 / Hitachi HD64180), page 7.



   0127 30                  337 		.db	0b00110000
   0128 C0                  338 		.db	0b11000000
   0129 30                  339 		.db	0b00110000
   012A 08                  340 		.db	0b00001000
   012B 00                  341 		.db	0b00000000
   012C 05                  342 		.db	5
                            343 		;; character: '=' (61) 
   012D FC                  344 		.db	0b11111100
   012E 00                  345 		.db	0b00000000
   012F 00                  346 		.db	0b00000000
   0130 00                  347 		.db	0b00000000
   0131 FC                  348 		.db	0b11111100
   0132 00                  349 		.db	0b00000000
   0133 FC                  350 		.db	0b11111100
   0134 00                  351 		.db	0b00000000
   0135 00                  352 		.db	0b00000000
   0136 06                  353 		.db	6
                            354 		;; character: '>' (62) 
   0137 F8                  355 		.db	0b11111000
   0138 00                  356 		.db	0b00000000
   0139 00                  357 		.db	0b00000000
   013A 80                  358 		.db	0b10000000
   013B 60                  359 		.db	0b01100000
   013C 18                  360 		.db	0b00011000
   013D 60                  361 		.db	0b01100000
   013E 80                  362 		.db	0b10000000
   013F 00                  363 		.db	0b00000000
   0140 05                  364 		.db	5
                            365 		;; character: '?' (63) 
   0141 FC                  366 		.db	0b11111100
   0142 78                  367 		.db	0b01111000
   0143 84                  368 		.db	0b10000100
   0144 04                  369 		.db	0b00000100
   0145 38                  370 		.db	0b00111000
   0146 00                  371 		.db	0b00000000
   0147 30                  372 		.db	0b00110000
   0148 30                  373 		.db	0b00110000
   0149 00                  374 		.db	0b00000000
   014A 06                  375 		.db	6
                            376 		;; character: '@' (64) 
   014B FC                  377 		.db	0b11111100
   014C 38                  378 		.db	0b00111000
   014D 44                  379 		.db	0b01000100
   014E 9C                  380 		.db	0b10011100
   014F A4                  381 		.db	0b10100100
   0150 9C                  382 		.db	0b10011100
   0151 40                  383 		.db	0b01000000
   0152 38                  384 		.db	0b00111000
   0153 00                  385 		.db	0b00000000
   0154 06                  386 		.db	6
                            387 		;; character: 'A' (65) 
   0155 FE                  388 		.db	0b11111110
   0156 30                  389 		.db	0b00110000
   0157 10                  390 		.db	0b00010000
   0158 28                  391 		.db	0b00101000
   0159 28                  392 		.db	0b00101000
ASxxxx Assembler V02.00 + NoICE + SDCC mods + Flat24  (Zilog Z80 / Hitachi HD64180), page 8.



   015A 7C                  393 		.db	0b01111100
   015B 44                  394 		.db	0b01000100
   015C EE                  395 		.db	0b11101110
   015D 00                  396 		.db	0b00000000
   015E 07                  397 		.db	7
                            398 		;; character: 'B' (66) 
   015F FC                  399 		.db	0b11111100
   0160 F8                  400 		.db	0b11111000
   0161 44                  401 		.db	0b01000100
   0162 44                  402 		.db	0b01000100
   0163 78                  403 		.db	0b01111000
   0164 44                  404 		.db	0b01000100
   0165 44                  405 		.db	0b01000100
   0166 F8                  406 		.db	0b11111000
   0167 00                  407 		.db	0b00000000
   0168 06                  408 		.db	6
                            409 		;; character: 'C' (67) 
   0169 FC                  410 		.db	0b11111100
   016A 74                  411 		.db	0b01110100
   016B 8C                  412 		.db	0b10001100
   016C 80                  413 		.db	0b10000000
   016D 80                  414 		.db	0b10000000
   016E 80                  415 		.db	0b10000000
   016F 84                  416 		.db	0b10000100
   0170 78                  417 		.db	0b01111000
   0171 00                  418 		.db	0b00000000
   0172 06                  419 		.db	6
                            420 		;; character: 'D' (68) 
   0173 FC                  421 		.db	0b11111100
   0174 F0                  422 		.db	0b11110000
   0175 48                  423 		.db	0b01001000
   0176 44                  424 		.db	0b01000100
   0177 44                  425 		.db	0b01000100
   0178 44                  426 		.db	0b01000100
   0179 48                  427 		.db	0b01001000
   017A F0                  428 		.db	0b11110000
   017B 00                  429 		.db	0b00000000
   017C 06                  430 		.db	6
                            431 		;; character: 'E' (69) 
   017D FC                  432 		.db	0b11111100
   017E FC                  433 		.db	0b11111100
   017F 44                  434 		.db	0b01000100
   0180 50                  435 		.db	0b01010000
   0181 70                  436 		.db	0b01110000
   0182 50                  437 		.db	0b01010000
   0183 44                  438 		.db	0b01000100
   0184 FC                  439 		.db	0b11111100
   0185 00                  440 		.db	0b00000000
   0186 06                  441 		.db	6
                            442 		;; character: 'F' (70) 
   0187 FC                  443 		.db	0b11111100
   0188 FC                  444 		.db	0b11111100
   0189 44                  445 		.db	0b01000100
   018A 50                  446 		.db	0b01010000
   018B 70                  447 		.db	0b01110000
   018C 50                  448 		.db	0b01010000
ASxxxx Assembler V02.00 + NoICE + SDCC mods + Flat24  (Zilog Z80 / Hitachi HD64180), page 9.



   018D 40                  449 		.db	0b01000000
   018E E0                  450 		.db	0b11100000
   018F 00                  451 		.db	0b00000000
   0190 06                  452 		.db	6
                            453 		;; character: 'G' (71) 
   0191 FC                  454 		.db	0b11111100
   0192 68                  455 		.db	0b01101000
   0193 98                  456 		.db	0b10011000
   0194 80                  457 		.db	0b10000000
   0195 9C                  458 		.db	0b10011100
   0196 88                  459 		.db	0b10001000
   0197 88                  460 		.db	0b10001000
   0198 70                  461 		.db	0b01110000
   0199 00                  462 		.db	0b00000000
   019A 06                  463 		.db	6
                            464 		;; character: 'H' (72) 
   019B FE                  465 		.db	0b11111110
   019C EE                  466 		.db	0b11101110
   019D 44                  467 		.db	0b01000100
   019E 44                  468 		.db	0b01000100
   019F 7C                  469 		.db	0b01111100
   01A0 44                  470 		.db	0b01000100
   01A1 44                  471 		.db	0b01000100
   01A2 EE                  472 		.db	0b11101110
   01A3 00                  473 		.db	0b00000000
   01A4 07                  474 		.db	7
                            475 		;; character: 'I' (73) 
   01A5 F8                  476 		.db	0b11111000
   01A6 F8                  477 		.db	0b11111000
   01A7 20                  478 		.db	0b00100000
   01A8 20                  479 		.db	0b00100000
   01A9 20                  480 		.db	0b00100000
   01AA 20                  481 		.db	0b00100000
   01AB 20                  482 		.db	0b00100000
   01AC F8                  483 		.db	0b11111000
   01AD 00                  484 		.db	0b00000000
   01AE 05                  485 		.db	5
                            486 		;; character: 'J' (74) 
   01AF FC                  487 		.db	0b11111100
   01B0 1C                  488 		.db	0b00011100
   01B1 08                  489 		.db	0b00001000
   01B2 08                  490 		.db	0b00001000
   01B3 08                  491 		.db	0b00001000
   01B4 88                  492 		.db	0b10001000
   01B5 88                  493 		.db	0b10001000
   01B6 70                  494 		.db	0b01110000
   01B7 00                  495 		.db	0b00000000
   01B8 06                  496 		.db	6
                            497 		;; character: 'K' (75) 
   01B9 FE                  498 		.db	0b11111110
   01BA EE                  499 		.db	0b11101110
   01BB 44                  500 		.db	0b01000100
   01BC 48                  501 		.db	0b01001000
   01BD 70                  502 		.db	0b01110000
   01BE 48                  503 		.db	0b01001000
   01BF 44                  504 		.db	0b01000100
ASxxxx Assembler V02.00 + NoICE + SDCC mods + Flat24  (Zilog Z80 / Hitachi HD64180), page 10.



   01C0 EE                  505 		.db	0b11101110
   01C1 00                  506 		.db	0b00000000
   01C2 07                  507 		.db	7
                            508 		;; character: 'L' (76) 
   01C3 FC                  509 		.db	0b11111100
   01C4 E0                  510 		.db	0b11100000
   01C5 40                  511 		.db	0b01000000
   01C6 40                  512 		.db	0b01000000
   01C7 40                  513 		.db	0b01000000
   01C8 40                  514 		.db	0b01000000
   01C9 44                  515 		.db	0b01000100
   01CA FC                  516 		.db	0b11111100
   01CB 00                  517 		.db	0b00000000
   01CC 06                  518 		.db	6
                            519 		;; character: 'M' (77) 
   01CD FE                  520 		.db	0b11111110
   01CE C6                  521 		.db	0b11000110
   01CF 6C                  522 		.db	0b01101100
   01D0 54                  523 		.db	0b01010100
   01D1 54                  524 		.db	0b01010100
   01D2 44                  525 		.db	0b01000100
   01D3 44                  526 		.db	0b01000100
   01D4 EE                  527 		.db	0b11101110
   01D5 00                  528 		.db	0b00000000
   01D6 07                  529 		.db	7
                            530 		;; character: 'N' (78) 
   01D7 FE                  531 		.db	0b11111110
   01D8 CE                  532 		.db	0b11001110
   01D9 44                  533 		.db	0b01000100
   01DA 64                  534 		.db	0b01100100
   01DB 54                  535 		.db	0b01010100
   01DC 4C                  536 		.db	0b01001100
   01DD 44                  537 		.db	0b01000100
   01DE E6                  538 		.db	0b11100110
   01DF 00                  539 		.db	0b00000000
   01E0 07                  540 		.db	7
                            541 		;; character: 'O' (79) 
   01E1 FC                  542 		.db	0b11111100
   01E2 78                  543 		.db	0b01111000
   01E3 84                  544 		.db	0b10000100
   01E4 84                  545 		.db	0b10000100
   01E5 84                  546 		.db	0b10000100
   01E6 84                  547 		.db	0b10000100
   01E7 84                  548 		.db	0b10000100
   01E8 78                  549 		.db	0b01111000
   01E9 00                  550 		.db	0b00000000
   01EA 06                  551 		.db	6
                            552 		;; character: 'P' (80) 
   01EB FC                  553 		.db	0b11111100
   01EC F8                  554 		.db	0b11111000
   01ED 44                  555 		.db	0b01000100
   01EE 44                  556 		.db	0b01000100
   01EF 78                  557 		.db	0b01111000
   01F0 40                  558 		.db	0b01000000
   01F1 40                  559 		.db	0b01000000
   01F2 E0                  560 		.db	0b11100000
ASxxxx Assembler V02.00 + NoICE + SDCC mods + Flat24  (Zilog Z80 / Hitachi HD64180), page 11.



   01F3 00                  561 		.db	0b00000000
   01F4 06                  562 		.db	6
                            563 		;; character: 'Q' (81) 
   01F5 FC                  564 		.db	0b11111100
   01F6 78                  565 		.db	0b01111000
   01F7 84                  566 		.db	0b10000100
   01F8 84                  567 		.db	0b10000100
   01F9 84                  568 		.db	0b10000100
   01FA B4                  569 		.db	0b10110100
   01FB 88                  570 		.db	0b10001000
   01FC 74                  571 		.db	0b01110100
   01FD 00                  572 		.db	0b00000000
   01FE 06                  573 		.db	6
                            574 		;; character: 'R' (82) 
   01FF FC                  575 		.db	0b11111100
   0200 F8                  576 		.db	0b11111000
   0201 44                  577 		.db	0b01000100
   0202 44                  578 		.db	0b01000100
   0203 78                  579 		.db	0b01111000
   0204 50                  580 		.db	0b01010000
   0205 48                  581 		.db	0b01001000
   0206 EC                  582 		.db	0b11101100
   0207 00                  583 		.db	0b00000000
   0208 06                  584 		.db	6
                            585 		;; character: 'S' (83) 
   0209 FC                  586 		.db	0b11111100
   020A 74                  587 		.db	0b01110100
   020B 8C                  588 		.db	0b10001100
   020C 44                  589 		.db	0b01000100
   020D 30                  590 		.db	0b00110000
   020E 88                  591 		.db	0b10001000
   020F C4                  592 		.db	0b11000100
   0210 B8                  593 		.db	0b10111000
   0211 00                  594 		.db	0b00000000
   0212 06                  595 		.db	6
                            596 		;; character: 'T' (84) 
   0213 FE                  597 		.db	0b11111110
   0214 FE                  598 		.db	0b11111110
   0215 92                  599 		.db	0b10010010
   0216 10                  600 		.db	0b00010000
   0217 10                  601 		.db	0b00010000
   0218 10                  602 		.db	0b00010000
   0219 10                  603 		.db	0b00010000
   021A 38                  604 		.db	0b00111000
   021B 00                  605 		.db	0b00000000
   021C 07                  606 		.db	7
                            607 		;; character: 'U' (85) 
   021D FE                  608 		.db	0b11111110
   021E EE                  609 		.db	0b11101110
   021F 44                  610 		.db	0b01000100
   0220 44                  611 		.db	0b01000100
   0221 44                  612 		.db	0b01000100
   0222 44                  613 		.db	0b01000100
   0223 44                  614 		.db	0b01000100
   0224 38                  615 		.db	0b00111000
   0225 00                  616 		.db	0b00000000
ASxxxx Assembler V02.00 + NoICE + SDCC mods + Flat24  (Zilog Z80 / Hitachi HD64180), page 12.



   0226 07                  617 		.db	7
                            618 		;; character: 'V' (86) 
   0227 FE                  619 		.db	0b11111110
   0228 EE                  620 		.db	0b11101110
   0229 44                  621 		.db	0b01000100
   022A 44                  622 		.db	0b01000100
   022B 28                  623 		.db	0b00101000
   022C 28                  624 		.db	0b00101000
   022D 10                  625 		.db	0b00010000
   022E 10                  626 		.db	0b00010000
   022F 00                  627 		.db	0b00000000
   0230 07                  628 		.db	7
                            629 		;; character: 'W' (87) 
   0231 FE                  630 		.db	0b11111110
   0232 EE                  631 		.db	0b11101110
   0233 44                  632 		.db	0b01000100
   0234 44                  633 		.db	0b01000100
   0235 54                  634 		.db	0b01010100
   0236 54                  635 		.db	0b01010100
   0237 28                  636 		.db	0b00101000
   0238 28                  637 		.db	0b00101000
   0239 00                  638 		.db	0b00000000
   023A 07                  639 		.db	7
                            640 		;; character: 'X' (88) 
   023B FE                  641 		.db	0b11111110
   023C C6                  642 		.db	0b11000110
   023D 44                  643 		.db	0b01000100
   023E 28                  644 		.db	0b00101000
   023F 10                  645 		.db	0b00010000
   0240 28                  646 		.db	0b00101000
   0241 44                  647 		.db	0b01000100
   0242 C6                  648 		.db	0b11000110
   0243 00                  649 		.db	0b00000000
   0244 07                  650 		.db	7
                            651 		;; character: 'Y' (89) 
   0245 FE                  652 		.db	0b11111110
   0246 EE                  653 		.db	0b11101110
   0247 44                  654 		.db	0b01000100
   0248 28                  655 		.db	0b00101000
   0249 28                  656 		.db	0b00101000
   024A 10                  657 		.db	0b00010000
   024B 10                  658 		.db	0b00010000
   024C 38                  659 		.db	0b00111000
   024D 00                  660 		.db	0b00000000
   024E 07                  661 		.db	7
                            662 		;; character: 'Z' (90) 
   024F FE                  663 		.db	0b11111110
   0250 FE                  664 		.db	0b11111110
   0251 84                  665 		.db	0b10000100
   0252 08                  666 		.db	0b00001000
   0253 10                  667 		.db	0b00010000
   0254 20                  668 		.db	0b00100000
   0255 42                  669 		.db	0b01000010
   0256 FE                  670 		.db	0b11111110
   0257 00                  671 		.db	0b00000000
   0258 07                  672 		.db	7
ASxxxx Assembler V02.00 + NoICE + SDCC mods + Flat24  (Zilog Z80 / Hitachi HD64180), page 13.



                            673 		;; character: '[' (91) 
   0259 E0                  674 		.db	0b11100000
   025A E0                  675 		.db	0b11100000
   025B 80                  676 		.db	0b10000000
   025C 80                  677 		.db	0b10000000
   025D 80                  678 		.db	0b10000000
   025E 80                  679 		.db	0b10000000
   025F 80                  680 		.db	0b10000000
   0260 E0                  681 		.db	0b11100000
   0261 00                  682 		.db	0b00000000
   0262 03                  683 		.db	3
                            684 		;; character: '\' (92) 
   0263 FC                  685 		.db	0b11111100
   0264 00                  686 		.db	0b00000000
   0265 80                  687 		.db	0b10000000
   0266 40                  688 		.db	0b01000000
   0267 20                  689 		.db	0b00100000
   0268 10                  690 		.db	0b00010000
   0269 08                  691 		.db	0b00001000
   026A 04                  692 		.db	0b00000100
   026B 00                  693 		.db	0b00000000
   026C 06                  694 		.db	6
                            695 		;; character: ']' (93) 
   026D E0                  696 		.db	0b11100000
   026E E0                  697 		.db	0b11100000
   026F 20                  698 		.db	0b00100000
   0270 20                  699 		.db	0b00100000
   0271 20                  700 		.db	0b00100000
   0272 20                  701 		.db	0b00100000
   0273 20                  702 		.db	0b00100000
   0274 E0                  703 		.db	0b11100000
   0275 00                  704 		.db	0b00000000
   0276 03                  705 		.db	3
                            706 		;; character: '^' (94) 
   0277 FE                  707 		.db	0b11111110
   0278 10                  708 		.db	0b00010000
   0279 38                  709 		.db	0b00111000
   027A 54                  710 		.db	0b01010100
   027B 92                  711 		.db	0b10010010
   027C 10                  712 		.db	0b00010000
   027D 10                  713 		.db	0b00010000
   027E 38                  714 		.db	0b00111000
   027F 00                  715 		.db	0b00000000
   0280 07                  716 		.db	7
                            717 		;; character: '_' (95) 
   0281 FF                  718 		.db	0b11111111
   0282 00                  719 		.db	0b00000000
   0283 00                  720 		.db	0b00000000
   0284 00                  721 		.db	0b00000000
   0285 00                  722 		.db	0b00000000
   0286 00                  723 		.db	0b00000000
   0287 00                  724 		.db	0b00000000
   0288 00                  725 		.db	0b00000000
   0289 FF                  726 		.db	0b11111111
   028A 08                  727 		.db	8
                            728 		;; character: '`' (96) 
ASxxxx Assembler V02.00 + NoICE + SDCC mods + Flat24  (Zilog Z80 / Hitachi HD64180), page 14.



   028B FC                  729 		.db	0b11111100
   028C 38                  730 		.db	0b00111000
   028D 44                  731 		.db	0b01000100
   028E 40                  732 		.db	0b01000000
   028F F0                  733 		.db	0b11110000
   0290 40                  734 		.db	0b01000000
   0291 44                  735 		.db	0b01000100
   0292 FC                  736 		.db	0b11111100
   0293 00                  737 		.db	0b00000000
   0294 06                  738 		.db	6
                            739 		;; character: 'a' (97) 
   0295 FC                  740 		.db	0b11111100
   0296 00                  741 		.db	0b00000000
   0297 00                  742 		.db	0b00000000
   0298 70                  743 		.db	0b01110000
   0299 08                  744 		.db	0b00001000
   029A 78                  745 		.db	0b01111000
   029B 88                  746 		.db	0b10001000
   029C 7C                  747 		.db	0b01111100
   029D 00                  748 		.db	0b00000000
   029E 06                  749 		.db	6
                            750 		;; character: 'b' (98) 
   029F FC                  751 		.db	0b11111100
   02A0 C0                  752 		.db	0b11000000
   02A1 40                  753 		.db	0b01000000
   02A2 58                  754 		.db	0b01011000
   02A3 64                  755 		.db	0b01100100
   02A4 44                  756 		.db	0b01000100
   02A5 44                  757 		.db	0b01000100
   02A6 F8                  758 		.db	0b11111000
   02A7 00                  759 		.db	0b00000000
   02A8 06                  760 		.db	6
                            761 		;; character: 'c' (99) 
   02A9 F8                  762 		.db	0b11111000
   02AA 00                  763 		.db	0b00000000
   02AB 00                  764 		.db	0b00000000
   02AC 68                  765 		.db	0b01101000
   02AD 98                  766 		.db	0b10011000
   02AE 80                  767 		.db	0b10000000
   02AF 80                  768 		.db	0b10000000
   02B0 78                  769 		.db	0b01111000
   02B1 00                  770 		.db	0b00000000
   02B2 05                  771 		.db	5
                            772 		;; character: 'd' (100) 
   02B3 FC                  773 		.db	0b11111100
   02B4 18                  774 		.db	0b00011000
   02B5 08                  775 		.db	0b00001000
   02B6 68                  776 		.db	0b01101000
   02B7 98                  777 		.db	0b10011000
   02B8 88                  778 		.db	0b10001000
   02B9 88                  779 		.db	0b10001000
   02BA 7C                  780 		.db	0b01111100
   02BB 00                  781 		.db	0b00000000
   02BC 06                  782 		.db	6
                            783 		;; character: 'e' (101) 
   02BD F8                  784 		.db	0b11111000
ASxxxx Assembler V02.00 + NoICE + SDCC mods + Flat24  (Zilog Z80 / Hitachi HD64180), page 15.



   02BE 00                  785 		.db	0b00000000
   02BF 00                  786 		.db	0b00000000
   02C0 70                  787 		.db	0b01110000
   02C1 88                  788 		.db	0b10001000
   02C2 F0                  789 		.db	0b11110000
   02C3 80                  790 		.db	0b10000000
   02C4 78                  791 		.db	0b01111000
   02C5 00                  792 		.db	0b00000000
   02C6 05                  793 		.db	5
                            794 		;; character: 'f' (102) 
   02C7 F8                  795 		.db	0b11111000
   02C8 38                  796 		.db	0b00111000
   02C9 40                  797 		.db	0b01000000
   02CA F0                  798 		.db	0b11110000
   02CB 40                  799 		.db	0b01000000
   02CC 40                  800 		.db	0b01000000
   02CD 40                  801 		.db	0b01000000
   02CE E0                  802 		.db	0b11100000
   02CF 00                  803 		.db	0b00000000
   02D0 05                  804 		.db	5
                            805 		;; character: 'g' (103) 
   02D1 FC                  806 		.db	0b11111100
   02D2 00                  807 		.db	0b00000000
   02D3 00                  808 		.db	0b00000000
   02D4 6C                  809 		.db	0b01101100
   02D5 98                  810 		.db	0b10011000
   02D6 88                  811 		.db	0b10001000
   02D7 78                  812 		.db	0b01111000
   02D8 88                  813 		.db	0b10001000
   02D9 70                  814 		.db	0b01110000
   02DA 06                  815 		.db	6
                            816 		;; character: 'h' (104) 
   02DB FE                  817 		.db	0b11111110
   02DC C0                  818 		.db	0b11000000
   02DD 40                  819 		.db	0b01000000
   02DE 58                  820 		.db	0b01011000
   02DF 64                  821 		.db	0b01100100
   02E0 44                  822 		.db	0b01000100
   02E1 44                  823 		.db	0b01000100
   02E2 EE                  824 		.db	0b11101110
   02E3 00                  825 		.db	0b00000000
   02E4 07                  826 		.db	7
                            827 		;; character: 'i' (105) 
   02E5 E0                  828 		.db	0b11100000
   02E6 40                  829 		.db	0b01000000
   02E7 00                  830 		.db	0b00000000
   02E8 C0                  831 		.db	0b11000000
   02E9 40                  832 		.db	0b01000000
   02EA 40                  833 		.db	0b01000000
   02EB 40                  834 		.db	0b01000000
   02EC E0                  835 		.db	0b11100000
   02ED 00                  836 		.db	0b00000000
   02EE 03                  837 		.db	3
                            838 		;; character: 'j' (106) 
   02EF F8                  839 		.db	0b11111000
   02F0 08                  840 		.db	0b00001000
ASxxxx Assembler V02.00 + NoICE + SDCC mods + Flat24  (Zilog Z80 / Hitachi HD64180), page 16.



   02F1 00                  841 		.db	0b00000000
   02F2 18                  842 		.db	0b00011000
   02F3 08                  843 		.db	0b00001000
   02F4 08                  844 		.db	0b00001000
   02F5 08                  845 		.db	0b00001000
   02F6 88                  846 		.db	0b10001000
   02F7 70                  847 		.db	0b01110000
   02F8 05                  848 		.db	5
                            849 		;; character: 'k' (107) 
   02F9 FC                  850 		.db	0b11111100
   02FA C0                  851 		.db	0b11000000
   02FB 40                  852 		.db	0b01000000
   02FC 5C                  853 		.db	0b01011100
   02FD 48                  854 		.db	0b01001000
   02FE 70                  855 		.db	0b01110000
   02FF 48                  856 		.db	0b01001000
   0300 DC                  857 		.db	0b11011100
   0301 00                  858 		.db	0b00000000
   0302 06                  859 		.db	6
                            860 		;; character: 'l' (108) 
   0303 E0                  861 		.db	0b11100000
   0304 C0                  862 		.db	0b11000000
   0305 40                  863 		.db	0b01000000
   0306 40                  864 		.db	0b01000000
   0307 40                  865 		.db	0b01000000
   0308 40                  866 		.db	0b01000000
   0309 40                  867 		.db	0b01000000
   030A E0                  868 		.db	0b11100000
   030B 00                  869 		.db	0b00000000
   030C 03                  870 		.db	3
                            871 		;; character: 'm' (109) 
   030D FE                  872 		.db	0b11111110
   030E 00                  873 		.db	0b00000000
   030F 00                  874 		.db	0b00000000
   0310 E8                  875 		.db	0b11101000
   0311 54                  876 		.db	0b01010100
   0312 54                  877 		.db	0b01010100
   0313 54                  878 		.db	0b01010100
   0314 C6                  879 		.db	0b11000110
   0315 00                  880 		.db	0b00000000
   0316 07                  881 		.db	7
                            882 		;; character: 'n' (110) 
   0317 FE                  883 		.db	0b11111110
   0318 00                  884 		.db	0b00000000
   0319 00                  885 		.db	0b00000000
   031A D8                  886 		.db	0b11011000
   031B 64                  887 		.db	0b01100100
   031C 44                  888 		.db	0b01000100
   031D 44                  889 		.db	0b01000100
   031E EE                  890 		.db	0b11101110
   031F 00                  891 		.db	0b00000000
   0320 07                  892 		.db	7
                            893 		;; character: 'o' (111) 
   0321 F8                  894 		.db	0b11111000
   0322 00                  895 		.db	0b00000000
   0323 00                  896 		.db	0b00000000
ASxxxx Assembler V02.00 + NoICE + SDCC mods + Flat24  (Zilog Z80 / Hitachi HD64180), page 17.



   0324 70                  897 		.db	0b01110000
   0325 88                  898 		.db	0b10001000
   0326 88                  899 		.db	0b10001000
   0327 88                  900 		.db	0b10001000
   0328 70                  901 		.db	0b01110000
   0329 00                  902 		.db	0b00000000
   032A 05                  903 		.db	5
                            904 		;; character: 'p' (112) 
   032B FC                  905 		.db	0b11111100
   032C 00                  906 		.db	0b00000000
   032D 00                  907 		.db	0b00000000
   032E D8                  908 		.db	0b11011000
   032F 64                  909 		.db	0b01100100
   0330 44                  910 		.db	0b01000100
   0331 78                  911 		.db	0b01111000
   0332 40                  912 		.db	0b01000000
   0333 E0                  913 		.db	0b11100000
   0334 06                  914 		.db	6
                            915 		;; character: 'q' (113) 
   0335 FC                  916 		.db	0b11111100
   0336 00                  917 		.db	0b00000000
   0337 00                  918 		.db	0b00000000
   0338 6C                  919 		.db	0b01101100
   0339 98                  920 		.db	0b10011000
   033A 88                  921 		.db	0b10001000
   033B 78                  922 		.db	0b01111000
   033C 08                  923 		.db	0b00001000
   033D 1C                  924 		.db	0b00011100
   033E 06                  925 		.db	6
                            926 		;; character: 'r' (114) 
   033F FC                  927 		.db	0b11111100
   0340 00                  928 		.db	0b00000000
   0341 00                  929 		.db	0b00000000
   0342 DC                  930 		.db	0b11011100
   0343 64                  931 		.db	0b01100100
   0344 40                  932 		.db	0b01000000
   0345 40                  933 		.db	0b01000000
   0346 E0                  934 		.db	0b11100000
   0347 00                  935 		.db	0b00000000
   0348 06                  936 		.db	6
                            937 		;; character: 's' (115) 
   0349 F8                  938 		.db	0b11111000
   034A 00                  939 		.db	0b00000000
   034B 00                  940 		.db	0b00000000
   034C 78                  941 		.db	0b01111000
   034D 80                  942 		.db	0b10000000
   034E 70                  943 		.db	0b01110000
   034F 08                  944 		.db	0b00001000
   0350 F0                  945 		.db	0b11110000
   0351 00                  946 		.db	0b00000000
   0352 05                  947 		.db	5
                            948 		;; character: 't' (116) 
   0353 F8                  949 		.db	0b11111000
   0354 00                  950 		.db	0b00000000
   0355 40                  951 		.db	0b01000000
   0356 F0                  952 		.db	0b11110000
ASxxxx Assembler V02.00 + NoICE + SDCC mods + Flat24  (Zilog Z80 / Hitachi HD64180), page 18.



   0357 40                  953 		.db	0b01000000
   0358 40                  954 		.db	0b01000000
   0359 48                  955 		.db	0b01001000
   035A 30                  956 		.db	0b00110000
   035B 00                  957 		.db	0b00000000
   035C 05                  958 		.db	5
                            959 		;; character: 'u' (117) 
   035D FE                  960 		.db	0b11111110
   035E 00                  961 		.db	0b00000000
   035F 00                  962 		.db	0b00000000
   0360 CE                  963 		.db	0b11001110
   0361 44                  964 		.db	0b01000100
   0362 44                  965 		.db	0b01000100
   0363 4C                  966 		.db	0b01001100
   0364 36                  967 		.db	0b00110110
   0365 00                  968 		.db	0b00000000
   0366 07                  969 		.db	7
                            970 		;; character: 'v' (118) 
   0367 FE                  971 		.db	0b11111110
   0368 00                  972 		.db	0b00000000
   0369 00                  973 		.db	0b00000000
   036A EE                  974 		.db	0b11101110
   036B 44                  975 		.db	0b01000100
   036C 28                  976 		.db	0b00101000
   036D 28                  977 		.db	0b00101000
   036E 10                  978 		.db	0b00010000
   036F 00                  979 		.db	0b00000000
   0370 07                  980 		.db	7
                            981 		;; character: 'w' (119) 
   0371 FE                  982 		.db	0b11111110
   0372 00                  983 		.db	0b00000000
   0373 00                  984 		.db	0b00000000
   0374 EE                  985 		.db	0b11101110
   0375 44                  986 		.db	0b01000100
   0376 54                  987 		.db	0b01010100
   0377 28                  988 		.db	0b00101000
   0378 28                  989 		.db	0b00101000
   0379 00                  990 		.db	0b00000000
   037A 07                  991 		.db	7
                            992 		;; character: 'x' (120) 
   037B FC                  993 		.db	0b11111100
   037C 00                  994 		.db	0b00000000
   037D 00                  995 		.db	0b00000000
   037E CC                  996 		.db	0b11001100
   037F 48                  997 		.db	0b01001000
   0380 30                  998 		.db	0b00110000
   0381 48                  999 		.db	0b01001000
   0382 CC                 1000 		.db	0b11001100
   0383 00                 1001 		.db	0b00000000
   0384 06                 1002 		.db	6
                           1003 		;; character: 'y' (121) 
   0385 FE                 1004 		.db	0b11111110
   0386 00                 1005 		.db	0b00000000
   0387 00                 1006 		.db	0b00000000
   0388 EE                 1007 		.db	0b11101110
   0389 44                 1008 		.db	0b01000100
ASxxxx Assembler V02.00 + NoICE + SDCC mods + Flat24  (Zilog Z80 / Hitachi HD64180), page 19.



   038A 28                 1009 		.db	0b00101000
   038B 10                 1010 		.db	0b00010000
   038C 90                 1011 		.db	0b10010000
   038D E0                 1012 		.db	0b11100000
   038E 07                 1013 		.db	7
                           1014 		;; character: 'z' (122) 
   038F F8                 1015 		.db	0b11111000
   0390 00                 1016 		.db	0b00000000
   0391 00                 1017 		.db	0b00000000
   0392 F8                 1018 		.db	0b11111000
   0393 90                 1019 		.db	0b10010000
   0394 20                 1020 		.db	0b00100000
   0395 48                 1021 		.db	0b01001000
   0396 F8                 1022 		.db	0b11111000
   0397 00                 1023 		.db	0b00000000
   0398 05                 1024 		.db	5
                           1025 		;; character: '{' (123) 
   0399 F8                 1026 		.db	0b11111000
   039A 18                 1027 		.db	0b00011000
   039B 20                 1028 		.db	0b00100000
   039C 20                 1029 		.db	0b00100000
   039D C0                 1030 		.db	0b11000000
   039E 20                 1031 		.db	0b00100000
   039F 20                 1032 		.db	0b00100000
   03A0 18                 1033 		.db	0b00011000
   03A1 00                 1034 		.db	0b00000000
   03A2 05                 1035 		.db	5
                           1036 		;; character: '|' (124) 
   03A3 80                 1037 		.db	0b10000000
   03A4 80                 1038 		.db	0b10000000
   03A5 80                 1039 		.db	0b10000000
   03A6 80                 1040 		.db	0b10000000
   03A7 80                 1041 		.db	0b10000000
   03A8 80                 1042 		.db	0b10000000
   03A9 80                 1043 		.db	0b10000000
   03AA 80                 1044 		.db	0b10000000
   03AB 00                 1045 		.db	0b00000000
   03AC 01                 1046 		.db	1
                           1047 		;; character: '}' (125) 
   03AD F8                 1048 		.db	0b11111000
   03AE C0                 1049 		.db	0b11000000
   03AF 20                 1050 		.db	0b00100000
   03B0 20                 1051 		.db	0b00100000
   03B1 18                 1052 		.db	0b00011000
   03B2 20                 1053 		.db	0b00100000
   03B3 20                 1054 		.db	0b00100000
   03B4 C0                 1055 		.db	0b11000000
   03B5 00                 1056 		.db	0b00000000
   03B6 05                 1057 		.db	5
                           1058 		;; character: '~' (126) 
   03B7 FC                 1059 		.db	0b11111100
   03B8 00                 1060 		.db	0b00000000
   03B9 64                 1061 		.db	0b01100100
   03BA 98                 1062 		.db	0b10011000
   03BB 00                 1063 		.db	0b00000000
   03BC 00                 1064 		.db	0b00000000
ASxxxx Assembler V02.00 + NoICE + SDCC mods + Flat24  (Zilog Z80 / Hitachi HD64180), page 20.



   03BD 00                 1065 		.db	0b00000000
   03BE 00                 1066 		.db	0b00000000
   03BF 00                 1067 		.db	0b00000000
   03C0 06                 1068 		.db	6
                           1069 		;; character: '(c)' (127) 
   03C1 FF                 1070 		.db	0b11111111
   03C2 3C                 1071 		.db	0b00111100
   03C3 42                 1072 		.db	0b01000010
   03C4 9D                 1073 		.db	0b10011101
   03C5 A5                 1074 		.db	0b10100101
   03C6 A1                 1075 		.db	0b10100001
   03C7 9D                 1076 		.db	0b10011101
   03C8 42                 1077 		.db	0b01000010
   03C9 3C                 1078 		.db	0b00111100
   03CA 08                 1079 		.db	8
                           1080 		;; character: 'yeah' (128) 
   03CB FF                 1081 		.db	0b11111111
   03CC 00                 1082 		.db	0b00000000
   03CD 00                 1083 		.db	0b00000000
   03CE 00                 1084 		.db	0b00000000
   03CF 00                 1085 		.db	0b00000000
   03D0 00                 1086 		.db	0b00000000
   03D1 00                 1087 		.db	0b00000000
   03D2 00                 1088 		.db	0b00000000
   03D3 00                 1089 		.db	0b00000000
   03D4 08                 1090 		.db	8
                           1091 
                           1092 		;; T-T-T-That's all folks! 
